reward: 0.6367, Epoch: 107, params: 2079169, epoch_time: 21.3452, genotype: [[2, [1, 0, 10, 8], [2, 3, 1, 8], [2, 1, 2, 2]], [[3, 1], [2, 4], [5, 5]]]
reward: 0.7503, Epoch: 108, params: 2169889, epoch_time: 61.9572, genotype: [[9, [1, 0, 4, 3], [0, 1, 5, 5], [3, 7, 3, 9]], [[2, 0], [4, 2], [4, 0]]]
reward: 0.7236, Epoch: 109, params: 2196673, epoch_time: 50.6352, genotype: [[7, [1, 0, 6, 4], [0, 0, 7, 3], [0, 2, 6, 4]], [[2, 0], [3, 1], [4, 2]]]
reward: 0.6794, Epoch: 110, params: 2258881, epoch_time: 25.0323, genotype: [[8, [1, 0, 6, 9], [0, 2, 5, 9], [4, 5, 6, 9]], [[1, 2], [3, 3], [4, 1]]]
reward: 0.7305, Epoch: 111, params: 2083489, epoch_time: 37.7257, genotype: [[3, [1, 0, 8, 3], [0, 3, 7, 5], [7, 5, 9, 4]], [[1, 0], [4, 2], [2, 2]]]
reward: 0.7340, Epoch: 112, params: 2175073, epoch_time: 29.5814, genotype: [[2, [0, 1, 6, 10], [1, 1, 2, 5], [3, 0, 4, 0]], [[2, 0], [1, 4], [4, 4]]]
reward: 0.7293, Epoch: 113, params: 2314465, epoch_time: 31.1226, genotype: [[2, [1, 1, 5, 2], [1, 4, 8, 8], [6, 1, 1, 6]], [[3, 2], [2, 2], [0, 4]]]
reward: 0.0007, Epoch: 114, params: 1959073, epoch_time: 2.6748, genotype: [[0, [1, 0, 7, 7], [4, 2, 0, 2], [1, 4, 7, 9]], [[1, 0], [0, 2], [4, 1]]]
reward: 0.7101, Epoch: 115, params: 2172481, epoch_time: 24.3193, genotype: [[10, [1, 0, 3, 7], [4, 0, 9, 3], [2, 1, 5, 5]], [[0, 1], [0, 4], [1, 3]]]
reward: 0.1444, Epoch: 116, params: 2085793, epoch_time: 27.7913, genotype: [[4, [1, 1, 2, 8], [3, 3, 3, 9], [1, 5, 6, 8]], [[2, 2], [2, 3], [3, 0]]]
reward: 0.7263, Epoch: 117, params: 2037697, epoch_time: 32.6984, genotype: [[9, [1, 0, 10, 5], [3, 1, 4, 4], [0, 6, 9, 8]], [[2, 0], [1, 2], [2, 5]]]
reward: 0.7346, Epoch: 118, params: 2167873, epoch_time: 29.3267, genotype: [[9, [0, 1, 5, 2], [0, 4, 2, 3], [7, 1, 10, 6]], [[2, 2], [3, 2], [0, 5]]]
reward: 0.7434, Epoch: 119, params: 2295169, epoch_time: 26.1881, genotype: [[5, [1, 0, 7, 5], [2, 0, 2, 3], [2, 0, 9, 6]], [[1, 0], [2, 2], [1, 0]]]
reward: 0.6665, Epoch: 120, params: 2511169, epoch_time: 26.1453, genotype: [[6, [0, 1, 6, 5], [2, 4, 9, 5], [5, 3, 3, 6]], [[3, 2], [2, 1], [3, 2]]]
reward: 0.7456, Epoch: 121, params: 1929409, epoch_time: 22.1440, genotype: [[10, [0, 1, 3, 10], [0, 3, 0, 0], [6, 7, 4, 9]], [[2, 0], [3, 2], [3, 1]]]
reward: 0.7341, Epoch: 122, params: 2080897, epoch_time: 29.2200, genotype: [[3, [0, 1, 3, 0], [0, 3, 9, 4], [5, 4, 6, 8]], [[2, 2], [2, 1], [0, 4]]]
reward: 0.6291, Epoch: 123, params: 2073985, epoch_time: 21.6914, genotype: [[4, [1, 1, 10, 0], [3, 3, 7, 2], [2, 0, 5, 8]], [[3, 3], [2, 3], [1, 1]]]
reward: 0.6636, Epoch: 124, params: 2165281, epoch_time: 19.0904, genotype: [[9, [0, 1, 3, 0], [4, 4, 7, 1], [7, 4, 9, 6]], [[2, 2], [2, 2], [5, 1]]]
reward: 0.0000, Epoch: 125, params: 2415553, epoch_time: 25.1746, genotype: [[7, [0, 0, 5, 8], [0, 2, 6, 7], [3, 5, 1, 6]], [[2, 1], [2, 0], [5, 4]]]
reward: 0.5143, Epoch: 126, params: 2189473, epoch_time: 20.7963, genotype: [[5, [0, 1, 7, 4], [0, 2, 1, 7], [6, 0, 0, 4]], [[3, 2], [4, 2], [2, 4]]]
reward: 0.7514, Epoch: 127, params: 2076577, epoch_time: 36.8515, genotype: [[2, [0, 1, 5, 7], [3, 1, 3, 10], [2, 5, 4, 8]], [[1, 0], [2, 2], [5, 4]]]
reward: 0.0020, Epoch: 128, params: 2508865, epoch_time: 4.2308, genotype: [[5, [1, 1, 6, 1], [1, 4, 5, 5], [3, 1, 9, 3]], [[0, 0], [4, 2], [0, 3]]]
reward: 0.7500, Epoch: 129, params: 2018689, epoch_time: 25.0029, genotype: [[9, [0, 0, 6, 7], [0, 3, 9, 9], [1, 7, 4, 9]], [[0, 2], [2, 3], [5, 2]]]
reward: 0.7340, Epoch: 130, params: 2035393, epoch_time: 24.9090, genotype: [[9, [1, 0, 10, 2], [3, 4, 5, 4], [5, 5, 0, 10]], [[3, 3], [3, 3], [2, 0]]]
reward: 0.0656, Epoch: 131, params: 2292577, epoch_time: 3.7879, genotype: [[0, [1, 1, 9, 8], [1, 2, 5, 2], [3, 2, 5, 5]], [[1, 3], [0, 0], [0, 1]]]
reward: 0.7383, Epoch: 132, params: 1961665, epoch_time: 13.2315, genotype: [[4, [1, 0, 10, 7], [0, 1, 7, 7], [0, 5, 7, 7]], [[1, 3], [1, 2], [0, 5]]]
reward: 0.6840, Epoch: 133, params: 2083489, epoch_time: 22.5337, genotype: [[0, [0, 1, 2, 8], [1, 1, 6, 9], [1, 1, 3, 3]], [[3, 1], [1, 1], [4, 3]]]
reward: 0.0016, Epoch: 134, params: 1987297, epoch_time: 2.7642, genotype: [[8, [1, 0, 7, 8], [1, 1, 8, 8], [3, 0, 9, 8]], [[0, 3], [0, 2], [5, 1]]]
reward: 0.4894, Epoch: 135, params: 2309569, epoch_time: 19.3406, genotype: [[5, [1, 1, 2, 3], [4, 2, 0, 6], [0, 5, 3, 1]], [[2, 2], [4, 3], [3, 5]]]
reward: 0.5176, Epoch: 136, params: 2052097, epoch_time: 16.8379, genotype: [[3, [1, 1, 3, 9], [2, 1, 10, 9], [3, 6, 3, 1]], [[2, 2], [2, 2], [4, 3]]]
reward: 0.7429, Epoch: 137, params: 2398273, epoch_time: 29.7518, genotype: [[9, [1, 1, 6, 5], [3, 1, 4, 8], [0, 6, 1, 5]], [[0, 0], [3, 2], [2, 4]]]
reward: 0.0000, Epoch: 138, params: 2016385, epoch_time: 15.4005, genotype: [[10, [1, 0, 9, 10], [4, 4, 2, 6], [0, 6, 0, 9]], [[0, 1], [4, 3], [3, 5]]]
reward: 0.6832, Epoch: 139, params: 2057569, epoch_time: 19.1362, genotype: [[10, [0, 1, 2, 10], [2, 4, 5, 2], [2, 0, 8, 2]], [[3, 2], [3, 4], [5, 1]]]
reward: 0.0000, Epoch: 140, params: 2169889, epoch_time: 12.2975, genotype: [[0, [0, 0, 6, 8], [2, 4, 10, 9], [2, 3, 3, 6]], [[1, 2], [3, 4], [2, 1]]]
reward: 0.6624, Epoch: 141, params: 2304961, epoch_time: 22.7835, genotype: [[6, [1, 1, 5, 2], [4, 0, 5, 0], [0, 1, 2, 7]], [[2, 2], [3, 3], [1, 2]]]
reward: 0.0566, Epoch: 142, params: 2275873, epoch_time: 3.3682, genotype: [[10, [1, 1, 5, 8], [1, 1, 5, 5], [4, 2, 9, 2]], [[2, 1], [2, 0], [4, 0]]]
reward: 0.5421, Epoch: 143, params: 2155489, epoch_time: 18.2695, genotype: [[3, [0, 1, 5, 5], [3, 1, 10, 9], [7, 5, 10, 8]], [[3, 3], [2, 2], [2, 5]]]
reward: 0.6829, Epoch: 144, params: 2054689, epoch_time: 12.9828, genotype: [[9, [0, 1, 2, 9], [0, 0, 8, 0], [2, 2, 1, 4]], [[3, 3], [3, 4], [0, 0]]]
reward: 0.0056, Epoch: 145, params: 2102785, epoch_time: 2.6236, genotype: [[2, [1, 0, 1, 4], [4, 3, 2, 3], [1, 2, 3, 3]], [[3, 2], [3, 0], [2, 0]]]
reward: 0.4993, Epoch: 146, params: 2201281, epoch_time: 19.2926, genotype: [[3, [1, 1, 6, 0], [4, 1, 1, 7], [4, 3, 8, 4]], [[3, 2], [3, 4], [3, 2]]]
reward: 0.0000, Epoch: 147, params: 2179681, epoch_time: 15.1778, genotype: [[3, [0, 1, 5, 6], [1, 2, 0, 7], [7, 5, 9, 0]], [[3, 0], [2, 2], [1, 5]]]
reward: 0.0040, Epoch: 148, params: 2297473, epoch_time: 3.3521, genotype: [[2, [1, 0, 9, 3], [1, 2, 6, 6], [2, 3, 8, 6]], [[0, 2], [1, 1], [4, 2]]]
reward: 0.0065, Epoch: 149, params: 2290273, epoch_time: 3.2405, genotype: [[9, [1, 1, 2, 3], [2, 2, 6, 4], [5, 2, 1, 5]], [[2, 0], [0, 2], [3, 5]]]
reward: 0.1455, Epoch: 150, params: 2186881, epoch_time: 6.8284, genotype: [[4, [1, 1, 6, 9], [1, 1, 8, 7], [7, 1, 6, 8]], [[1, 2], [2, 3], [2, 4]]]
reward: 0.0019, Epoch: 151, params: 2311873, epoch_time: 3.0982, genotype: [[6, [0, 1, 2, 3], [4, 1, 3, 0], [5, 2, 6, 1]], [[1, 3], [2, 0], [3, 5]]]
reward: 0.0014, Epoch: 152, params: 2275873, epoch_time: 3.7049, genotype: [[3, [0, 1, 7, 9], [1, 2, 5, 5], [1, 6, 6, 10]], [[0, 2], [0, 2], [1, 4]]]
reward: 0.0563, Epoch: 153, params: 2294881, epoch_time: 4.3189, genotype: [[4, [0, 0, 4, 6], [4, 4, 0, 5], [7, 7, 0, 6]], [[0, 0], [4, 3], [1, 0]]]
reward: 0.7414, Epoch: 154, params: 2086081, epoch_time: 15.8506, genotype: [[0, [0, 0, 7, 2], [1, 2, 8, 4], [2, 2, 0, 5]], [[0, 3], [2, 2], [1, 5]]]
reward: 0.0000, Epoch: 155, params: 2203873, epoch_time: 15.9387, genotype: [[8, [1, 1, 6, 7], [2, 4, 0, 3], [6, 6, 6, 2]], [[2, 3], [1, 2], [5, 0]]]
reward: 0.6437, Epoch: 156, params: 2290561, epoch_time: 21.9758, genotype: [[6, [1, 1, 7, 1], [2, 4, 8, 7], [1, 7, 10, 5]], [[1, 3], [2, 0], [4, 5]]]
reward: 0.6748, Epoch: 157, params: 2278177, epoch_time: 21.1412, genotype: [[7, [0, 0, 10, 6], [2, 4, 1, 8], [3, 3, 9, 6]], [[1, 1], [2, 2], [3, 3]]]
reward: 0.0007, Epoch: 158, params: 2184289, epoch_time: 3.3798, genotype: [[3, [0, 0, 6, 6], [3, 2, 3, 0], [0, 0, 9, 4]], [[0, 0], [0, 4], [0, 1]]]
reward: 0.0019, Epoch: 159, params: 2105089, epoch_time: 2.9334, genotype: [[2, [1, 0, 3, 4], [3, 2, 6, 3], [7, 6, 8, 3]], [[0, 1], [3, 1], [4, 1]]]
reward: 0.0000, Epoch: 160, params: 2081185, epoch_time: 13.3700, genotype: [[3, [1, 0, 2, 8], [3, 1, 2, 10], [0, 2, 0, 5]], [[1, 3], [3, 2], [2, 0]]]
reward: 0.7070, Epoch: 161, params: 2196673, epoch_time: 16.7705, genotype: [[8, [0, 0, 2, 1], [3, 0, 7, 4], [2, 4, 4, 5]], [[3, 3], [3, 0], [4, 1]]]
reward: 0.0665, Epoch: 162, params: 2067073, epoch_time: 2.8517, genotype: [[6, [1, 1, 7, 0], [1, 1, 2, 4], [0, 7, 10, 7]], [[2, 0], [4, 3], [4, 2]]]
reward: 0.6519, Epoch: 163, params: 2040289, epoch_time: 23.0303, genotype: [[4, [0, 1, 9, 10], [2, 0, 6, 7], [4, 6, 3, 9]], [[1, 2], [4, 2], [3, 1]]]
reward: 0.0335, Epoch: 164, params: 2177665, epoch_time: 3.2292, genotype: [[9, [1, 0, 5, 7], [3, 1, 2, 0], [1, 7, 7, 6]], [[1, 0], [0, 2], [3, 4]]]
reward: 0.0019, Epoch: 165, params: 2201281, epoch_time: 3.1236, genotype: [[7, [0, 0, 8, 4], [2, 3, 3, 1], [1, 0, 5, 4]], [[0, 0], [3, 4], [0, 4]]]
reward: 0.0000, Epoch: 166, params: 2263777, epoch_time: 3.8672, genotype: [[10, [0, 1, 6, 5], [0, 0, 4, 0], [4, 2, 9, 6]], [[0, 3], [0, 0], [4, 5]]]
reward: 0.4849, Epoch: 167, params: 2170177, epoch_time: 19.0512, genotype: [[9, [0, 0, 9, 6], [3, 1, 8, 3], [7, 5, 2, 6]], [[2, 2], [2, 2], [5, 4]]]
reward: 0.0023, Epoch: 168, params: 2429377, epoch_time: 3.2971, genotype: [[6, [0, 1, 8, 5], [0, 3, 3, 8], [7, 2, 6, 6]], [[3, 1], [0, 1], [2, 1]]]
reward: 0.0000, Epoch: 169, params: 2096161, epoch_time: 10.2031, genotype: [[7, [0, 1, 3, 2], [3, 2, 1, 3], [7, 3, 7, 7]], [[1, 3], [4, 1], [5, 3]]]
reward: 0.0000, Epoch: 170, params: 2290273, epoch_time: 0.8077, genotype: [[5, [0, 1, 5, 7], [0, 0, 8, 4], [0, 3, 6, 10]], [[2, 1], [4, 3], [3, 4]]]
reward: 0.0000, Epoch: 171, params: 2162689, epoch_time: 0.7668, genotype: [[0, [0, 0, 6, 9], [3, 3, 3, 6], [6, 4, 0, 9]], [[0, 1], [2, 2], [3, 5]]]
reward: 0.0000, Epoch: 172, params: 2071393, epoch_time: 0.7900, genotype: [[4, [0, 0, 10, 7], [1, 3, 3, 0], [0, 6, 6, 0]], [[2, 0], [0, 3], [2, 2]]]
reward: 0.0000, Epoch: 173, params: 2170177, epoch_time: 0.8091, genotype: [[4, [1, 0, 9, 0], [4, 0, 1, 1], [0, 5, 2, 4]], [[2, 1], [4, 3], [5, 0]]]
reward: 0.0000, Epoch: 174, params: 2071681, epoch_time: 0.8695, genotype: [[3, [1, 1, 10, 4], [4, 0, 0, 6], [0, 2, 7, 2]], [[1, 1], [2, 3], [2, 4]]]
reward: 0.0000, Epoch: 175, params: 2076577, epoch_time: 0.8390, genotype: [[9, [0, 0, 8, 4], [2, 0, 2, 5], [1, 7, 3, 7]], [[1, 2], [4, 1], [1, 5]]]
reward: 0.5011, Epoch: 176, params: 2321377, epoch_time: 19.8615, genotype: [[5, [1, 1, 6, 8], [0, 4, 8, 2], [4, 6, 1, 8]], [[2, 3], [2, 2], [2, 2]]]
reward: 0.0023, Epoch: 177, params: 2210785, epoch_time: 3.0982, genotype: [[8, [1, 1, 8, 0], [4, 0, 6, 3], [0, 4, 2, 5]], [[2, 2], [2, 0], [3, 0]]]
reward: 0.0000, Epoch: 178, params: 2295169, epoch_time: 3.1245, genotype: [[9, [1, 1, 3, 2], [2, 0, 1, 6], [7, 2, 6, 7]], [[2, 0], [2, 3], [0, 0]]]
reward: 0.6720, Epoch: 179, params: 2307265, epoch_time: 31.9939, genotype: [[5, [0, 0, 2, 7], [3, 4, 6, 4], [0, 4, 6, 3]], [[3, 1], [1, 4], [3, 1]]]
reward: 0.7335, Epoch: 180, params: 2302657, epoch_time: 18.4027, genotype: [[5, [1, 0, 6, 6], [1, 2, 2, 7], [5, 2, 0, 2]], [[2, 2], [0, 2], [3, 4]]]
reward: 0.0000, Epoch: 181, params: 2304961, epoch_time: 14.0879, genotype: [[4, [0, 0, 6, 2], [2, 1, 3, 5], [3, 7, 1, 7]], [[2, 1], [4, 2], [2, 5]]]
reward: 0.6039, Epoch: 182, params: 2422465, epoch_time: 26.2798, genotype: [[6, [1, 1, 5, 1], [2, 2, 3, 5], [4, 7, 7, 3]], [[3, 1], [2, 2], [3, 4]]]
reward: 0.0000, Epoch: 183, params: 2023297, epoch_time: 14.7628, genotype: [[10, [1, 0, 9, 0], [4, 1, 3, 5], [4, 1, 10, 10]], [[0, 3], [3, 3], [0, 4]]]
reward: 0.6647, Epoch: 184, params: 2179969, epoch_time: 25.5227, genotype: [[5, [0, 1, 0, 6], [0, 1, 8, 10], [2, 4, 2, 7]], [[1, 3], [3, 4], [5, 5]]]
reward: 0.7564, Epoch: 185, params: 2181985, epoch_time: 13.8364, genotype: [[3, [1, 1, 5, 0], [0, 4, 1, 9], [4, 3, 2, 0]], [[3, 3], [2, 1], [2, 0]]]
reward: 0.7340, Epoch: 186, params: 2165281, epoch_time: 29.5302, genotype: [[8, [0, 1, 1, 5], [3, 1, 4, 9], [2, 0, 9, 2]], [[1, 1], [3, 3], [0, 4]]]
reward: 0.0000, Epoch: 187, params: 2309857, epoch_time: 16.8857, genotype: [[5, [0, 0, 7, 3], [2, 4, 6, 7], [6, 6, 7, 1]], [[2, 3], [4, 2], [0, 0]]]
reward: 0.7007, Epoch: 188, params: 2295169, epoch_time: 21.0871, genotype: [[7, [1, 1, 6, 1], [0, 2, 2, 10], [1, 7, 5, 8]], [[2, 3], [3, 3], [3, 1]]]
reward: 0.6336, Epoch: 189, params: 2167585, epoch_time: 22.8183, genotype: [[6, [1, 1, 3, 4], [3, 1, 9, 9], [7, 5, 7, 5]], [[3, 3], [1, 1], [2, 2]]]
reward: 0.0011, Epoch: 190, params: 2206177, epoch_time: 3.4425, genotype: [[8, [0, 1, 8, 7], [2, 2, 5, 3], [0, 7, 5, 4]], [[0, 2], [0, 4], [3, 5]]]
reward: 0.0000, Epoch: 191, params: 2273569, epoch_time: 23.5471, genotype: [[9, [1, 0, 5, 7], [0, 3, 5, 6], [4, 7, 7, 9]], [[3, 0], [1, 2], [2, 0]]]
reward: 0.7229, Epoch: 192, params: 2187169, epoch_time: 16.4441, genotype: [[3, [1, 1, 2, 1], [3, 0, 3, 2], [4, 1, 5, 9]], [[3, 1], [1, 4], [5, 0]]]
reward: 0.7816, Epoch: 193, params: 2148289, epoch_time: 38.9501, genotype: [[5, [1, 0, 3, 5], [1, 0, 10, 10], [6, 6, 0, 10]], [[1, 0], [4, 2], [3, 2]]]
reward: 0.6592, Epoch: 194, params: 2081185, epoch_time: 16.1097, genotype: [[8, [1, 0, 0, 3], [3, 0, 2, 9], [4, 4, 2, 5]], [[1, 1], [2, 0], [3, 2]]]
reward: 0.6653, Epoch: 195, params: 2312161, epoch_time: 22.1618, genotype: [[2, [1, 0, 3, 5], [1, 3, 1, 8], [3, 6, 2, 6]], [[2, 2], [4, 3], [5, 1]]]
reward: 0.0015, Epoch: 196, params: 2314465, epoch_time: 3.0784, genotype: [[2, [1, 1, 1, 6], [0, 2, 5, 8], [3, 0, 2, 8]], [[0, 1], [2, 3], [1, 4]]]
reward: 0.0000, Epoch: 197, params: 2177665, epoch_time: 13.4097, genotype: [[6, [0, 0, 9, 7], [2, 1, 2, 1], [5, 7, 0, 2]], [[2, 1], [0, 2], [2, 4]]]
reward: 0.6391, Epoch: 198, params: 1896001, epoch_time: 12.0438, genotype: [[0, [0, 0, 7, 9], [0, 1, 9, 9], [3, 6, 9, 9]], [[1, 1], [0, 3], [3, 0]]]
reward: 0.7538, Epoch: 199, params: 2095873, epoch_time: 15.2781, genotype: [[2, [1, 0, 2, 3], [4, 4, 5, 2], [2, 4, 3, 0]], [[1, 0], [2, 2], [5, 2]]]
reward: 0.7561, Epoch: 200, params: 2040289, epoch_time: 26.4066, genotype: [[2, [0, 0, 9, 8], [0, 4, 0, 9], [4, 0, 6, 9]], [[0, 0], [3, 2], [5, 5]]]
reward: 0.7211, Epoch: 201, params: 2086081, epoch_time: 14.7504, genotype: [[0, [0, 1, 8, 4], [0, 0, 7, 7], [0, 4, 0, 1]], [[1, 3], [0, 1], [1, 4]]]
reward: 0.7472, Epoch: 202, params: 2040577, epoch_time: 20.1835, genotype: [[3, [0, 0, 5, 2], [0, 1, 10, 7], [0, 3, 9, 10]], [[2, 0], [4, 0], [5, 2]]]
reward: 0.6825, Epoch: 203, params: 2057281, epoch_time: 19.0816, genotype: [[7, [1, 1, 10, 0], [3, 3, 9, 1], [2, 4, 2, 8]], [[2, 1], [1, 2], [3, 4]]]
reward: 0.7422, Epoch: 204, params: 2088385, epoch_time: 14.4392, genotype: [[2, [1, 1, 6, 9], [3, 2, 3, 8], [0, 5, 8, 7]], [[3, 2], [2, 2], [2, 0]]]
reward: 0.7343, Epoch: 205, params: 2086081, epoch_time: 16.6381, genotype: [[7, [1, 1, 0, 5], [3, 2, 7, 3], [1, 1, 0, 4]], [[0, 1], [2, 3], [5, 1]]]
reward: 0.0000, Epoch: 206, params: 2290273, epoch_time: 3.4799, genotype: [[4, [1, 1, 5, 10], [0, 1, 6, 8], [0, 3, 1, 7]], [[0, 1], [0, 0], [5, 0]]]
reward: 0.6845, Epoch: 207, params: 2429377, epoch_time: 27.0312, genotype: [[6, [0, 1, 6, 6], [0, 4, 3, 1], [1, 5, 3, 8]], [[1, 1], [1, 3], [3, 2]]]
reward: 0.0000, Epoch: 208, params: 2417569, epoch_time: 18.8289, genotype: [[4, [0, 1, 7, 1], [1, 1, 5, 5], [7, 4, 1, 3]], [[1, 3], [0, 3], [1, 1]]]
reward: 0.7352, Epoch: 209, params: 2158081, epoch_time: 26.2264, genotype: [[9, [1, 1, 5, 9], [3, 1, 4, 6], [7, 6, 7, 0]], [[0, 3], [2, 4], [0, 1]]]
reward: 0.0000, Epoch: 210, params: 2179681, epoch_time: 14.2399, genotype: [[1, [1, 1, 1, 4], [3, 2, 7, 4], [3, 0, 9, 3]], [[3, 2], [0, 3], [0, 4]]]
reward: 0.5230, Epoch: 211, params: 2403169, epoch_time: 20.7620, genotype: [[3, [0, 1, 6, 10], [4, 4, 5, 5], [7, 0, 7, 5]], [[3, 3], [2, 2], [2, 2]]]
reward: 0.0656, Epoch: 212, params: 2023585, epoch_time: 3.5584, genotype: [[10, [1, 1, 8, 10], [3, 4, 2, 9], [3, 2, 5, 9]], [[3, 2], [2, 2], [4, 5]]]
reward: 0.0000, Epoch: 213, params: 2206465, epoch_time: 2.7626, genotype: [[3, [1, 0, 7, 1], [4, 2, 7, 3], [0, 6, 2, 5]], [[0, 1], [3, 2], [4, 1]]]
reward: 0.6844, Epoch: 214, params: 2167873, epoch_time: 21.3730, genotype: [[9, [0, 1, 2, 2], [1, 3, 6, 8], [5, 3, 1, 9]], [[1, 2], [1, 2], [3, 4]]]
reward: 0.1448, Epoch: 215, params: 2052097, epoch_time: 17.5259, genotype: [[4, [1, 1, 0, 0], [3, 2, 10, 3], [6, 5, 10, 5]], [[3, 0], [2, 2], [3, 4]]]
reward: 0.1241, Epoch: 216, params: 2181985, epoch_time: 12.8574, genotype: [[10, [1, 0, 5, 4], [3, 4, 2, 1], [3, 3, 4, 8]], [[1, 2], [1, 1], [0, 0]]]
reward: 0.6878, Epoch: 217, params: 2256577, epoch_time: 21.5421, genotype: [[9, [0, 1, 2, 6], [0, 1, 10, 9], [7, 1, 5, 1]], [[2, 1], [3, 1], [3, 3]]]
reward: 0.0055, Epoch: 218, params: 2302657, epoch_time: 3.4579, genotype: [[5, [1, 0, 4, 2], [0, 3, 5, 6], [3, 4, 7, 2]], [[0, 2], [4, 0], [2, 2]]]
reward: 0.7293, Epoch: 219, params: 2182273, epoch_time: 19.2580, genotype: [[2, [1, 0, 5, 9], [3, 1, 6, 4], [5, 4, 2, 8]], [[1, 1], [0, 4], [3, 2]]]
reward: 0.5280, Epoch: 220, params: 2287969, epoch_time: 17.9471, genotype: [[1, [0, 1, 7, 0], [4, 0, 2, 6], [2, 6, 10, 1]], [[2, 2], [3, 3], [3, 2]]]
reward: 0.0031, Epoch: 221, params: 2073985, epoch_time: 2.8613, genotype: [[9, [1, 1, 0, 2], [1, 1, 3, 5], [0, 0, 0, 2]], [[1, 0], [2, 3], [0, 0]]]
reward: 0.7445, Epoch: 222, params: 2078881, epoch_time: 16.6343, genotype: [[7, [1, 1, 9, 3], [0, 4, 2, 0], [0, 4, 3, 5]], [[1, 3], [0, 0], [1, 4]]]
reward: 0.0011, Epoch: 223, params: 2417857, epoch_time: 3.6745, genotype: [[5, [0, 1, 2, 6], [3, 3, 1, 2], [3, 1, 5, 8]], [[0, 0], [3, 3], [0, 4]]]
reward: 0.5912, Epoch: 224, params: 2052385, epoch_time: 24.6115, genotype: [[5, [1, 0, 2, 3], [2, 1, 4, 0], [2, 6, 10, 10]], [[1, 3], [4, 2], [5, 5]]]
reward: 0.0574, Epoch: 225, params: 2150881, epoch_time: 3.0384, genotype: [[9, [0, 0, 8, 9], [4, 1, 10, 1], [1, 6, 5, 2]], [[2, 0], [3, 0], [0, 4]]]
reward: 0.6963, Epoch: 226, params: 2271265, epoch_time: 21.4500, genotype: [[1, [1, 0, 1, 5], [2, 1, 2, 10], [4, 6, 7, 9]], [[3, 1], [2, 1], [5, 5]]]
reward: 0.0055, Epoch: 227, params: 1963969, epoch_time: 2.5215, genotype: [[7, [0, 0, 7, 0], [0, 4, 7, 2], [3, 4, 10, 2]], [[3, 2], [0, 3], [0, 0]]]
reward: 0.0656, Epoch: 228, params: 2025601, epoch_time: 9.4875, genotype: [[10, [1, 1, 9, 3], [4, 1, 10, 9], [3, 4, 0, 6]], [[0, 0], [1, 2], [0, 3]]]
reward: 0.6768, Epoch: 229, params: 2079169, epoch_time: 19.6679, genotype: [[10, [1, 0, 7, 1], [3, 3, 3, 7], [3, 2, 7, 3]], [[2, 1], [3, 4], [5, 2]]]
reward: 0.0000, Epoch: 230, params: 2187169, epoch_time: 16.1232, genotype: [[5, [0, 1, 7, 5], [1, 0, 7, 7], [7, 4, 3, 10]], [[2, 0], [1, 2], [3, 2]]]
reward: 0.7434, Epoch: 231, params: 2268673, epoch_time: 22.8195, genotype: [[4, [0, 0, 6, 1], [0, 4, 5, 10], [3, 0, 7, 9]], [[3, 1], [0, 4], [3, 0]]]
reward: 0.6670, Epoch: 232, params: 2083489, epoch_time: 19.6268, genotype: [[9, [0, 1, 4, 3], [2, 1, 3, 2], [7, 6, 8, 1]], [[1, 2], [3, 3], [5, 2]]]
reward: 0.0000, Epoch: 233, params: 2153185, epoch_time: 15.6309, genotype: [[1, [1, 0, 9, 6], [3, 0, 8, 9], [1, 6, 9, 2]], [[0, 0], [2, 2], [0, 3]]]
reward: 0.6510, Epoch: 234, params: 1963105, epoch_time: 21.6247, genotype: [[4, [1, 0, 0, 9], [0, 3, 3, 8], [4, 5, 0, 0]], [[1, 3], [1, 1], [5, 2]]]
reward: 0.0009, Epoch: 235, params: 2074273, epoch_time: 2.8797, genotype: [[7, [1, 0, 9, 5], [1, 3, 2, 0], [6, 5, 3, 7]], [[1, 2], [0, 2], [3, 5]]]
reward: 0.5467, Epoch: 236, params: 2177665, epoch_time: 18.8587, genotype: [[10, [0, 1, 0, 7], [0, 0, 7, 7], [3, 1, 5, 6]], [[2, 3], [3, 3], [4, 3]]]
reward: 0.0000, Epoch: 237, params: 2167585, epoch_time: 12.4384, genotype: [[7, [1, 1, 9, 6], [3, 4, 1, 8], [1, 7, 0, 9]], [[1, 1], [3, 3], [0, 2]]]
reward: 0.0000, Epoch: 238, params: 2191777, epoch_time: 13.2984, genotype: [[8, [1, 1, 5, 2], [4, 1, 3, 10], [1, 7, 2, 1]], [[2, 3], [1, 3], [2, 0]]]
reward: 0.0045, Epoch: 239, params: 2182273, epoch_time: 3.0048, genotype: [[4, [1, 1, 1, 3], [2, 0, 10, 6], [5, 0, 7, 2]], [[0, 3], [0, 0], [1, 5]]]
reward: 0.0000, Epoch: 240, params: 2066785, epoch_time: 12.3025, genotype: [[0, [1, 0, 9, 0], [0, 0, 2, 6], [7, 0, 2, 0]], [[1, 1], [2, 3], [0, 3]]]
reward: 0.0656, Epoch: 241, params: 2194081, epoch_time: 2.9568, genotype: [[0, [0, 1, 0, 2], [0, 0, 0, 3], [3, 2, 5, 6]], [[3, 0], [1, 4], [3, 2]]]
reward: 0.5769, Epoch: 242, params: 1922497, epoch_time: 17.8234, genotype: [[8, [1, 0, 7, 10], [3, 4, 10, 8], [4, 6, 10, 9]], [[3, 1], [2, 1], [4, 2]]]
reward: 0.0000, Epoch: 243, params: 2033089, epoch_time: 12.0501, genotype: [[9, [1, 1, 1, 9], [3, 3, 4, 0], [3, 6, 2, 9]], [[2, 2], [3, 0], [5, 5]]]
reward: 0.7490, Epoch: 244, params: 1961377, epoch_time: 12.9602, genotype: [[10, [1, 0, 3, 0], [3, 3, 7, 2], [2, 4, 7, 0]], [[0, 2], [3, 2], [4, 5]]]
reward: 0.6848, Epoch: 245, params: 2064481, epoch_time: 21.2610, genotype: [[9, [1, 0, 10, 7], [1, 4, 5, 2], [0, 3, 3, 8]], [[1, 1], [2, 4], [2, 2]]]
reward: 0.0000, Epoch: 246, params: 2189473, epoch_time: 13.9336, genotype: [[2, [1, 0, 5, 8], [0, 3, 10, 2], [5, 7, 3, 5]], [[1, 1], [4, 2], [4, 1]]]
reward: 0.7029, Epoch: 247, params: 1949281, epoch_time: 18.7842, genotype: [[2, [0, 1, 10, 2], [4, 1, 8, 0], [3, 6, 9, 7]], [[1, 2], [2, 1], [3, 5]]]
reward: 0.7525, Epoch: 248, params: 1985569, epoch_time: 12.3449, genotype: [[7, [1, 0, 7, 7], [0, 3, 3, 0], [1, 0, 7, 7]], [[1, 2], [1, 2], [0, 3]]]
reward: 0.6483, Epoch: 249, params: 2414977, epoch_time: 28.0650, genotype: [[4, [1, 0, 0, 1], [4, 1, 3, 5], [7, 6, 6, 5]], [[2, 2], [2, 1], [3, 1]]]
reward: 0.0000, Epoch: 250, params: 2040289, epoch_time: 12.1927, genotype: [[9, [0, 1, 0, 7], [0, 4, 9, 9], [0, 3, 5, 8]], [[1, 3], [2, 2], [0, 4]]]
reward: 0.0000, Epoch: 251, params: 2088097, epoch_time: 11.6798, genotype: [[9, [1, 0, 0, 8], [3, 0, 5, 3], [2, 1, 3, 3]], [[2, 1], [2, 4], [1, 4]]]
reward: 0.7447, Epoch: 252, params: 2287681, epoch_time: 19.2369, genotype: [[4, [0, 0, 0, 9], [0, 2, 1, 3], [3, 5, 5, 5]], [[2, 1], [4, 2], [2, 0]]]
reward: 0.0000, Epoch: 253, params: 2050081, epoch_time: 14.1489, genotype: [[9, [0, 1, 10, 5], [4, 2, 0, 2], [4, 7, 7, 4]], [[1, 2], [2, 2], [0, 4]]]
reward: 0.7220, Epoch: 254, params: 1941505, epoch_time: 13.0197, genotype: [[9, [1, 1, 9, 4], [1, 4, 10, 3], [3, 4, 8, 3]], [[2, 3], [1, 3], [5, 0]]]
reward: 0.6812, Epoch: 255, params: 2059873, epoch_time: 19.3323, genotype: [[6, [1, 1, 2, 9], [4, 1, 8, 2], [6, 4, 2, 10]], [[3, 3], [3, 2], [1, 5]]]
reward: 0.0000, Epoch: 256, params: 2518657, epoch_time: 14.0699, genotype: [[5, [0, 1, 1, 1], [0, 4, 7, 6], [6, 6, 5, 4]], [[1, 2], [2, 2], [5, 1]]]
reward: 0.7357, Epoch: 257, params: 2018977, epoch_time: 12.5354, genotype: [[5, [1, 1, 2, 9], [1, 1, 2, 9], [6, 4, 10, 9]], [[3, 1], [4, 2], [5, 1]]]
reward: 0.7580, Epoch: 258, params: 2295169, epoch_time: 12.4577, genotype: [[1, [1, 0, 1, 2], [1, 3, 3, 5], [4, 4, 9, 7]], [[3, 3], [1, 2], [1, 3]]]
reward: 0.0000, Epoch: 259, params: 2393665, epoch_time: 13.4287, genotype: [[7, [0, 1, 6, 0], [1, 2, 6, 5], [3, 4, 10, 5]], [[2, 2], [2, 1], [4, 1]]]
reward: 0.6860, Epoch: 260, params: 2165281, epoch_time: 13.4185, genotype: [[6, [0, 1, 2, 10], [0, 4, 8, 10], [3, 7, 0, 5]], [[3, 1], [1, 2], [3, 5]]]
reward: 0.6991, Epoch: 261, params: 2148289, epoch_time: 22.8455, genotype: [[6, [0, 0, 4, 9], [1, 2, 9, 9], [7, 7, 5, 8]], [[2, 0], [1, 4], [2, 1]]]
reward: 0.5198, Epoch: 262, params: 2427073, epoch_time: 19.5323, genotype: [[5, [1, 1, 8, 1], [0, 2, 1, 3], [2, 2, 3, 6]], [[2, 3], [4, 2], [3, 2]]]
reward: 0.6918, Epoch: 263, params: 1970593, epoch_time: 15.4491, genotype: [[10, [1, 0, 8, 8], [1, 0, 2, 4], [6, 0, 7, 4]], [[3, 2], [0, 1], [3, 1]]]
reward: 0.7381, Epoch: 264, params: 2158081, epoch_time: 21.8152, genotype: [[0, [1, 1, 9, 5], [1, 1, 9, 6], [2, 3, 4, 7]], [[0, 3], [4, 2], [2, 1]]]
reward: 0.5356, Epoch: 265, params: 2187169, epoch_time: 17.6462, genotype: [[1, [1, 0, 2, 1], [1, 1, 7, 2], [5, 0, 3, 9]], [[2, 2], [3, 2], [3, 2]]]
reward: 0.0517, Epoch: 266, params: 2076289, epoch_time: 2.8359, genotype: [[3, [1, 0, 0, 7], [3, 4, 0, 6], [2, 1, 3, 9]], [[1, 0], [4, 1], [1, 2]]]
reward: 0.0000, Epoch: 267, params: 2064481, epoch_time: 14.2929, genotype: [[3, [0, 1, 9, 9], [3, 2, 6, 2], [4, 0, 7, 8]], [[0, 0], [3, 3], [5, 1]]]
reward: 0.0000, Epoch: 268, params: 2179681, epoch_time: 20.1784, genotype: [[6, [1, 0, 4, 0], [4, 2, 9, 5], [0, 0, 8, 2]], [[1, 0], [4, 3], [3, 3]]]
reward: 0.7206, Epoch: 269, params: 2020993, epoch_time: 32.6752, genotype: [[9, [0, 0, 5, 9], [4, 2, 8, 9], [4, 1, 10, 4]], [[2, 3], [0, 2], [4, 5]]]
reward: 0.6481, Epoch: 270, params: 2309569, epoch_time: 26.9689, genotype: [[5, [0, 0, 3, 8], [3, 4, 1, 2], [4, 0, 0, 5]], [[1, 2], [1, 4], [5, 2]]]
reward: 0.0026, Epoch: 271, params: 2403169, epoch_time: 3.4915, genotype: [[9, [1, 0, 7, 5], [0, 3, 6, 3], [4, 7, 6, 5]], [[1, 0], [1, 0], [1, 1]]]
reward: 0.7241, Epoch: 272, params: 2290273, epoch_time: 20.0732, genotype: [[2, [1, 1, 9, 5], [3, 1, 4, 8], [2, 1, 6, 5]], [[3, 3], [3, 1], [4, 0]]]
reward: 0.0024, Epoch: 273, params: 2066497, epoch_time: 3.0997, genotype: [[9, [1, 0, 4, 9], [3, 4, 3, 5], [0, 6, 3, 3]], [[0, 1], [2, 0], [5, 5]]]
reward: 0.7524, Epoch: 274, params: 2304673, epoch_time: 15.5536, genotype: [[1, [1, 0, 5, 0], [3, 1, 2, 1], [3, 0, 0, 3]], [[3, 1], [4, 0], [4, 2]]]
reward: 0.6772, Epoch: 275, params: 2037697, epoch_time: 14.5168, genotype: [[9, [1, 1, 0, 5], [3, 4, 0, 9], [2, 5, 9, 3]], [[1, 1], [4, 1], [0, 1]]]
reward: 0.7474, Epoch: 276, params: 1975489, epoch_time: 14.5357, genotype: [[9, [0, 0, 3, 3], [0, 3, 7, 4], [4, 7, 2, 3]], [[0, 3], [2, 1], [5, 5]]]
reward: 0.7264, Epoch: 277, params: 2191489, epoch_time: 12.9639, genotype: [[3, [1, 1, 1, 8], [0, 2, 10, 5], [7, 5, 0, 8]], [[2, 1], [2, 4], [3, 4]]]
reward: 0.6741, Epoch: 278, params: 2191489, epoch_time: 20.4519, genotype: [[5, [0, 1, 1, 0], [1, 0, 8, 8], [2, 0, 3, 9]], [[2, 3], [4, 4], [1, 1]]]
reward: 0.7036, Epoch: 279, params: 2056993, epoch_time: 15.6693, genotype: [[5, [0, 0, 9, 7], [3, 3, 9, 4], [7, 6, 8, 4]], [[0, 3], [3, 3], [3, 3]]]
reward: 0.0000, Epoch: 280, params: 2309857, epoch_time: 11.2851, genotype: [[2, [0, 1, 5, 8], [4, 4, 1, 6], [2, 6, 7, 2]], [[3, 2], [2, 4], [4, 1]]]
reward: 0.5794, Epoch: 281, params: 2181985, epoch_time: 26.5947, genotype: [[9, [1, 0, 4, 6], [3, 3, 4, 8], [4, 3, 5, 3]], [[3, 1], [3, 2], [4, 5]]]
reward: 0.6627, Epoch: 282, params: 2057281, epoch_time: 20.5361, genotype: [[9, [0, 0, 2, 9], [3, 2, 2, 1], [4, 1, 4, 8]], [[3, 2], [2, 1], [3, 5]]]
reward: 0.0000, Epoch: 283, params: 2287969, epoch_time: 14.1673, genotype: [[1, [0, 0, 9, 8], [3, 4, 0, 5], [4, 3, 5, 2]], [[2, 2], [2, 4], [5, 0]]]
reward: 0.7465, Epoch: 284, params: 2054977, epoch_time: 10.6234, genotype: [[9, [0, 1, 0, 9], [0, 4, 3, 2], [0, 6, 1, 2]], [[2, 1], [2, 4], [3, 5]]]
reward: 0.6763, Epoch: 285, params: 2088673, epoch_time: 22.9851, genotype: [[6, [0, 1, 7, 7], [0, 3, 0, 7], [4, 5, 8, 4]], [[2, 3], [1, 3], [5, 3]]]
reward: 0.0000, Epoch: 286, params: 2162977, epoch_time: 13.9290, genotype: [[1, [1, 1, 4, 7], [1, 2, 9, 5], [1, 5, 2, 9]], [[2, 3], [2, 1], [1, 0]]]
reward: 0.0021, Epoch: 287, params: 2182273, epoch_time: 2.8558, genotype: [[1, [0, 1, 2, 0], [2, 4, 7, 8], [2, 3, 5, 10]], [[3, 0], [2, 4], [4, 2]]]
reward: 0.0566, Epoch: 288, params: 2076289, epoch_time: 2.6322, genotype: [[1, [1, 1, 9, 0], [0, 3, 4, 7], [6, 3, 3, 3]], [[0, 1], [4, 2], [4, 2]]]
reward: 0.6683, Epoch: 289, params: 2093281, epoch_time: 21.2472, genotype: [[6, [1, 0, 2, 3], [1, 0, 3, 4], [2, 2, 2, 0]], [[3, 3], [2, 2], [1, 4]]]
reward: 0.6800, Epoch: 290, params: 2040289, epoch_time: 22.0735, genotype: [[9, [0, 0, 2, 10], [0, 1, 3, 6], [2, 2, 9, 4]], [[1, 3], [2, 3], [2, 4]]]
reward: 0.0012, Epoch: 291, params: 2100481, epoch_time: 2.8793, genotype: [[5, [1, 0, 8, 4], [1, 4, 8, 2], [5, 1, 3, 7]], [[2, 2], [3, 0], [5, 2]]]
reward: 0.6556, Epoch: 292, params: 2186881, epoch_time: 19.4355, genotype: [[0, [1, 1, 6, 3], [0, 1, 10, 1], [4, 5, 3, 2]], [[3, 3], [2, 2], [5, 1]]]
reward: 0.0045, Epoch: 293, params: 1956481, epoch_time: 2.4916, genotype: [[3, [1, 1, 9, 2], [1, 1, 8, 2], [2, 2, 9, 2]], [[0, 2], [4, 1], [3, 2]]]
reward: 0.7289, Epoch: 294, params: 2292577, epoch_time: 13.9890, genotype: [[6, [0, 0, 1, 3], [3, 0, 4, 1], [4, 3, 3, 9]], [[3, 1], [3, 4], [5, 1]]]
reward: 0.0000, Epoch: 295, params: 2424769, epoch_time: 13.6401, genotype: [[8, [1, 1, 5, 3], [2, 1, 5, 6], [3, 2, 5, 8]], [[3, 2], [1, 4], [4, 5]]]
reward: 0.0035, Epoch: 296, params: 2167873, epoch_time: 2.8016, genotype: [[1, [0, 0, 2, 10], [3, 2, 8, 7], [0, 3, 6, 9]], [[3, 3], [0, 2], [5, 2]]]
reward: 0.7005, Epoch: 297, params: 2067073, epoch_time: 13.0568, genotype: [[9, [1, 0, 7, 4], [0, 4, 7, 7], [1, 6, 4, 6]], [[2, 2], [3, 1], [4, 4]]]
reward: 0.7323, Epoch: 298, params: 2412673, epoch_time: 24.9735, genotype: [[6, [1, 0, 4, 5], [3, 0, 6, 1], [3, 4, 8, 4]], [[1, 2], [4, 2], [0, 4]]]
reward: 0.5146, Epoch: 299, params: 2177377, epoch_time: 18.0729, genotype: [[3, [0, 0, 2, 5], [0, 3, 9, 0], [1, 1, 1, 0]], [[2, 3], [4, 2], [3, 5]]]
reward: 0.0023, Epoch: 300, params: 2169889, epoch_time: 3.1691, genotype: [[9, [0, 1, 5, 1], [3, 2, 10, 4], [3, 1, 8, 3]], [[0, 0], [0, 2], [3, 5]]]
reward: 0.7437, Epoch: 301, params: 2073985, epoch_time: 14.3722, genotype: [[2, [0, 0, 1, 10], [2, 1, 3, 7], [3, 6, 0, 4]], [[3, 1], [3, 0], [2, 1]]]
reward: 0.0198, Epoch: 302, params: 2184289, epoch_time: 2.8075, genotype: [[1, [1, 1, 0, 10], [3, 0, 8, 3], [5, 6, 6, 0]], [[1, 2], [0, 1], [5, 0]]]
reward: 0.4989, Epoch: 303, params: 1913281, epoch_time: 16.2980, genotype: [[10, [1, 1, 9, 7], [1, 0, 2, 9], [1, 4, 10, 2]], [[2, 2], [4, 2], [2, 2]]]
reward: 0.5097, Epoch: 304, params: 1924801, epoch_time: 16.2524, genotype: [[9, [1, 1, 10, 3], [3, 2, 7, 10], [3, 3, 8, 9]], [[3, 2], [2, 3], [3, 2]]]
reward: 0.0000, Epoch: 305, params: 2165281, epoch_time: 17.8583, genotype: [[3, [1, 0, 5, 10], [4, 2, 6, 4], [3, 5, 7, 9]], [[2, 1], [3, 1], [5, 0]]]
reward: 0.5013, Epoch: 306, params: 2054689, epoch_time: 18.3484, genotype: [[9, [1, 0, 0, 7], [3, 3, 8, 6], [7, 5, 9, 4]], [[3, 3], [2, 2], [4, 2]]]
reward: 0.6315, Epoch: 307, params: 2177377, epoch_time: 27.4414, genotype: [[5, [0, 1, 10, 7], [0, 4, 3, 5], [1, 1, 0, 4]], [[1, 3], [3, 4], [2, 5]]]
reward: 0.0000, Epoch: 308, params: 2270977, epoch_time: 13.9864, genotype: [[6, [1, 1, 0, 9], [3, 2, 7, 5], [3, 4, 10, 1]], [[2, 3], [2, 0], [3, 2]]]
reward: 0.0000, Epoch: 309, params: 2278177, epoch_time: 0.8207, genotype: [[9, [1, 0, 2, 1], [3, 0, 8, 1], [2, 6, 6, 9]], [[3, 2], [0, 1], [1, 3]]]
reward: 0.0000, Epoch: 310, params: 2271265, epoch_time: 0.8488, genotype: [[7, [0, 0, 7, 5], [3, 1, 6, 6], [1, 6, 9, 9]], [[0, 1], [0, 2], [4, 4]]]
reward: 0.0000, Epoch: 311, params: 2179681, epoch_time: 0.7518, genotype: [[2, [0, 0, 6, 0], [3, 4, 4, 8], [2, 5, 5, 9]], [[3, 3], [1, 2], [4, 2]]]
reward: 0.7174, Epoch: 312, params: 2080897, epoch_time: 19.5301, genotype: [[3, [1, 1, 8, 9], [0, 1, 4, 0], [2, 6, 6, 8]], [[2, 3], [0, 1], [5, 1]]]
reward: 0.6552, Epoch: 313, params: 2091265, epoch_time: 25.4526, genotype: [[2, [0, 1, 3, 4], [0, 2, 5, 2], [2, 4, 7, 7]], [[1, 3], [2, 4], [2, 1]]]
reward: 0.7487, Epoch: 314, params: 2073985, epoch_time: 25.3454, genotype: [[0, [1, 1, 7, 9], [0, 1, 6, 2], [4, 5, 3, 0]], [[1, 0], [2, 2], [3, 3]]]
reward: 0.6550, Epoch: 315, params: 1948993, epoch_time: 21.8227, genotype: [[3, [0, 0, 0, 3], [1, 2, 9, 7], [4, 4, 10, 4]], [[1, 1], [4, 2], [4, 5]]]
reward: 0.5268, Epoch: 316, params: 2299777, epoch_time: 34.2808, genotype: [[6, [0, 1, 8, 4], [0, 1, 4, 1], [1, 6, 5, 4]], [[2, 1], [4, 4], [5, 2]]]
reward: 0.0000, Epoch: 317, params: 2167585, epoch_time: 12.0494, genotype: [[10, [0, 1, 8, 0], [1, 4, 10, 2], [7, 6, 1, 5]], [[3, 0], [3, 2], [3, 1]]]
reward: 0.6586, Epoch: 318, params: 2078881, epoch_time: 20.9893, genotype: [[4, [0, 0, 5, 10], [0, 0, 7, 8], [1, 3, 8, 2]], [[3, 1], [2, 3], [3, 5]]]
reward: 0.6665, Epoch: 319, params: 1968001, epoch_time: 18.1892, genotype: [[8, [1, 0, 3, 7], [2, 1, 8, 9], [0, 7, 3, 9]], [[3, 3], [3, 1], [3, 2]]]
reward: 0.6356, Epoch: 320, params: 2179969, epoch_time: 22.8871, genotype: [[2, [0, 1, 0, 1], [3, 4, 2, 8], [4, 5, 6, 9]], [[1, 2], [4, 1], [5, 5]]]
reward: 0.6506, Epoch: 321, params: 2192065, epoch_time: 27.4546, genotype: [[6, [0, 0, 2, 2], [0, 0, 4, 1], [3, 6, 2, 4]], [[1, 2], [2, 4], [2, 4]]]
reward: 0.7601, Epoch: 322, params: 2415553, epoch_time: 19.7672, genotype: [[1, [1, 1, 5, 5], [1, 0, 2, 7], [1, 4, 7, 5]], [[2, 1], [3, 0], [3, 2]]]
reward: 0.0000, Epoch: 323, params: 2074273, epoch_time: 12.8177, genotype: [[7, [1, 0, 2, 6], [1, 3, 3, 4], [2, 5, 10, 2]], [[3, 3], [0, 4], [4, 3]]]
reward: 0.0000, Epoch: 324, params: 1922497, epoch_time: 9.8930, genotype: [[3, [1, 0, 8, 9], [1, 1, 9, 7], [1, 6, 10, 9]], [[3, 2], [0, 2], [3, 4]]]
reward: 0.1420, Epoch: 325, params: 2196385, epoch_time: 5.4012, genotype: [[4, [1, 0, 5, 4], [4, 1, 0, 5], [2, 1, 3, 3]], [[2, 3], [2, 4], [5, 4]]]
reward: 0.6857, Epoch: 326, params: 2268385, epoch_time: 23.0168, genotype: [[10, [1, 0, 9, 5], [2, 0, 1, 4], [0, 3, 4, 1]], [[3, 2], [2, 2], [1, 1]]]
reward: 0.0000, Epoch: 327, params: 2422465, epoch_time: 18.1925, genotype: [[5, [1, 0, 1, 2], [3, 0, 5, 3], [4, 4, 5, 3]], [[0, 3], [2, 3], [5, 1]]]
reward: 0.7208, Epoch: 328, params: 1977793, epoch_time: 11.9111, genotype: [[2, [0, 1, 8, 10], [4, 0, 2, 0], [7, 5, 8, 3]], [[1, 1], [1, 2], [2, 1]]]
reward: 0.6761, Epoch: 329, params: 2083777, epoch_time: 18.5593, genotype: [[7, [1, 1, 4, 1], [3, 0, 4, 4], [7, 6, 2, 8]], [[1, 2], [4, 0], [5, 2]]]
reward: 0.6744, Epoch: 330, params: 2067073, epoch_time: 22.9263, genotype: [[5, [1, 1, 7, 4], [0, 1, 2, 10], [6, 4, 4, 2]], [[2, 3], [1, 4], [4, 2]]]
reward: 0.5067, Epoch: 331, params: 2169889, epoch_time: 17.6295, genotype: [[9, [1, 0, 10, 0], [1, 4, 6, 1], [7, 1, 3, 8]], [[3, 2], [4, 2], [2, 4]]]
reward: 0.6742, Epoch: 332, params: 2049793, epoch_time: 20.0769, genotype: [[9, [1, 1, 0, 8], [0, 1, 0, 5], [1, 3, 0, 10]], [[3, 2], [2, 1], [5, 4]]]
reward: 0.7189, Epoch: 333, params: 2295169, epoch_time: 20.5245, genotype: [[5, [0, 0, 5, 4], [0, 0, 6, 0], [2, 3, 4, 7]], [[2, 3], [4, 2], [5, 0]]]
reward: 0.4584, Epoch: 334, params: 1948993, epoch_time: 17.0384, genotype: [[0, [1, 1, 7, 9], [1, 1, 0, 10], [4, 5, 8, 3]], [[3, 3], [3, 2], [5, 4]]]
reward: 0.6745, Epoch: 335, params: 2391361, epoch_time: 17.8396, genotype: [[6, [1, 0, 1, 4], [1, 4, 9, 6], [3, 1, 7, 5]], [[2, 1], [4, 1], [3, 5]]]
reward: 0.0000, Epoch: 336, params: 2285665, epoch_time: 13.8830, genotype: [[0, [1, 1, 1, 6], [4, 1, 2, 10], [4, 0, 6, 7]], [[2, 2], [0, 2], [2, 4]]]
reward: 0.6901, Epoch: 337, params: 2414977, epoch_time: 21.8589, genotype: [[5, [1, 1, 1, 3], [1, 1, 0, 0], [4, 5, 5, 1]], [[3, 1], [2, 2], [3, 2]]]
reward: 0.6994, Epoch: 338, params: 2184577, epoch_time: 19.6257, genotype: [[5, [1, 0, 9, 7], [3, 4, 7, 6], [7, 6, 8, 4]], [[1, 3], [1, 2], [2, 0]]]
reward: 0.6976, Epoch: 339, params: 2253985, epoch_time: 21.2150, genotype: [[9, [1, 1, 4, 9], [0, 1, 5, 1], [0, 1, 6, 10]], [[2, 3], [3, 3], [3, 1]]]
reward: 0.0007, Epoch: 340, params: 2287969, epoch_time: 2.9979, genotype: [[3, [0, 1, 5, 10], [3, 3, 2, 4], [4, 5, 6, 1]], [[2, 3], [4, 0], [5, 1]]]
reward: 0.4885, Epoch: 341, params: 2189761, epoch_time: 21.0985, genotype: [[5, [1, 0, 4, 7], [2, 2, 4, 7], [0, 1, 2, 1]], [[3, 2], [4, 2], [5, 3]]]
reward: 0.0011, Epoch: 342, params: 2062177, epoch_time: 2.8135, genotype: [[0, [1, 1, 0, 5], [0, 4, 7, 7], [7, 7, 9, 0]], [[2, 0], [2, 4], [5, 2]]]
reward: 0.0000, Epoch: 343, params: 2071393, epoch_time: 11.6034, genotype: [[2, [1, 0, 6, 9], [0, 0, 0, 0], [3, 4, 3, 4]], [[1, 2], [3, 2], [2, 1]]]
reward: 0.0020, Epoch: 344, params: 1932289, epoch_time: 2.5759, genotype: [[10, [1, 1, 3, 10], [1, 1, 9, 7], [0, 2, 4, 7]], [[2, 0], [0, 1], [3, 5]]]
reward: 0.0000, Epoch: 345, params: 2052961, epoch_time: 11.3969, genotype: [[6, [1, 1, 9, 7], [1, 3, 7, 7], [7, 4, 10, 7]], [[2, 1], [4, 2], [5, 1]]]
reward: 0.7400, Epoch: 346, params: 2306977, epoch_time: 14.4050, genotype: [[6, [1, 1, 5, 5], [0, 2, 3, 0], [5, 6, 0, 2]], [[3, 1], [2, 1], [2, 2]]]
reward: 0.7272, Epoch: 347, params: 1946689, epoch_time: 11.6605, genotype: [[10, [0, 1, 3, 0], [3, 2, 0, 10], [7, 6, 7, 7]], [[3, 3], [2, 3], [0, 5]]]
reward: 0.0000, Epoch: 348, params: 1963681, epoch_time: 11.6674, genotype: [[0, [1, 1, 3, 2], [2, 1, 2, 9], [2, 1, 4, 7]], [[0, 2], [2, 3], [5, 1]]]
reward: 0.5263, Epoch: 349, params: 1997089, epoch_time: 18.5495, genotype: [[2, [0, 0, 8, 3], [3, 4, 3, 7], [3, 6, 8, 4]], [[3, 3], [3, 4], [3, 2]]]
reward: 0.0000, Epoch: 350, params: 2199265, epoch_time: 14.1575, genotype: [[6, [1, 0, 2, 4], [0, 1, 2, 2], [2, 5, 6, 3]], [[2, 1], [3, 4], [4, 2]]]
reward: 0.0000, Epoch: 351, params: 2177377, epoch_time: 0.8749, genotype: [[7, [1, 1, 6, 6], [3, 4, 4, 9], [0, 6, 3, 0]], [[1, 3], [2, 1], [5, 4]]]
reward: 0.0000, Epoch: 352, params: 2093281, epoch_time: 0.8051, genotype: [[4, [1, 1, 0, 8], [1, 0, 2, 2], [3, 6, 8, 1]], [[3, 1], [2, 1], [2, 4]]]
reward: 0.0000, Epoch: 353, params: 2407777, epoch_time: 0.8072, genotype: [[1, [1, 1, 6, 4], [3, 0, 0, 0], [0, 6, 5, 5]], [[2, 3], [0, 3], [3, 2]]]
reward: 0.0000, Epoch: 354, params: 2280481, epoch_time: 0.8802, genotype: [[9, [0, 0, 4, 0], [1, 0, 5, 0], [0, 7, 6, 5]], [[2, 2], [1, 4], [2, 1]]]
reward: 0.0000, Epoch: 355, params: 2146273, epoch_time: 0.8817, genotype: [[2, [0, 1, 9, 10], [0, 1, 7, 5], [7, 5, 10, 6]], [[1, 1], [3, 3], [3, 4]]]
reward: 0.0000, Epoch: 356, params: 2186881, epoch_time: 0.7788, genotype: [[7, [1, 1, 4, 4], [3, 3, 1, 4], [0, 1, 4, 5]], [[2, 1], [4, 1], [0, 2]]]
reward: 0.0000, Epoch: 357, params: 1973473, epoch_time: 0.8681, genotype: [[3, [1, 0, 2, 9], [4, 0, 7, 8], [4, 4, 7, 2]], [[2, 3], [3, 4], [2, 3]]]
reward: 0.0000, Epoch: 358, params: 2170177, epoch_time: 0.9203, genotype: [[3, [0, 1, 2, 6], [4, 1, 1, 10], [4, 5, 9, 3]], [[1, 1], [4, 3], [3, 5]]]
reward: 0.0000, Epoch: 359, params: 2417857, epoch_time: 13.2867, genotype: [[1, [1, 0, 7, 5], [0, 1, 5, 7], [4, 7, 6, 3]], [[1, 3], [4, 2], [2, 3]]]
reward: 0.0000, Epoch: 360, params: 2066497, epoch_time: 9.1453, genotype: [[8, [1, 0, 10, 10], [1, 1, 0, 8], [0, 5, 8, 1]], [[3, 1], [4, 4], [4, 4]]]
reward: 0.0000, Epoch: 361, params: 2054977, epoch_time: 0.8387, genotype: [[10, [1, 0, 8, 6], [1, 3, 7, 4], [0, 3, 7, 10]], [[0, 3], [3, 4], [1, 5]]]
reward: 0.0000, Epoch: 362, params: 2028193, epoch_time: 0.7535, genotype: [[2, [1, 1, 10, 6], [1, 4, 8, 10], [0, 6, 9, 10]], [[1, 3], [1, 2], [3, 2]]]
reward: 0.0000, Epoch: 363, params: 2064193, epoch_time: 0.9060, genotype: [[2, [1, 0, 9, 0], [0, 1, 3, 3], [5, 3, 9, 5]], [[1, 1], [3, 2], [2, 1]]]
reward: 0.0000, Epoch: 364, params: 2165281, epoch_time: 0.7850, genotype: [[9, [1, 1, 3, 5], [3, 2, 7, 9], [4, 6, 0, 1]], [[1, 1], [2, 1], [5, 3]]]
reward: 0.0000, Epoch: 365, params: 2105089, epoch_time: 0.8893, genotype: [[3, [0, 0, 0, 8], [0, 1, 2, 6], [7, 6, 3, 3]], [[3, 1], [2, 4], [0, 4]]]
reward: 0.0000, Epoch: 366, params: 2290273, epoch_time: 0.9017, genotype: [[6, [0, 1, 5, 2], [0, 2, 4, 5], [2, 3, 3, 9]], [[2, 2], [2, 1], [4, 1]]]
reward: 0.0000, Epoch: 367, params: 2059585, epoch_time: 0.7978, genotype: [[8, [1, 0, 9, 10], [1, 3, 0, 2], [0, 4, 5, 7]], [[3, 3], [3, 2], [3, 1]]]
reward: 0.0000, Epoch: 368, params: 2297473, epoch_time: 0.7783, genotype: [[8, [0, 1, 2, 6], [0, 1, 3, 5], [1, 6, 5, 9]], [[3, 0], [2, 3], [4, 1]]]
reward: 0.7028, Epoch: 369, params: 1985569, epoch_time: 11.9163, genotype: [[8, [0, 1, 2, 3], [0, 1, 7, 7], [0, 6, 7, 4]], [[2, 3], [1, 3], [5, 4]]]
reward: 0.7368, Epoch: 370, params: 2037985, epoch_time: 12.2783, genotype: [[9, [0, 0, 10, 3], [1, 1, 10, 7], [0, 1, 5, 0]], [[2, 2], [2, 1], [4, 5]]]
reward: 0.7383, Epoch: 371, params: 2059585, epoch_time: 12.5981, genotype: [[7, [0, 0, 0, 9], [4, 1, 3, 6], [0, 0, 10, 2]], [[1, 2], [3, 1], [3, 2]]]
reward: 0.6302, Epoch: 372, params: 2172769, epoch_time: 21.3049, genotype: [[2, [0, 1, 6, 4], [3, 2, 1, 9], [5, 7, 0, 7]], [[3, 3], [1, 4], [4, 5]]]
reward: 0.7370, Epoch: 373, params: 2081185, epoch_time: 15.0953, genotype: [[8, [0, 1, 9, 2], [0, 0, 0, 5], [6, 3, 8, 2]], [[3, 3], [1, 2], [0, 1]]]
reward: 0.0000, Epoch: 374, params: 2194657, epoch_time: 11.4483, genotype: [[0, [1, 1, 2, 6], [3, 0, 2, 2], [5, 7, 5, 7]], [[3, 1], [2, 2], [5, 1]]]
reward: 0.0000, Epoch: 375, params: 2292577, epoch_time: 0.8465, genotype: [[0, [0, 1, 3, 1], [1, 4, 9, 6], [4, 7, 7, 6]], [[1, 3], [2, 2], [3, 1]]]
reward: 0.0000, Epoch: 376, params: 2283361, epoch_time: 0.8319, genotype: [[2, [1, 1, 6, 5], [4, 4, 9, 2], [2, 4, 1, 0]], [[1, 2], [3, 4], [5, 2]]]
reward: 0.0000, Epoch: 377, params: 2309857, epoch_time: 0.8136, genotype: [[3, [0, 1, 7, 6], [4, 4, 7, 5], [0, 4, 7, 1]], [[3, 3], [2, 1], [3, 5]]]
reward: 0.0000, Epoch: 378, params: 2067361, epoch_time: 0.8863, genotype: [[2, [1, 1, 7, 2], [1, 2, 10, 7], [7, 6, 4, 5]], [[3, 2], [4, 2], [5, 2]]]
reward: 0.5449, Epoch: 379, params: 2049793, epoch_time: 19.0865, genotype: [[5, [1, 0, 10, 7], [3, 4, 0, 9], [3, 5, 4, 4]], [[3, 3], [3, 2], [2, 3]]]
reward: 0.6989, Epoch: 380, params: 2023585, epoch_time: 17.5243, genotype: [[7, [0, 0, 7, 9], [1, 0, 9, 1], [3, 2, 9, 9]], [[1, 2], [1, 2], [3, 2]]]
reward: 0.6805, Epoch: 381, params: 1958209, epoch_time: 19.8205, genotype: [[10, [0, 0, 8, 8], [3, 1, 3, 4], [7, 1, 0, 9]], [[3, 3], [2, 1], [3, 1]]]
reward: 0.6868, Epoch: 382, params: 2184577, epoch_time: 22.4761, genotype: [[5, [0, 0, 10, 2], [3, 4, 0, 7], [7, 5, 8, 5]], [[1, 1], [2, 2], [2, 2]]]
reward: 0.0566, Epoch: 383, params: 2316769, epoch_time: 2.9454, genotype: [[5, [1, 1, 3, 7], [1, 4, 5, 1], [1, 6, 7, 8]], [[1, 1], [0, 1], [1, 1]]]
reward: 0.0012, Epoch: 384, params: 2098177, epoch_time: 2.8327, genotype: [[2, [1, 0, 8, 2], [2, 1, 4, 3], [4, 0, 5, 2]], [[0, 3], [3, 3], [3, 0]]]
reward: 0.6955, Epoch: 385, params: 1958785, epoch_time: 19.1792, genotype: [[0, [0, 0, 7, 0], [3, 1, 0, 8], [7, 4, 7, 9]], [[1, 1], [4, 2], [3, 5]]]
reward: 0.6785, Epoch: 386, params: 2081185, epoch_time: 24.5347, genotype: [[4, [1, 0, 9, 6], [0, 3, 2, 8], [7, 0, 3, 3]], [[1, 2], [3, 4], [3, 5]]]
reward: 0.6887, Epoch: 387, params: 2271265, epoch_time: 25.0055, genotype: [[5, [0, 1, 1, 2], [0, 1, 5, 7], [4, 4, 9, 10]], [[1, 3], [1, 3], [4, 1]]]
reward: 0.4898, Epoch: 388, params: 2177665, epoch_time: 20.1375, genotype: [[4, [1, 1, 5, 7], [0, 2, 2, 5], [4, 0, 9, 2]], [[3, 2], [3, 2], [3, 5]]]
reward: 0.7348, Epoch: 389, params: 2251681, epoch_time: 23.3879, genotype: [[9, [1, 0, 5, 10], [2, 1, 6, 9], [3, 5, 0, 1]], [[3, 0], [0, 3], [3, 5]]]
reward: 0.0008, Epoch: 390, params: 2088385, epoch_time: 2.8192, genotype: [[5, [0, 1, 3, 7], [1, 3, 9, 8], [4, 1, 8, 2]], [[1, 0], [2, 2], [0, 1]]]
reward: 0.5138, Epoch: 391, params: 2174785, epoch_time: 18.7520, genotype: [[5, [1, 0, 9, 9], [3, 4, 3, 2], [4, 1, 8, 6]], [[2, 3], [3, 2], [3, 2]]]
reward: 0.7402, Epoch: 392, params: 2071969, epoch_time: 12.4476, genotype: [[2, [1, 0, 5, 0], [3, 3, 7, 9], [4, 1, 8, 7]], [[1, 3], [1, 4], [5, 2]]]
reward: 0.6980, Epoch: 393, params: 2150881, epoch_time: 18.8189, genotype: [[1, [1, 1, 7, 5], [0, 2, 10, 3], [7, 3, 9, 9]], [[3, 1], [2, 2], [5, 2]]]
reward: 0.5551, Epoch: 394, params: 2066785, epoch_time: 27.9367, genotype: [[4, [0, 0, 8, 4], [3, 1, 7, 5], [2, 6, 0, 9]], [[1, 1], [1, 4], [3, 5]]]
reward: 0.7460, Epoch: 395, params: 2162689, epoch_time: 15.0648, genotype: [[1, [0, 0, 0, 5], [4, 0, 3, 10], [4, 5, 0, 9]], [[1, 1], [0, 1], [3, 4]]]
reward: 0.5142, Epoch: 396, params: 2040289, epoch_time: 16.8264, genotype: [[0, [1, 0, 10, 9], [1, 4, 2, 1], [7, 5, 8, 9]], [[2, 2], [3, 3], [4, 4]]]
reward: 0.6579, Epoch: 397, params: 2047489, epoch_time: 22.9012, genotype: [[2, [1, 0, 0, 10], [2, 1, 4, 9], [7, 4, 0, 5]], [[1, 3], [3, 1], [2, 4]]]
reward: 0.7510, Epoch: 398, params: 2278177, epoch_time: 25.2942, genotype: [[1, [1, 0, 8, 3], [0, 1, 10, 5], [4, 0, 9, 1]], [[3, 2], [4, 2], [0, 5]]]
reward: 0.6431, Epoch: 399, params: 2047489, epoch_time: 27.4436, genotype: [[4, [0, 1, 0, 7], [1, 3, 4, 9], [0, 6, 9, 1]], [[1, 2], [1, 4], [0, 3]]]
reward: 0.6728, Epoch: 400, params: 2304961, epoch_time: 21.9234, genotype: [[1, [1, 0, 7, 1], [1, 2, 2, 6], [1, 3, 4, 2]], [[2, 3], [2, 1], [3, 2]]]
reward: 0.7410, Epoch: 401, params: 2095585, epoch_time: 17.9219, genotype: [[7, [0, 1, 2, 5], [0, 1, 4, 3], [0, 1, 4, 3]], [[3, 2], [1, 2], [0, 1]]]
reward: 0.6843, Epoch: 402, params: 2175073, epoch_time: 20.9886, genotype: [[2, [1, 0, 7, 0], [0, 1, 6, 6], [2, 5, 9, 0]], [[2, 3], [1, 4], [4, 4]]]
reward: 0.7054, Epoch: 403, params: 2196673, epoch_time: 20.0318, genotype: [[2, [1, 0, 4, 0], [0, 2, 8, 2], [7, 2, 1, 5]], [[3, 0], [1, 2], [3, 4]]]
reward: 0.6824, Epoch: 404, params: 2078593, epoch_time: 23.3805, genotype: [[10, [1, 1, 8, 4], [4, 0, 8, 5], [7, 1, 2, 0]], [[3, 2], [1, 1], [3, 1]]]
reward: 0.6478, Epoch: 405, params: 2078593, epoch_time: 17.8094, genotype: [[4, [1, 1, 8, 5], [0, 1, 3, 7], [3, 5, 9, 4]], [[3, 3], [1, 1], [3, 0]]]
reward: 0.7327, Epoch: 406, params: 1968577, epoch_time: 12.3911, genotype: [[7, [1, 1, 10, 3], [0, 0, 7, 2], [4, 1, 2, 0]], [[1, 1], [2, 1], [0, 2]]]
reward: 0.7128, Epoch: 407, params: 2052673, epoch_time: 19.4136, genotype: [[9, [0, 0, 4, 2], [2, 1, 7, 6], [3, 2, 7, 9]], [[1, 0], [1, 1], [2, 4]]]
reward: 0.4683, Epoch: 408, params: 2091553, epoch_time: 19.3170, genotype: [[2, [1, 1, 2, 2], [3, 1, 5, 2], [4, 6, 2, 8]], [[3, 2], [2, 2], [4, 5]]]
reward: 0.0000, Epoch: 409, params: 2076289, epoch_time: 19.2598, genotype: [[4, [1, 0, 9, 3], [0, 1, 4, 2], [6, 0, 6, 3]], [[0, 2], [1, 1], [4, 2]]]
reward: 0.0007, Epoch: 410, params: 2415553, epoch_time: 3.4193, genotype: [[8, [1, 1, 7, 5], [3, 0, 1, 1], [0, 4, 5, 7]], [[1, 0], [4, 4], [5, 0]]]
reward: 0.6846, Epoch: 411, params: 2131585, epoch_time: 17.4807, genotype: [[1, [1, 0, 9, 1], [3, 1, 2, 9], [2, 1, 9, 10]], [[1, 3], [1, 3], [1, 2]]]
reward: 0.6620, Epoch: 412, params: 2376961, epoch_time: 24.4033, genotype: [[1, [1, 0, 6, 5], [4, 2, 9, 9], [4, 5, 1, 7]], [[1, 3], [4, 2], [5, 2]]]
reward: 0.6371, Epoch: 413, params: 2059585, epoch_time: 24.9282, genotype: [[4, [0, 0, 7, 6], [3, 1, 0, 4], [1, 3, 9, 0]], [[2, 3], [4, 1], [5, 1]]]
reward: 0.6656, Epoch: 414, params: 2158081, epoch_time: 15.8245, genotype: [[6, [1, 0, 4, 0], [0, 2, 9, 9], [2, 5, 7, 1]], [[1, 3], [2, 2], [0, 4]]]
reward: 0.6260, Epoch: 415, params: 2035681, epoch_time: 23.1240, genotype: [[2, [1, 1, 4, 10], [1, 0, 10, 6], [3, 6, 9, 7]], [[1, 3], [3, 4], [2, 1]]]
reward: 0.6876, Epoch: 416, params: 2400865, epoch_time: 21.0387, genotype: [[1, [1, 1, 6, 1], [3, 3, 2, 3], [4, 7, 1, 10]], [[2, 3], [1, 2], [5, 1]]]
reward: 0.4952, Epoch: 417, params: 2064481, epoch_time: 17.4315, genotype: [[1, [0, 1, 9, 2], [0, 4, 8, 10], [1, 5, 3, 7]], [[2, 2], [2, 2], [3, 5]]]
reward: 0.6525, Epoch: 418, params: 2177089, epoch_time: 35.3144, genotype: [[5, [0, 1, 9, 4], [3, 2, 8, 4], [7, 4, 4, 5]], [[1, 1], [3, 4], [1, 1]]]
reward: 0.6579, Epoch: 419, params: 2162977, epoch_time: 22.6079, genotype: [[1, [1, 1, 7, 2], [1, 0, 5, 4], [1, 5, 10, 9]], [[1, 3], [2, 2], [3, 1]]]
reward: 0.6157, Epoch: 420, params: 2179681, epoch_time: 31.4920, genotype: [[8, [1, 1, 5, 5], [0, 1, 4, 4], [0, 3, 9, 2]], [[1, 1], [2, 4], [4, 2]]]
reward: 0.6663, Epoch: 421, params: 1978081, epoch_time: 19.2584, genotype: [[2, [1, 1, 3, 7], [1, 1, 2, 8], [3, 7, 3, 9]], [[1, 1], [3, 2], [3, 4]]]
reward: 0.6593, Epoch: 422, params: 2054977, epoch_time: 21.3623, genotype: [[2, [0, 0, 6, 2], [0, 4, 9, 0], [3, 0, 9, 3]], [[1, 3], [1, 3], [4, 5]]]
reward: 0.5320, Epoch: 423, params: 2170177, epoch_time: 18.4144, genotype: [[3, [1, 1, 7, 5], [1, 0, 2, 9], [3, 0, 9, 5]], [[3, 3], [2, 2], [3, 2]]]
reward: 0.0000, Epoch: 424, params: 2316481, epoch_time: 16.3612, genotype: [[5, [1, 0, 1, 1], [0, 2, 8, 3], [0, 1, 4, 3]], [[1, 2], [0, 4], [4, 1]]]
reward: 0.6736, Epoch: 425, params: 2056993, epoch_time: 22.6983, genotype: [[3, [0, 0, 9, 4], [1, 0, 2, 9], [3, 3, 4, 6]], [[1, 1], [3, 2], [3, 2]]]
reward: 0.6854, Epoch: 426, params: 2379265, epoch_time: 19.7911, genotype: [[10, [1, 0, 1, 6], [1, 3, 1, 9], [3, 6, 1, 7]], [[3, 3], [1, 4], [3, 1]]]
reward: 0.0000, Epoch: 427, params: 2050081, epoch_time: 9.1554, genotype: [[2, [0, 0, 10, 0], [1, 1, 9, 0], [4, 3, 1, 7]], [[1, 1], [2, 1], [3, 4]]]
reward: 0.0000, Epoch: 428, params: 2297473, epoch_time: 0.7961, genotype: [[5, [1, 0, 3, 5], [3, 0, 8, 5], [7, 1, 9, 7]], [[1, 3], [3, 2], [0, 5]]]
reward: 0.0000, Epoch: 429, params: 2194657, epoch_time: 0.8332, genotype: [[1, [0, 1, 5, 2], [3, 4, 4, 2], [2, 5, 2, 2]], [[2, 1], [1, 4], [3, 4]]]
reward: 0.0000, Epoch: 430, params: 1932289, epoch_time: 0.7623, genotype: [[10, [0, 0, 9, 2], [1, 0, 9, 0], [0, 5, 8, 7]], [[3, 2], [2, 1], [5, 1]]]
reward: 0.0000, Epoch: 431, params: 2068801, epoch_time: 0.8692, genotype: [[4, [1, 0, 1, 10], [0, 2, 8, 0], [1, 6, 4, 4]], [[1, 0], [1, 0], [0, 1]]]
reward: 0.0000, Epoch: 432, params: 1985281, epoch_time: 0.8506, genotype: [[7, [0, 1, 4, 3], [3, 3, 7, 0], [2, 6, 2, 8]], [[3, 1], [4, 4], [2, 1]]]
reward: 0.0000, Epoch: 433, params: 2143681, epoch_time: 0.8645, genotype: [[6, [1, 0, 0, 9], [1, 2, 9, 6], [3, 5, 10, 7]], [[1, 2], [2, 1], [3, 5]]]
reward: 0.0000, Epoch: 434, params: 2311873, epoch_time: 0.9214, genotype: [[3, [1, 0, 5, 3], [0, 4, 2, 5], [4, 1, 1, 0]], [[1, 1], [1, 4], [2, 0]]]
reward: 0.0000, Epoch: 435, params: 2297473, epoch_time: 0.9091, genotype: [[6, [0, 0, 6, 0], [0, 1, 5, 4], [4, 7, 4, 7]], [[2, 3], [2, 2], [5, 1]]]
reward: 0.6556, Epoch: 436, params: 2167585, epoch_time: 22.6141, genotype: [[3, [0, 1, 4, 7], [4, 1, 5, 9], [4, 4, 1, 9]], [[1, 3], [2, 1], [3, 2]]]
reward: 0.5932, Epoch: 437, params: 2073697, epoch_time: 21.2482, genotype: [[10, [1, 0, 5, 8], [0, 1, 10, 8], [4, 3, 8, 3]], [[2, 3], [1, 2], [2, 5]]]
reward: 0.0673, Epoch: 438, params: 2410945, epoch_time: 3.3974, genotype: [[7, [1, 0, 2, 2], [2, 4, 5, 1], [7, 0, 6, 5]], [[3, 1], [0, 4], [3, 5]]]
reward: 0.7404, Epoch: 439, params: 2275585, epoch_time: 17.3887, genotype: [[4, [1, 0, 9, 1], [1, 4, 6, 8], [3, 3, 6, 9]], [[3, 1], [3, 0], [3, 2]]]
reward: 0.6111, Epoch: 440, params: 1936897, epoch_time: 19.7443, genotype: [[4, [1, 0, 0, 9], [1, 1, 4, 2], [4, 6, 9, 0]], [[2, 3], [4, 1], [3, 3]]]
reward: 0.6680, Epoch: 441, params: 2052097, epoch_time: 22.0826, genotype: [[9, [0, 0, 5, 9], [3, 2, 3, 3], [4, 3, 3, 10]], [[1, 1], [1, 2], [2, 5]]]
reward: 0.7568, Epoch: 442, params: 2201281, epoch_time: 19.4974, genotype: [[1, [1, 0, 4, 0], [0, 1, 5, 2], [1, 6, 3, 3]], [[2, 0], [4, 1], [3, 2]]]
reward: 0.6076, Epoch: 443, params: 2083777, epoch_time: 23.5716, genotype: [[7, [1, 1, 8, 5], [1, 3, 3, 9], [3, 0, 2, 8]], [[1, 1], [1, 4], [1, 5]]]
reward: 0.6689, Epoch: 444, params: 2177089, epoch_time: 25.4667, genotype: [[3, [0, 1, 5, 4], [3, 2, 10, 1], [7, 3, 4, 0]], [[3, 2], [2, 1], [5, 1]]]
reward: 0.6508, Epoch: 445, params: 1963969, epoch_time: 18.4769, genotype: [[7, [1, 0, 8, 2], [2, 4, 7, 7], [7, 5, 0, 9]], [[3, 2], [4, 2], [5, 1]]]
reward: 0.7383, Epoch: 446, params: 2078593, epoch_time: 13.6895, genotype: [[3, [0, 0, 6, 3], [1, 1, 4, 0], [3, 4, 2, 9]], [[1, 3], [2, 1], [3, 1]]]
reward: 0.5889, Epoch: 447, params: 2167873, epoch_time: 16.9074, genotype: [[7, [1, 1, 5, 3], [3, 2, 6, 9], [7, 3, 9, 2]], [[1, 3], [1, 3], [3, 4]]]
reward: 0.7032, Epoch: 448, params: 2090977, epoch_time: 12.0912, genotype: [[6, [1, 0, 7, 3], [4, 1, 0, 2], [7, 1, 7, 0]], [[1, 2], [1, 2], [2, 2]]]
reward: 0.6086, Epoch: 449, params: 1961089, epoch_time: 21.7741, genotype: [[8, [1, 0, 0, 4], [0, 3, 4, 7], [1, 4, 9, 2]], [[3, 3], [2, 1], [3, 5]]]
reward: 0.0000, Epoch: 450, params: 2066497, epoch_time: 10.5766, genotype: [[4, [0, 1, 8, 1], [2, 1, 9, 8], [0, 5, 3, 9]], [[3, 1], [3, 1], [4, 3]]]
reward: 0.0000, Epoch: 451, params: 2181985, epoch_time: 0.9125, genotype: [[8, [0, 1, 4, 9], [4, 1, 6, 2], [4, 3, 0, 6]], [[1, 1], [1, 1], [3, 1]]]
reward: 0.0000, Epoch: 452, params: 2052385, epoch_time: 0.9281, genotype: [[10, [1, 1, 5, 7], [3, 0, 2, 4], [3, 1, 0, 9]], [[2, 2], [1, 1], [3, 2]]]
reward: 0.0000, Epoch: 453, params: 2290273, epoch_time: 0.8529, genotype: [[1, [1, 1, 2, 3], [1, 1, 4, 9], [4, 0, 1, 1]], [[3, 3], [2, 1], [0, 4]]]
reward: 0.0000, Epoch: 454, params: 2146273, epoch_time: 0.9238, genotype: [[5, [1, 0, 9, 9], [2, 1, 7, 2], [1, 7, 10, 5]], [[1, 2], [2, 2], [1, 5]]]
reward: 0.7261, Epoch: 455, params: 2187169, epoch_time: 15.8521, genotype: [[7, [1, 0, 8, 6], [1, 4, 5, 2], [4, 3, 9, 7]], [[3, 0], [3, 2], [3, 2]]]
reward: 0.0664, Epoch: 456, params: 2179681, epoch_time: 3.0532, genotype: [[6, [0, 0, 8, 6], [2, 1, 0, 0], [4, 5, 7, 9]], [[3, 0], [4, 2], [3, 1]]]
reward: 0.1628, Epoch: 457, params: 1927393, epoch_time: 4.0557, genotype: [[4, [1, 0, 0, 10], [2, 1, 9, 2], [4, 1, 7, 10]], [[3, 1], [3, 2], [3, 2]]]
reward: 0.5107, Epoch: 458, params: 2078881, epoch_time: 18.7252, genotype: [[7, [0, 0, 8, 4], [3, 0, 8, 9], [1, 6, 1, 2]], [[2, 2], [2, 2], [4, 2]]]
reward: 0.0000, Epoch: 459, params: 2050369, epoch_time: 11.5646, genotype: [[1, [1, 1, 2, 2], [0, 3, 4, 10], [3, 1, 7, 9]], [[2, 2], [0, 4], [5, 4]]]
reward: 0.0000, Epoch: 460, params: 1951297, epoch_time: 11.9404, genotype: [[4, [0, 1, 8, 4], [3, 0, 8, 7], [7, 2, 9, 9]], [[1, 1], [1, 2], [3, 5]]]
reward: 0.0000, Epoch: 461, params: 2023297, epoch_time: 15.9999, genotype: [[9, [1, 0, 10, 5], [1, 4, 4, 9], [3, 6, 9, 8]], [[1, 3], [0, 2], [5, 2]]]
reward: 0.6698, Epoch: 462, params: 2270977, epoch_time: 24.1265, genotype: [[5, [1, 0, 4, 6], [3, 1, 7, 1], [2, 3, 9, 9]], [[1, 3], [3, 2], [2, 1]]]
reward: 0.0000, Epoch: 463, params: 2066785, epoch_time: 10.6336, genotype: [[9, [1, 0, 8, 2], [4, 4, 4, 0], [1, 5, 0, 1]], [[2, 1], [1, 4], [2, 5]]]
reward: 0.0000, Epoch: 464, params: 2268673, epoch_time: 10.2330, genotype: [[5, [0, 1, 9, 5], [4, 1, 9, 0], [2, 6, 7, 1]], [[3, 2], [2, 2], [5, 5]]]
reward: 0.0994, Epoch: 465, params: 2167585, epoch_time: 9.7764, genotype: [[0, [1, 1, 5, 5], [2, 2, 9, 0], [7, 4, 4, 4]], [[1, 2], [4, 4], [5, 5]]]
reward: 0.0659, Epoch: 466, params: 2158369, epoch_time: 2.9258, genotype: [[5, [0, 1, 7, 9], [3, 1, 7, 9], [4, 6, 1, 4]], [[0, 3], [4, 2], [4, 5]]]
reward: 0.7438, Epoch: 467, params: 2158081, epoch_time: 12.1802, genotype: [[4, [0, 0, 0, 1], [4, 4, 7, 9], [3, 4, 9, 5]], [[2, 3], [1, 4], [3, 1]]]
reward: 0.6436, Epoch: 468, params: 1955905, epoch_time: 22.8631, genotype: [[4, [1, 0, 4, 9], [0, 1, 8, 0], [7, 3, 4, 4]], [[3, 3], [2, 3], [4, 1]]]
reward: 0.7325, Epoch: 469, params: 2285665, epoch_time: 11.3854, genotype: [[7, [1, 0, 7, 1], [0, 1, 1, 9], [1, 0, 1, 0]], [[1, 3], [4, 3], [3, 1]]]
reward: 0.6899, Epoch: 470, params: 2083777, epoch_time: 13.8469, genotype: [[0, [0, 1, 3, 1], [2, 1, 2, 4], [2, 1, 4, 7]], [[1, 3], [2, 4], [2, 5]]]
reward: 0.0026, Epoch: 471, params: 2304961, epoch_time: 3.1338, genotype: [[2, [1, 0, 4, 3], [0, 2, 6, 5], [2, 2, 2, 1]], [[3, 0], [3, 4], [5, 3]]]
reward: 0.6674, Epoch: 472, params: 2155489, epoch_time: 24.6820, genotype: [[9, [1, 0, 4, 1], [3, 1, 0, 9], [2, 3, 4, 5]], [[1, 1], [3, 4], [3, 2]]]
reward: 0.6992, Epoch: 473, params: 2285377, epoch_time: 12.5210, genotype: [[1, [0, 1, 4, 9], [0, 2, 4, 1], [3, 4, 8, 1]], [[1, 3], [3, 2], [5, 4]]]
reward: 0.3777, Epoch: 474, params: 2170177, epoch_time: 17.4807, genotype: [[9, [1, 0, 1, 1], [3, 3, 0, 0], [7, 6, 4, 2]], [[3, 3], [3, 4], [5, 5]]]
reward: 0.6891, Epoch: 475, params: 2174785, epoch_time: 12.0195, genotype: [[0, [1, 1, 10, 2], [0, 1, 4, 1], [4, 5, 6, 4]], [[2, 2], [2, 2], [3, 2]]]
reward: 0.7528, Epoch: 476, params: 2040289, epoch_time: 11.3894, genotype: [[2, [1, 0, 9, 0], [0, 0, 3, 9], [3, 4, 10, 5]], [[2, 3], [2, 3], [4, 1]]]
reward: 0.0000, Epoch: 477, params: 2083489, epoch_time: 10.6417, genotype: [[3, [1, 1, 4, 3], [1, 3, 8, 7], [0, 0, 5, 9]], [[2, 2], [4, 1], [2, 4]]]
reward: 0.0349, Epoch: 478, params: 2040289, epoch_time: 2.5031, genotype: [[9, [1, 0, 9, 8], [3, 4, 7, 0], [4, 4, 1, 10]], [[1, 0], [4, 4], [1, 4]]]
reward: 0.6522, Epoch: 479, params: 2170177, epoch_time: 13.6003, genotype: [[8, [1, 1, 3, 9], [3, 1, 6, 2], [7, 3, 6, 9]], [[1, 2], [4, 1], [5, 2]]]
reward: 0.7253, Epoch: 480, params: 1972897, epoch_time: 11.2520, genotype: [[0, [1, 0, 9, 0], [0, 1, 7, 8], [6, 1, 3, 8]], [[1, 2], [2, 1], [2, 5]]]
reward: 0.7084, Epoch: 481, params: 2047489, epoch_time: 14.6701, genotype: [[5, [1, 0, 9, 7], [3, 4, 10, 0], [4, 6, 4, 4]], [[1, 1], [1, 2], [3, 5]]]
reward: 0.5223, Epoch: 482, params: 2040289, epoch_time: 17.4781, genotype: [[7, [0, 1, 9, 3], [0, 3, 0, 5], [3, 3, 9, 9]], [[2, 3], [2, 4], [3, 4]]]
reward: 0.5106, Epoch: 483, params: 2288257, epoch_time: 19.1891, genotype: [[6, [1, 0, 7, 2], [0, 1, 2, 1], [1, 6, 5, 9]], [[2, 2], [2, 2], [2, 5]]]
reward: 0.0026, Epoch: 484, params: 2054977, epoch_time: 2.6605, genotype: [[7, [0, 0, 9, 2], [3, 1, 5, 9], [4, 0, 7, 0]], [[3, 2], [2, 0], [3, 1]]]
reward: 0.7528, Epoch: 485, params: 2073985, epoch_time: 13.3884, genotype: [[3, [0, 1, 5, 0], [3, 2, 2, 2], [4, 3, 9, 0]], [[2, 1], [2, 1], [3, 1]]]
reward: 0.6501, Epoch: 486, params: 2044897, epoch_time: 11.4076, genotype: [[8, [1, 1, 9, 1], [0, 3, 10, 8], [1, 4, 4, 10]], [[1, 1], [3, 2], [3, 5]]]
reward: 0.1962, Epoch: 487, params: 2290273, epoch_time: 4.4755, genotype: [[7, [0, 0, 6, 8], [0, 3, 1, 4], [7, 3, 5, 9]], [[3, 2], [0, 2], [5, 3]]]
reward: 0.0000, Epoch: 488, params: 1951297, epoch_time: 9.6051, genotype: [[3, [1, 0, 9, 0], [2, 4, 9, 2], [5, 1, 0, 3]], [[1, 1], [2, 3], [5, 1]]]
reward: 0.6770, Epoch: 489, params: 2064193, epoch_time: 22.8577, genotype: [[4, [1, 0, 5, 3], [0, 0, 8, 9], [3, 5, 7, 9]], [[3, 2], [2, 1], [2, 1]]]
reward: 0.6900, Epoch: 490, params: 2179681, epoch_time: 20.5821, genotype: [[1, [0, 0, 0, 8], [0, 0, 5, 0], [2, 6, 2, 9]], [[3, 3], [3, 1], [2, 5]]]
reward: 0.7426, Epoch: 491, params: 2057281, epoch_time: 13.2512, genotype: [[9, [0, 0, 2, 5], [0, 1, 7, 9], [4, 4, 3, 4]], [[3, 3], [1, 2], [5, 2]]]
reward: 0.6559, Epoch: 492, params: 2083777, epoch_time: 22.7827, genotype: [[4, [1, 0, 7, 4], [0, 4, 5, 0], [2, 0, 7, 7]], [[3, 1], [3, 2], [3, 2]]]
reward: 0.6517, Epoch: 493, params: 1929697, epoch_time: 19.0344, genotype: [[2, [0, 0, 4, 8], [0, 1, 9, 9], [2, 0, 9, 0]], [[3, 2], [3, 1], [3, 4]]]
reward: 0.7104, Epoch: 494, params: 2299777, epoch_time: 18.4357, genotype: [[1, [1, 1, 10, 3], [3, 0, 1, 1], [4, 1, 7, 3]], [[3, 3], [3, 1], [3, 2]]]
reward: 0.7414, Epoch: 495, params: 2199265, epoch_time: 13.5166, genotype: [[5, [1, 1, 6, 3], [4, 3, 2, 2], [3, 1, 7, 0]], [[1, 1], [2, 2], [5, 3]]]
reward: 0.7155, Epoch: 496, params: 1968577, epoch_time: 11.1832, genotype: [[2, [0, 1, 3, 7], [0, 2, 2, 2], [4, 6, 9, 0]], [[3, 2], [2, 2], [3, 2]]]
reward: 0.7117, Epoch: 497, params: 2061889, epoch_time: 12.5090, genotype: [[3, [1, 1, 5, 7], [1, 2, 4, 10], [4, 5, 3, 9]], [[2, 3], [1, 4], [3, 1]]]
reward: 0.0000, Epoch: 498, params: 2251681, epoch_time: 17.9760, genotype: [[6, [1, 0, 5, 10], [1, 1, 6, 9], [1, 4, 9, 0]], [[1, 3], [2, 0], [4, 4]]]
reward: 0.0000, Epoch: 499, params: 1958497, epoch_time: 0.8220, genotype: [[3, [1, 1, 10, 8], [0, 4, 4, 8], [7, 3, 9, 7]], [[3, 2], [4, 2], [0, 2]]]
reward: 0.0000, Epoch: 500, params: 2410657, epoch_time: 0.8508, genotype: [[6, [1, 0, 1, 7], [0, 2, 5, 0], [3, 1, 5, 7]], [[1, 0], [2, 1], [3, 5]]]
reward: 0.0000, Epoch: 501, params: 2078881, epoch_time: 0.7591, genotype: [[7, [0, 1, 7, 5], [1, 0, 0, 0], [3, 0, 4, 0]], [[3, 3], [2, 2], [3, 4]]]
reward: 0.0000, Epoch: 502, params: 2316769, epoch_time: 0.8880, genotype: [[8, [1, 0, 3, 5], [2, 4, 2, 2], [3, 3, 1, 6]], [[1, 3], [1, 1], [3, 3]]]
reward: 0.0000, Epoch: 503, params: 2417857, epoch_time: 0.9185, genotype: [[5, [1, 0, 5, 5], [2, 1, 8, 7], [1, 5, 5, 2]], [[3, 3], [4, 1], [1, 1]]]
reward: 0.7412, Epoch: 504, params: 2193793, epoch_time: 12.4134, genotype: [[1, [0, 1, 3, 6], [0, 2, 8, 8], [6, 0, 10, 0]], [[2, 2], [2, 1], [3, 1]]]
reward: 0.7349, Epoch: 505, params: 2057281, epoch_time: 12.1548, genotype: [[5, [0, 1, 10, 2], [4, 4, 8, 9], [2, 6, 0, 7]], [[1, 2], [2, 3], [2, 4]]]
reward: 0.0000, Epoch: 506, params: 2071969, epoch_time: 10.7428, genotype: [[7, [0, 1, 9, 4], [2, 1, 1, 2], [4, 7, 7, 3]], [[3, 2], [3, 1], [5, 4]]]
reward: 0.6694, Epoch: 507, params: 1951297, epoch_time: 17.9569, genotype: [[2, [0, 0, 0, 9], [0, 4, 8, 0], [4, 5, 9, 3]], [[2, 1], [2, 3], [5, 2]]]
reward: 0.0000, Epoch: 508, params: 1975489, epoch_time: 11.6231, genotype: [[10, [0, 0, 7, 2], [0, 1, 3, 4], [2, 7, 3, 8]], [[1, 1], [1, 3], [5, 2]]]
reward: 0.6205, Epoch: 509, params: 1963393, epoch_time: 21.4185, genotype: [[4, [1, 1, 2, 0], [3, 1, 9, 8], [0, 5, 2, 4]], [[1, 3], [3, 2], [2, 2]]]
reward: 0.0000, Epoch: 510, params: 2408065, epoch_time: 12.0584, genotype: [[4, [1, 0, 5, 1], [0, 2, 0, 1], [3, 6, 1, 2]], [[1, 3], [3, 4], [2, 4]]]
reward: 0.0000, Epoch: 511, params: 2071681, epoch_time: 11.2277, genotype: [[1, [0, 1, 7, 3], [0, 2, 2, 9], [0, 6, 4, 4]], [[1, 3], [3, 3], [3, 4]]]
reward: 0.6851, Epoch: 512, params: 1939489, epoch_time: 11.0224, genotype: [[3, [1, 1, 7, 8], [0, 1, 2, 9], [3, 0, 10, 10]], [[3, 2], [2, 4], [2, 3]]]
reward: 0.0000, Epoch: 513, params: 1968577, epoch_time: 2.4891, genotype: [[2, [1, 1, 0, 7], [0, 2, 2, 8], [3, 5, 10, 2]], [[1, 3], [2, 2], [0, 3]]]
reward: 0.5568, Epoch: 514, params: 2071681, epoch_time: 19.1843, genotype: [[5, [0, 1, 3, 4], [2, 1, 2, 7], [7, 6, 0, 9]], [[2, 2], [3, 4], [3, 2]]]
reward: 0.7324, Epoch: 515, params: 2064193, epoch_time: 11.8536, genotype: [[9, [0, 0, 9, 7], [0, 1, 3, 6], [3, 5, 3, 0]], [[2, 2], [3, 1], [2, 2]]]
reward: 0.0038, Epoch: 516, params: 1995073, epoch_time: 2.7239, genotype: [[2, [1, 0, 7, 7], [1, 2, 3, 2], [7, 7, 8, 8]], [[1, 0], [0, 2], [2, 5]]]
reward: 0.0000, Epoch: 517, params: 2093569, epoch_time: 11.5029, genotype: [[2, [1, 0, 5, 2], [3, 0, 2, 4], [3, 3, 7, 3]], [[1, 3], [2, 3], [3, 2]]]
reward: 0.0000, Epoch: 518, params: 2165281, epoch_time: 10.3915, genotype: [[8, [1, 0, 9, 7], [0, 1, 1, 1], [1, 5, 4, 10]], [[1, 2], [3, 4], [3, 2]]]
reward: 0.0000, Epoch: 519, params: 2290273, epoch_time: 11.6085, genotype: [[9, [1, 1, 4, 2], [0, 1, 1, 5], [0, 3, 3, 1]], [[1, 3], [2, 2], [3, 4]]]
reward: 0.0000, Epoch: 520, params: 2285665, epoch_time: 0.7839, genotype: [[9, [0, 0, 2, 5], [0, 0, 5, 5], [4, 5, 7, 0]], [[1, 1], [1, 1], [4, 2]]]
reward: 0.0000, Epoch: 521, params: 1961377, epoch_time: 0.8969, genotype: [[3, [1, 0, 7, 0], [0, 1, 4, 7], [7, 5, 10, 2]], [[2, 2], [2, 4], [5, 5]]]
reward: 0.0000, Epoch: 522, params: 2079169, epoch_time: 0.7863, genotype: [[3, [0, 0, 7, 10], [2, 0, 5, 2], [4, 6, 8, 2]], [[2, 2], [1, 2], [4, 5]]]
reward: 0.0000, Epoch: 523, params: 2148289, epoch_time: 0.8726, genotype: [[5, [0, 1, 0, 9], [0, 2, 9, 5], [4, 3, 3, 9]], [[1, 1], [2, 4], [2, 2]]]
reward: 0.0000, Epoch: 524, params: 2083489, epoch_time: 0.8965, genotype: [[3, [1, 1, 2, 8], [0, 4, 8, 4], [1, 5, 1, 9]], [[2, 2], [4, 1], [4, 2]]]
reward: 0.0000, Epoch: 525, params: 2071393, epoch_time: 0.8777, genotype: [[0, [0, 0, 4, 9], [4, 2, 0, 3], [7, 7, 6, 3]], [[3, 3], [3, 1], [4, 5]]]
reward: 0.0000, Epoch: 526, params: 2408353, epoch_time: 0.9105, genotype: [[1, [1, 1, 5, 2], [1, 1, 1, 6], [2, 6, 4, 2]], [[2, 3], [3, 4], [0, 5]]]
reward: 0.0000, Epoch: 527, params: 1944385, epoch_time: 0.8036, genotype: [[2, [1, 0, 9, 2], [0, 1, 9, 2], [2, 3, 4, 4]], [[3, 1], [1, 1], [1, 1]]]
reward: 0.0000, Epoch: 528, params: 2299777, epoch_time: 0.8149, genotype: [[5, [1, 1, 6, 3], [0, 1, 3, 2], [3, 5, 5, 9]], [[2, 3], [3, 1], [2, 2]]]
reward: 0.7369, Epoch: 529, params: 2057281, epoch_time: 12.0662, genotype: [[7, [1, 0, 4, 1], [1, 1, 9, 3], [3, 0, 9, 7]], [[1, 2], [2, 2], [2, 5]]]
reward: 0.5168, Epoch: 530, params: 1994497, epoch_time: 18.0283, genotype: [[3, [1, 0, 0, 8], [0, 1, 3, 0], [4, 6, 8, 2]], [[3, 3], [3, 2], [2, 5]]]
reward: 0.0000, Epoch: 531, params: 2395969, epoch_time: 12.5805, genotype: [[6, [0, 1, 1, 8], [0, 1, 1, 4], [0, 5, 10, 1]], [[1, 1], [1, 2], [4, 5]]]
reward: 0.7095, Epoch: 532, params: 1929697, epoch_time: 13.4112, genotype: [[0, [1, 1, 10, 8], [0, 1, 10, 10], [0, 6, 7, 4]], [[1, 3], [3, 0], [4, 1]]]
reward: 0.7392, Epoch: 533, params: 2079169, epoch_time: 12.0464, genotype: [[7, [1, 0, 3, 1], [0, 0, 9, 3], [6, 0, 2, 2]], [[1, 2], [2, 4], [2, 5]]]
reward: 0.5388, Epoch: 534, params: 1980097, epoch_time: 18.9608, genotype: [[2, [0, 0, 3, 3], [1, 1, 3, 3], [4, 2, 9, 4]], [[3, 2], [2, 4], [3, 2]]]
reward: 0.6461, Epoch: 535, params: 2066497, epoch_time: 24.4500, genotype: [[4, [0, 0, 3, 3], [3, 1, 3, 9], [7, 4, 9, 5]], [[3, 1], [4, 2], [3, 1]]]
reward: 0.0000, Epoch: 536, params: 2208481, epoch_time: 10.0133, genotype: [[6, [1, 1, 3, 6], [3, 2, 8, 7], [3, 6, 3, 0]], [[2, 3], [2, 4], [2, 2]]]
reward: 0.0000, Epoch: 537, params: 2162977, epoch_time: 0.8380, genotype: [[4, [1, 0, 7, 7], [4, 0, 6, 1], [3, 6, 9, 9]], [[1, 2], [3, 2], [1, 2]]]
reward: 0.0000, Epoch: 538, params: 2141089, epoch_time: 0.8303, genotype: [[1, [1, 0, 9, 9], [0, 1, 0, 5], [1, 0, 0, 9]], [[1, 3], [1, 4], [2, 2]]]
