reward: 0.3641, Epoch: 8, params: 2076571, epoch_time: 12.4605, genotype: [[2, [1, 0, 10, 8], [2, 3, 1, 8], [2, 1, 2, 2]], [[3, 1], [2, 4], [5, 5]]]
reward: 0.2627, Epoch: 9, params: 2198971, epoch_time: 13.0536, genotype: [[0, [1, 1, 2, 8], [4, 4, 8, 2], [7, 6, 6, 1]], [[2, 3], [1, 3], [5, 4]]]
reward: 0.4534, Epoch: 10, params: 2179675, epoch_time: 26.5805, genotype: [[0, [1, 0, 2, 10], [1, 0, 8, 2], [7, 1, 6, 6]], [[0, 2], [3, 1], [4, 3]]]
reward: 0.4532, Epoch: 11, params: 2289979, epoch_time: 24.3826, genotype: [[10, [0, 0, 6, 6], [3, 1, 0, 5], [0, 1, 3, 2]], [[2, 3], [0, 2], [3, 1]]]
reward: 0.4499, Epoch: 12, params: 2050075, epoch_time: 12.1942, genotype: [[1, [0, 0, 2, 7], [2, 2, 7, 9], [0, 7, 10, 0]], [[1, 2], [4, 4], [0, 1]]]
reward: 0.4929, Epoch: 13, params: 2210779, epoch_time: 41.2761, genotype: [[3, [0, 0, 5, 8], [0, 4, 3, 2], [5, 6, 2, 5]], [[3, 0], [0, 0], [2, 0]]]
reward: 0.3880, Epoch: 14, params: 2189467, epoch_time: 24.2120, genotype: [[7, [0, 0, 2, 6], [2, 4, 4, 7], [0, 5, 4, 5]], [[3, 2], [0, 1], [4, 2]]]
reward: 0.4464, Epoch: 15, params: 2147995, epoch_time: 24.3193, genotype: [[9, [1, 0, 5, 0], [2, 2, 9, 10], [6, 7, 5, 8]], [[1, 3], [1, 1], [0, 0]]]
reward: 0.4609, Epoch: 16, params: 1931995, epoch_time: 11.1954, genotype: [[7, [1, 0, 0, 9], [2, 4, 9, 9], [2, 6, 3, 2]], [[3, 2], [2, 0], [1, 1]]]
reward: 0.3264, Epoch: 17, params: 1948699, epoch_time: 20.5562, genotype: [[8, [0, 0, 0, 9], [4, 4, 10, 3], [7, 5, 4, 7]], [[3, 0], [2, 4], [4, 0]]]
reward: 0.3734, Epoch: 18, params: 1934299, epoch_time: 14.0793, genotype: [[9, [0, 0, 0, 9], [4, 3, 3, 3], [6, 7, 2, 9]], [[3, 0], [1, 0], [1, 5]]]
reward: 0.2747, Epoch: 19, params: 2071387, epoch_time: 16.0140, genotype: [[2, [1, 1, 4, 4], [1, 4, 10, 3], [3, 1, 5, 3]], [[3, 2], [2, 1], [4, 5]]]
reward: 0.4123, Epoch: 20, params: 1951291, epoch_time: 12.8628, genotype: [[3, [1, 0, 7, 2], [2, 2, 10, 10], [0, 0, 0, 8]], [[3, 1], [4, 3], [4, 0]]]
reward: 0.4913, Epoch: 21, params: 2177083, epoch_time: 25.0039, genotype: [[2, [0, 1, 0, 5], [0, 2, 5, 3], [4, 1, 0, 9]], [[0, 0], [1, 2], [5, 2]]]
reward: 0.4219, Epoch: 22, params: 2056699, epoch_time: 28.8889, genotype: [[5, [1, 0, 8, 9], [2, 0, 10, 0], [0, 4, 4, 8]], [[1, 0], [2, 0], [3, 5]]]
reward: 0.4487, Epoch: 23, params: 2275579, epoch_time: 32.1093, genotype: [[9, [1, 1, 6, 5], [1, 4, 2, 10], [4, 4, 1, 8]], [[1, 0], [0, 0], [1, 1]]]
reward: 0.3959, Epoch: 24, params: 2215387, epoch_time: 14.3687, genotype: [[2, [0, 0, 3, 8], [3, 4, 3, 5], [7, 5, 1, 8]], [[1, 2], [2, 2], [1, 1]]]
reward: 0.2885, Epoch: 25, params: 2287675, epoch_time: 42.6865, genotype: [[4, [1, 1, 5, 5], [2, 1, 8, 7], [0, 3, 9, 1]], [[0, 2], [0, 0], [4, 3]]]
reward: 0.4181, Epoch: 26, params: 2412667, epoch_time: 37.1242, genotype: [[2, [1, 0, 1, 3], [0, 3, 5, 4], [4, 1, 6, 6]], [[0, 3], [3, 3], [1, 4]]]
reward: 0.1683, Epoch: 27, params: 2169883, epoch_time: 10.4415, genotype: [[7, [1, 0, 1, 8], [2, 0, 5, 9], [3, 7, 10, 3]], [[3, 3], [3, 4], [3, 3]]]
reward: 0.3332, Epoch: 28, params: 2184571, epoch_time: 13.7121, genotype: [[4, [0, 1, 2, 0], [4, 0, 7, 0], [0, 0, 6, 1]], [[3, 3], [4, 1], [3, 5]]]
reward: 0.3248, Epoch: 29, params: 2045179, epoch_time: 27.5596, genotype: [[10, [0, 0, 0, 10], [4, 1, 5, 0], [6, 0, 7, 7]], [[0, 0], [4, 4], [4, 5]]]
reward: 0.3226, Epoch: 30, params: 2194075, epoch_time: 24.0003, genotype: [[4, [1, 0, 6, 4], [0, 2, 2, 1], [1, 6, 7, 8]], [[1, 3], [1, 0], [1, 4]]]
reward: 0.3266, Epoch: 31, params: 2311579, epoch_time: 30.2559, genotype: [[6, [1, 1, 6, 3], [1, 4, 2, 4], [5, 6, 6, 3]], [[1, 3], [0, 3], [1, 1]]]
reward: 0.3924, Epoch: 32, params: 2052091, epoch_time: 28.7687, genotype: [[2, [1, 1, 10, 9], [4, 1, 5, 0], [6, 4, 8, 4]], [[0, 1], [4, 1], [4, 3]]]
reward: 0.3961, Epoch: 33, params: 2069083, epoch_time: 11.8752, genotype: [[7, [0, 0, 0, 4], [1, 0, 8, 7], [1, 2, 1, 9]], [[1, 1], [3, 3], [2, 5]]]
reward: 0.4813, Epoch: 34, params: 2092987, epoch_time: 30.8347, genotype: [[0, [0, 0, 8, 7], [3, 4, 3, 0], [7, 4, 3, 5]], [[0, 0], [2, 4], [5, 5]]]
reward: 0.4275, Epoch: 35, params: 1941211, epoch_time: 14.3876, genotype: [[10, [0, 0, 9, 3], [3, 4, 3, 3], [2, 5, 4, 10]], [[1, 3], [0, 1], [2, 3]]]
reward: 0.4457, Epoch: 36, params: 1956187, epoch_time: 13.3221, genotype: [[0, [0, 1, 0, 0], [3, 2, 7, 2], [6, 3, 2, 10]], [[3, 0], [0, 2], [1, 3]]]
reward: 0.3500, Epoch: 37, params: 2177371, epoch_time: 15.4307, genotype: [[2, [1, 1, 7, 2], [2, 2, 9, 5], [4, 4, 4, 6]], [[2, 3], [2, 1], [3, 1]]]
reward: 0.4421, Epoch: 38, params: 2097595, epoch_time: 26.7031, genotype: [[3, [1, 1, 5, 3], [0, 1, 8, 0], [4, 1, 2, 4]], [[1, 3], [0, 3], [1, 0]]]
reward: 0.2545, Epoch: 39, params: 2304379, epoch_time: 17.8797, genotype: [[6, [0, 1, 3, 4], [4, 2, 6, 4], [2, 6, 5, 3]], [[3, 3], [4, 1], [5, 4]]]
reward: 0.4226, Epoch: 40, params: 2083483, epoch_time: 13.2841, genotype: [[9, [1, 0, 2, 3], [3, 2, 5, 3], [5, 1, 2, 8]], [[1, 2], [4, 1], [3, 3]]]
reward: 0.4314, Epoch: 41, params: 2179675, epoch_time: 15.4000, genotype: [[7, [0, 0, 4, 7], [0, 1, 9, 1], [1, 2, 1, 3]], [[2, 1], [2, 2], [4, 0]]]
reward: 0.3666, Epoch: 42, params: 2078299, epoch_time: 13.0092, genotype: [[8, [0, 1, 8, 0], [0, 0, 1, 9], [1, 2, 4, 8]], [[1, 3], [1, 1], [4, 2]]]
reward: 0.4003, Epoch: 43, params: 2054683, epoch_time: 17.3306, genotype: [[1, [1, 1, 4, 2], [1, 2, 9, 9], [2, 4, 7, 3]], [[2, 0], [4, 2], [1, 1]]]
reward: 0.4523, Epoch: 44, params: 2073691, epoch_time: 24.9446, genotype: [[0, [1, 0, 7, 3], [1, 1, 8, 9], [2, 2, 0, 6]], [[1, 0], [4, 1], [4, 2]]]
reward: 0.3357, Epoch: 45, params: 2263483, epoch_time: 24.2000, genotype: [[1, [0, 0, 5, 9], [3, 4, 5, 0], [7, 1, 10, 0]], [[1, 0], [3, 3], [3, 4]]]
reward: 0.3770, Epoch: 46, params: 1955899, epoch_time: 12.9320, genotype: [[0, [0, 0, 3, 0], [2, 4, 0, 7], [0, 3, 9, 0]], [[1, 0], [4, 1], [3, 3]]]
reward: 0.4521, Epoch: 47, params: 2290267, epoch_time: 22.5041, genotype: [[2, [0, 0, 3, 6], [4, 3, 6, 7], [7, 4, 9, 1]], [[3, 1], [4, 0], [1, 1]]]
reward: 0.3488, Epoch: 48, params: 1963387, epoch_time: 16.7737, genotype: [[4, [0, 0, 4, 2], [2, 4, 8, 7], [2, 2, 2, 10]], [[0, 1], [3, 2], [2, 2]]]
reward: 0.4030, Epoch: 49, params: 1951291, epoch_time: 17.3020, genotype: [[4, [1, 1, 10, 7], [3, 2, 3, 3], [0, 0, 7, 9]], [[0, 2], [2, 4], [1, 3]]]
reward: 0.2973, Epoch: 50, params: 1980091, epoch_time: 28.2732, genotype: [[4, [1, 0, 8, 7], [2, 2, 8, 0], [6, 0, 4, 7]], [[0, 1], [4, 4], [4, 1]]]
reward: 0.4137, Epoch: 51, params: 2205595, epoch_time: 13.1244, genotype: [[0, [0, 0, 1, 3], [1, 4, 3, 0], [4, 3, 6, 3]], [[1, 2], [2, 1], [3, 2]]]
reward: 0.4227, Epoch: 52, params: 2047483, epoch_time: 19.1039, genotype: [[9, [1, 1, 9, 0], [0, 0, 2, 2], [4, 3, 4, 6]], [[1, 1], [2, 4], [0, 4]]]
reward: 0.4843, Epoch: 53, params: 2078875, epoch_time: 15.2369, genotype: [[2, [0, 0, 1, 2], [1, 2, 2, 9], [0, 2, 8, 3]], [[2, 0], [4, 1], [1, 1]]]
reward: 0.4509, Epoch: 54, params: 2073403, epoch_time: 15.5062, genotype: [[10, [1, 0, 8, 3], [0, 3, 8, 3], [2, 3, 10, 1]], [[0, 1], [3, 1], [2, 0]]]
reward: 0.4866, Epoch: 55, params: 2184571, epoch_time: 35.0029, genotype: [[2, [0, 0, 2, 10], [3, 2, 3, 5], [4, 1, 6, 2]], [[3, 0], [1, 0], [2, 0]]]
reward: 0.2254, Epoch: 56, params: 2179387, epoch_time: 12.0614, genotype: [[0, [1, 1, 3, 6], [0, 3, 4, 9], [6, 7, 3, 6]], [[2, 2], [4, 2], [3, 5]]]
reward: 0.4014, Epoch: 57, params: 2167291, epoch_time: 31.3021, genotype: [[4, [0, 1, 3, 3], [1, 3, 10, 10], [0, 0, 6, 6]], [[3, 1], [1, 0], [5, 3]]]
reward: 0.3676, Epoch: 58, params: 2205883, epoch_time: 18.1009, genotype: [[2, [1, 0, 8, 8], [3, 1, 3, 5], [1, 1, 5, 0]], [[1, 1], [2, 1], [1, 4]]]
reward: 0.3958, Epoch: 59, params: 2148283, epoch_time: 10.0686, genotype: [[10, [1, 0, 1, 7], [1, 3, 1, 9], [3, 6, 10, 3]], [[2, 3], [1, 2], [1, 5]]]
reward: 0.3346, Epoch: 60, params: 2181979, epoch_time: 13.9336, genotype: [[3, [0, 1, 0, 8], [3, 3, 2, 6], [2, 4, 1, 9]], [[3, 1], [4, 1], [5, 5]]]
reward: 0.3569, Epoch: 61, params: 2263771, epoch_time: 14.5493, genotype: [[10, [0, 0, 6, 4], [3, 2, 10, 7], [0, 4, 6, 6]], [[2, 2], [4, 2], [5, 1]]]
reward: 0.4472, Epoch: 62, params: 2039995, epoch_time: 14.8556, genotype: [[8, [0, 1, 0, 10], [2, 2, 9, 2], [4, 1, 6, 9]], [[1, 2], [3, 3], [0, 1]]]
reward: 0.4364, Epoch: 63, params: 2289979, epoch_time: 24.5255, genotype: [[1, [0, 0, 8, 6], [2, 1, 7, 5], [1, 4, 4, 10]], [[2, 0], [1, 2], [1, 3]]]
reward: 0.3938, Epoch: 64, params: 1907803, epoch_time: 14.5273, genotype: [[4, [1, 1, 9, 9], [0, 4, 7, 10], [5, 3, 0, 9]], [[0, 3], [0, 0], [3, 2]]]
reward: 0.4072, Epoch: 65, params: 2164987, epoch_time: 21.6455, genotype: [[9, [0, 0, 2, 4], [1, 2, 9, 1], [0, 0, 3, 6]], [[2, 0], [2, 2], [3, 0]]]
reward: 0.3389, Epoch: 66, params: 1975195, epoch_time: 16.2521, genotype: [[4, [1, 0, 2, 3], [1, 4, 7, 10], [0, 6, 8, 3]], [[0, 2], [3, 1], [1, 2]]]
reward: 0.4057, Epoch: 67, params: 1965691, epoch_time: 11.7923, genotype: [[8, [0, 1, 2, 10], [1, 3, 0, 3], [2, 6, 2, 4]], [[3, 1], [2, 3], [3, 5]]]
reward: 0.0000, Epoch: 68, params: 2285659, epoch_time: 9.5213, genotype: [[10, [1, 1, 7, 6], [2, 2, 6, 7], [7, 7, 7, 5]], [[3, 1], [2, 4], [1, 2]]]
reward: 0.3554, Epoch: 69, params: 2049499, epoch_time: 32.1066, genotype: [[9, [0, 0, 9, 4], [3, 4, 0, 3], [4, 1, 0, 5]], [[0, 0], [0, 3], [5, 5]]]
reward: 0.4197, Epoch: 70, params: 2145691, epoch_time: 13.7834, genotype: [[8, [1, 0, 9, 1], [3, 3, 10, 0], [5, 6, 1, 10]], [[3, 0], [0, 4], [3, 0]]]
reward: 0.4441, Epoch: 71, params: 2196379, epoch_time: 21.2950, genotype: [[0, [0, 1, 2, 7], [3, 2, 5, 1], [7, 3, 0, 8]], [[1, 0], [3, 3], [3, 0]]]
reward: 0.4136, Epoch: 72, params: 2109403, epoch_time: 18.1888, genotype: [[3, [1, 1, 1, 0], [1, 2, 3, 8], [2, 5, 3, 8]], [[0, 0], [2, 0], [1, 2]]]
reward: 0.4799, Epoch: 73, params: 2167291, epoch_time: 24.2753, genotype: [[3, [1, 0, 0, 10], [1, 4, 10, 5], [0, 2, 1, 3]], [[1, 0], [2, 4], [4, 3]]]
reward: 0.4408, Epoch: 74, params: 1925083, epoch_time: 11.9272, genotype: [[0, [1, 0, 2, 10], [2, 3, 7, 9], [5, 7, 9, 2]], [[2, 0], [2, 3], [4, 4]]]
reward: 0.4624, Epoch: 75, params: 2179675, epoch_time: 27.4117, genotype: [[2, [1, 1, 10, 6], [0, 4, 3, 4], [1, 1, 1, 7]], [[1, 1], [2, 0], [0, 5]]]
reward: 0.3554, Epoch: 76, params: 2280475, epoch_time: 25.2799, genotype: [[4, [1, 0, 1, 10], [0, 2, 1, 7], [5, 5, 6, 4]], [[2, 2], [0, 2], [5, 2]]]
reward: 0.4575, Epoch: 77, params: 2141083, epoch_time: 35.1625, genotype: [[5, [1, 0, 7, 5], [4, 3, 9, 10], [2, 3, 9, 4]], [[0, 2], [3, 0], [4, 3]]]
reward: 0.2913, Epoch: 78, params: 2078875, epoch_time: 10.9212, genotype: [[7, [1, 1, 5, 10], [4, 4, 8, 2], [0, 3, 3, 2]], [[2, 2], [3, 3], [4, 2]]]
reward: 0.4079, Epoch: 79, params: 2162683, epoch_time: 12.7527, genotype: [[8, [0, 0, 0, 1], [4, 2, 2, 9], [3, 4, 5, 10]], [[1, 1], [2, 1], [2, 4]]]
reward: 0.3941, Epoch: 80, params: 2292571, epoch_time: 36.7455, genotype: [[1, [0, 0, 6, 5], [3, 0, 7, 0], [4, 5, 4, 0]], [[2, 0], [4, 2], [5, 3]]]
reward: 0.4393, Epoch: 81, params: 2064475, epoch_time: 20.9351, genotype: [[2, [0, 1, 2, 0], [4, 2, 5, 0], [4, 0, 7, 9]], [[1, 0], [1, 2], [0, 5]]]
reward: 0.4677, Epoch: 82, params: 1980091, epoch_time: 14.4374, genotype: [[7, [1, 1, 8, 2], [2, 1, 9, 8], [7, 1, 8, 8]], [[1, 2], [2, 4], [1, 0]]]
reward: 0.4462, Epoch: 83, params: 2085499, epoch_time: 28.7904, genotype: [[0, [0, 0, 0, 6], [0, 2, 0, 8], [4, 2, 0, 3]], [[1, 0], [0, 4], [0, 0]]]
reward: 0.2746, Epoch: 84, params: 2035099, epoch_time: 11.1609, genotype: [[9, [0, 0, 0, 9], [1, 4, 8, 1], [7, 3, 4, 9]], [[1, 1], [4, 4], [3, 3]]]
reward: 0.4278, Epoch: 85, params: 2011195, epoch_time: 16.1178, genotype: [[10, [0, 1, 0, 10], [4, 0, 5, 10], [4, 6, 10, 0]], [[2, 2], [0, 2], [4, 5]]]
reward: 0.2332, Epoch: 86, params: 2417563, epoch_time: 18.2447, genotype: [[2, [0, 1, 1, 1], [4, 2, 8, 5], [2, 5, 5, 8]], [[3, 1], [1, 4], [5, 5]]]
reward: 0.3381, Epoch: 87, params: 2155483, epoch_time: 13.1438, genotype: [[6, [1, 0, 4, 1], [3, 4, 9, 4], [4, 5, 7, 9]], [[3, 3], [1, 1], [2, 4]]]
reward: 0.3158, Epoch: 88, params: 1948987, epoch_time: 13.1586, genotype: [[7, [0, 0, 10, 9], [0, 0, 2, 8], [3, 3, 8, 4]], [[1, 3], [1, 1], [5, 4]]]
reward: 0.4632, Epoch: 89, params: 2285371, epoch_time: 26.0825, genotype: [[1, [0, 0, 7, 4], [4, 2, 2, 1], [2, 3, 9, 5]], [[3, 2], [1, 0], [0, 0]]]
reward: 0.0520, Epoch: 90, params: 2191483, epoch_time: 21.2780, genotype: [[10, [1, 1, 8, 2], [1, 2, 6, 8], [5, 7, 8, 6]], [[3, 0], [0, 3], [4, 2]]]
reward: 0.4410, Epoch: 91, params: 2302075, epoch_time: 48.5313, genotype: [[6, [1, 0, 3, 0], [4, 2, 2, 0], [1, 4, 6, 5]], [[0, 2], [1, 0], [4, 0]]]
reward: 0.4712, Epoch: 92, params: 2280475, epoch_time: 24.5216, genotype: [[10, [1, 0, 1, 0], [1, 2, 1, 2], [4, 4, 5, 0]], [[0, 2], [0, 2], [4, 4]]]
reward: 0.3924, Epoch: 93, params: 2158075, epoch_time: 19.0207, genotype: [[1, [0, 0, 9, 10], [2, 4, 4, 1], [5, 2, 2, 2]], [[1, 0], [1, 0], [2, 4]]]
reward: 0.4149, Epoch: 94, params: 2169595, epoch_time: 38.7885, genotype: [[4, [1, 0, 3, 9], [3, 0, 6, 10], [0, 4, 8, 5]], [[0, 1], [3, 0], [1, 0]]]
reward: 0.3986, Epoch: 95, params: 2069083, epoch_time: 25.7548, genotype: [[7, [1, 0, 0, 10], [1, 4, 7, 3], [5, 1, 5, 0]], [[0, 2], [4, 0], [1, 0]]]
reward: 0.4049, Epoch: 96, params: 2186587, epoch_time: 11.1522, genotype: [[7, [1, 1, 0, 8], [0, 0, 9, 3], [2, 4, 1, 1]], [[3, 1], [2, 3], [1, 1]]]
reward: 0.4518, Epoch: 97, params: 2270683, epoch_time: 31.9553, genotype: [[8, [1, 0, 0, 10], [0, 3, 6, 1], [0, 4, 5, 9]], [[1, 0], [0, 3], [3, 4]]]
reward: 0.4595, Epoch: 98, params: 2376667, epoch_time: 17.1346, genotype: [[5, [1, 0, 7, 1], [2, 2, 1, 10], [6, 5, 10, 1]], [[1, 3], [4, 2], [0, 4]]]
reward: 0.3849, Epoch: 99, params: 2191771, epoch_time: 32.6654, genotype: [[3, [1, 1, 1, 6], [0, 2, 0, 4], [4, 4, 7, 7]], [[2, 0], [4, 2], [5, 4]]]
reward: 0.3315, Epoch: 100, params: 2287387, epoch_time: 21.9769, genotype: [[10, [1, 0, 6, 8], [3, 2, 6, 5], [5, 1, 0, 0]], [[3, 0], [2, 2], [2, 3]]]
reward: 0.5075, Epoch: 101, params: 2383579, epoch_time: 26.3546, genotype: [[5, [0, 0, 8, 9], [2, 4, 6, 1], [4, 5, 5, 9]], [[2, 1], [3, 0], [1, 1]]]
reward: 0.4359, Epoch: 102, params: 2203291, epoch_time: 34.2448, genotype: [[8, [1, 0, 0, 3], [0, 4, 4, 6], [1, 7, 1, 3]], [[1, 0], [2, 0], [5, 0]]]
reward: 0.4474, Epoch: 103, params: 1967995, epoch_time: 19.7246, genotype: [[4, [0, 0, 2, 0], [0, 3, 8, 8], [4, 2, 10, 7]], [[0, 1], [3, 1], [0, 0]]]
reward: 0.3991, Epoch: 104, params: 2280187, epoch_time: 30.7675, genotype: [[6, [0, 0, 0, 6], [0, 1, 0, 6], [6, 0, 4, 10]], [[0, 0], [1, 2], [3, 2]]]
reward: 0.3444, Epoch: 105, params: 2071387, epoch_time: 37.6107, genotype: [[6, [1, 1, 9, 4], [0, 0, 3, 4], [5, 1, 8, 2]], [[0, 1], [4, 4], [5, 2]]]
reward: 0.4228, Epoch: 106, params: 2177371, epoch_time: 15.5187, genotype: [[10, [0, 0, 0, 2], [3, 4, 5, 2], [7, 0, 6, 7]], [[2, 2], [1, 1], [1, 1]]]
reward: 0.3715, Epoch: 107, params: 2071099, epoch_time: 15.3980, genotype: [[0, [0, 0, 4, 6], [3, 1, 3, 0], [4, 6, 10, 3]], [[2, 1], [3, 1], [4, 1]]]
reward: 0.3352, Epoch: 108, params: 2201275, epoch_time: 44.4691, genotype: [[4, [1, 0, 5, 6], [3, 2, 2, 7], [3, 0, 3, 8]], [[3, 0], [4, 4], [3, 4]]]
reward: 0.4281, Epoch: 109, params: 2203291, epoch_time: 39.1390, genotype: [[0, [1, 1, 0, 3], [3, 4, 6, 8], [5, 3, 3, 6]], [[0, 0], [2, 0], [1, 4]]]
reward: 0.3996, Epoch: 110, params: 2316475, epoch_time: 15.6956, genotype: [[3, [1, 0, 1, 3], [2, 2, 6, 2], [5, 6, 3, 6]], [[1, 1], [4, 3], [3, 2]]]
reward: 0.4464, Epoch: 111, params: 2309275, epoch_time: 36.6209, genotype: [[6, [1, 0, 7, 5], [3, 2, 3, 1], [2, 4, 4, 3]], [[3, 0], [3, 1], [4, 0]]]
reward: 0.4714, Epoch: 112, params: 2172187, epoch_time: 20.3849, genotype: [[9, [0, 0, 6, 8], [3, 1, 5, 2], [6, 2, 8, 10]], [[2, 1], [2, 3], [3, 0]]]
reward: 0.4726, Epoch: 113, params: 2181979, epoch_time: 22.8421, genotype: [[2, [0, 1, 3, 2], [1, 3, 6, 0], [5, 7, 9, 5]], [[1, 2], [0, 1], [1, 1]]]
reward: 0.4635, Epoch: 114, params: 2282779, epoch_time: 19.7208, genotype: [[5, [1, 1, 2, 4], [1, 0, 10, 0], [6, 1, 1, 1]], [[2, 2], [2, 2], [0, 0]]]
reward: 0.4654, Epoch: 115, params: 1965403, epoch_time: 13.4711, genotype: [[3, [0, 1, 2, 9], [0, 0, 8, 8], [2, 2, 3, 9]], [[0, 1], [1, 1], [1, 3]]]
reward: 0.4859, Epoch: 116, params: 2289979, epoch_time: 28.9476, genotype: [[10, [0, 0, 5, 0], [2, 2, 5, 6], [3, 3, 7, 3]], [[0, 3], [1, 1], [1, 1]]]
reward: 0.2969, Epoch: 117, params: 2097595, epoch_time: 27.3582, genotype: [[6, [1, 0, 4, 3], [4, 2, 8, 3], [7, 4, 8, 0]], [[1, 0], [2, 1], [4, 5]]]
reward: 0.4232, Epoch: 118, params: 2061595, epoch_time: 16.5428, genotype: [[10, [1, 0, 9, 5], [1, 3, 8, 4], [1, 3, 3, 2]], [[3, 0], [3, 3], [2, 3]]]
reward: 0.3469, Epoch: 119, params: 1944379, epoch_time: 20.9099, genotype: [[9, [0, 1, 10, 4], [3, 0, 2, 2], [1, 2, 2, 7]], [[0, 0], [2, 0], [0, 0]]]
reward: 0.4188, Epoch: 120, params: 2182267, epoch_time: 10.9926, genotype: [[7, [1, 0, 1, 1], [3, 3, 2, 2], [5, 3, 9, 3]], [[3, 2], [4, 2], [2, 1]]]
reward: 0.4293, Epoch: 121, params: 2183995, epoch_time: 35.4864, genotype: [[5, [0, 1, 8, 9], [1, 1, 3, 0], [2, 7, 5, 4]], [[0, 3], [3, 1], [0, 0]]]
reward: 0.4690, Epoch: 122, params: 2374075, epoch_time: 24.1131, genotype: [[1, [0, 0, 9, 10], [1, 0, 1, 6], [4, 3, 0, 6]], [[0, 1], [2, 3], [5, 0]]]
reward: 0.4482, Epoch: 123, params: 2164987, epoch_time: 11.6649, genotype: [[1, [0, 0, 10, 2], [1, 4, 0, 9], [1, 0, 3, 1]], [[1, 2], [3, 3], [0, 3]]]
reward: 0.4906, Epoch: 124, params: 2174491, epoch_time: 17.6222, genotype: [[8, [0, 0, 8, 9], [0, 1, 5, 10], [0, 3, 1, 3]], [[1, 3], [2, 0], [4, 1]]]
reward: 0.4036, Epoch: 125, params: 2186875, epoch_time: 29.4251, genotype: [[3, [1, 1, 6, 3], [3, 2, 2, 7], [2, 1, 9, 5]], [[0, 1], [3, 4], [1, 1]]]
reward: 0.4437, Epoch: 126, params: 2256283, epoch_time: 33.8700, genotype: [[5, [0, 0, 6, 8], [2, 3, 9, 10], [4, 7, 9, 6]], [[0, 1], [3, 1], [4, 1]]]
reward: 0.4614, Epoch: 127, params: 1934299, epoch_time: 12.8746, genotype: [[0, [0, 0, 9, 9], [4, 2, 10, 3], [7, 1, 7, 3]], [[3, 2], [2, 0], [5, 0]]]
reward: 0.3972, Epoch: 128, params: 2088091, epoch_time: 21.0932, genotype: [[8, [0, 1, 7, 4], [4, 2, 0, 1], [7, 2, 4, 3]], [[0, 2], [3, 4], [2, 3]]]
reward: 0.3372, Epoch: 129, params: 2069083, epoch_time: 18.7057, genotype: [[1, [1, 0, 0, 2], [4, 0, 10, 8], [7, 3, 4, 2]], [[2, 0], [2, 1], [0, 4]]]
reward: 0.3567, Epoch: 130, params: 2391067, epoch_time: 42.2914, genotype: [[6, [1, 0, 2, 4], [1, 2, 9, 1], [3, 2, 5, 1]], [[0, 0], [1, 0], [3, 4]]]
reward: 0.4065, Epoch: 131, params: 2270683, epoch_time: 15.9293, genotype: [[10, [0, 1, 6, 1], [1, 0, 1, 0], [1, 4, 3, 10]], [[1, 3], [3, 0], [4, 2]]]
reward: 0.4412, Epoch: 132, params: 1946395, epoch_time: 12.9302, genotype: [[7, [0, 1, 7, 0], [0, 1, 0, 3], [4, 7, 10, 9]], [[1, 1], [0, 2], [0, 3]]]
reward: 0.4420, Epoch: 133, params: 2071099, epoch_time: 24.1524, genotype: [[0, [1, 0, 6, 10], [1, 3, 3, 0], [1, 1, 0, 8]], [[0, 3], [4, 1], [0, 1]]]
reward: 0.3312, Epoch: 134, params: 2167291, epoch_time: 15.7007, genotype: [[9, [0, 0, 8, 3], [3, 0, 9, 6], [1, 7, 4, 6]], [[2, 2], [1, 2], [1, 5]]]
reward: 0.4335, Epoch: 135, params: 2069083, epoch_time: 16.5253, genotype: [[7, [0, 1, 3, 2], [2, 1, 0, 0], [1, 6, 10, 6]], [[1, 3], [4, 2], [2, 0]]]
reward: 0.4565, Epoch: 136, params: 2061883, epoch_time: 20.0713, genotype: [[5, [1, 0, 8, 9], [0, 3, 3, 10], [6, 5, 2, 2]], [[1, 0], [2, 3], [5, 0]]]
reward: 0.4150, Epoch: 137, params: 2067067, epoch_time: 24.2482, genotype: [[2, [0, 1, 7, 9], [0, 2, 7, 2], [4, 7, 0, 6]], [[0, 0], [1, 1], [0, 4]]]
reward: 0.4554, Epoch: 138, params: 1951291, epoch_time: 13.7817, genotype: [[9, [1, 0, 9, 2], [1, 1, 3, 3], [6, 1, 0, 2]], [[3, 2], [0, 3], [1, 5]]]
reward: 0.4666, Epoch: 139, params: 2169883, epoch_time: 25.5088, genotype: [[8, [0, 0, 3, 10], [3, 0, 5, 6], [4, 6, 9, 7]], [[2, 3], [2, 0], [0, 4]]]
reward: 0.3641, Epoch: 140, params: 2201275, epoch_time: 19.1727, genotype: [[6, [0, 0, 3, 2], [1, 1, 3, 6], [0, 4, 2, 4]], [[1, 1], [4, 4], [3, 4]]]
reward: 0.2896, Epoch: 141, params: 2181691, epoch_time: 29.3352, genotype: [[3, [0, 1, 4, 4], [2, 0, 9, 6], [1, 7, 5, 8]], [[1, 2], [4, 4], [4, 0]]]
reward: 0.4036, Epoch: 142, params: 2174491, epoch_time: 16.7317, genotype: [[1, [0, 0, 3, 9], [4, 3, 5, 0], [1, 2, 0, 4]], [[0, 3], [2, 3], [5, 5]]]
reward: 0.3933, Epoch: 143, params: 2266075, epoch_time: 17.0560, genotype: [[6, [1, 1, 9, 2], [0, 0, 5, 9], [6, 7, 6, 0]], [[1, 3], [4, 3], [1, 2]]]
reward: 0.3885, Epoch: 144, params: 2410363, epoch_time: 12.8286, genotype: [[0, [0, 1, 6, 1], [3, 4, 2, 7], [2, 1, 5, 1]], [[2, 3], [1, 2], [3, 3]]]
reward: 0.4502, Epoch: 145, params: 2198683, epoch_time: 33.2067, genotype: [[3, [1, 0, 4, 2], [3, 0, 5, 5], [3, 2, 3, 0]], [[1, 2], [2, 0], [5, 1]]]
reward: 0.4247, Epoch: 146, params: 2208187, epoch_time: 33.4848, genotype: [[8, [1, 1, 8, 0], [4, 2, 3, 2], [4, 7, 5, 6]], [[0, 1], [3, 1], [0, 0]]]
reward: 0.4255, Epoch: 147, params: 2316187, epoch_time: 53.8836, genotype: [[4, [0, 0, 5, 1], [3, 2, 8, 8], [5, 2, 8, 6]], [[0, 0], [0, 0], [0, 0]]]
reward: 0.4776, Epoch: 148, params: 2174779, epoch_time: 19.6446, genotype: [[7, [0, 0, 5, 0], [2, 4, 2, 0], [7, 4, 6, 9]], [[1, 3], [0, 2], [2, 2]]]
reward: 0.4796, Epoch: 149, params: 2050075, epoch_time: 18.5185, genotype: [[5, [0, 1, 9, 7], [3, 2, 0, 2], [3, 6, 7, 9]], [[0, 0], [2, 1], [5, 1]]]
reward: 0.4402, Epoch: 150, params: 1919611, epoch_time: 12.5786, genotype: [[0, [0, 0, 3, 3], [0, 0, 9, 10], [2, 6, 10, 9]], [[0, 2], [2, 0], [1, 0]]]
reward: 0.4542, Epoch: 151, params: 1990171, epoch_time: 14.2035, genotype: [[7, [0, 0, 7, 3], [2, 4, 7, 2], [2, 1, 3, 2]], [[0, 1], [2, 2], [3, 3]]]
reward: 0.4208, Epoch: 152, params: 2157787, epoch_time: 13.4387, genotype: [[4, [1, 0, 10, 9], [3, 2, 1, 7], [7, 5, 0, 5]], [[1, 3], [3, 2], [1, 1]]]
reward: 0.3196, Epoch: 153, params: 2059291, epoch_time: 17.4414, genotype: [[4, [0, 1, 9, 8], [1, 3, 3, 9], [4, 3, 7, 6]], [[1, 0], [2, 2], [5, 5]]]
reward: 0.4451, Epoch: 154, params: 2083483, epoch_time: 21.4521, genotype: [[3, [1, 0, 3, 2], [2, 3, 2, 5], [4, 2, 10, 8]], [[2, 3], [0, 2], [4, 0]]]
reward: 0.4356, Epoch: 155, params: 1970299, epoch_time: 22.1738, genotype: [[8, [0, 0, 9, 4], [2, 0, 7, 3], [2, 3, 0, 3]], [[0, 3], [2, 0], [4, 0]]]
reward: 0.4388, Epoch: 156, params: 2133595, epoch_time: 20.7156, genotype: [[10, [0, 1, 3, 5], [4, 2, 10, 5], [1, 2, 9, 10]], [[1, 0], [2, 1], [3, 1]]]
reward: 0.4577, Epoch: 157, params: 2141083, epoch_time: 19.7795, genotype: [[7, [1, 0, 0, 9], [3, 3, 9, 9], [1, 0, 5, 6]], [[2, 1], [0, 3], [3, 4]]]
reward: 0.4922, Epoch: 158, params: 2188891, epoch_time: 33.8073, genotype: [[8, [1, 0, 9, 5], [2, 3, 6, 0], [6, 1, 8, 3]], [[2, 3], [0, 0], [5, 0]]]
reward: 0.3680, Epoch: 159, params: 2083483, epoch_time: 14.2702, genotype: [[0, [1, 1, 4, 2], [4, 4, 3, 7], [4, 3, 1, 0]], [[0, 2], [2, 3], [5, 3]]]
reward: 0.3719, Epoch: 160, params: 2374075, epoch_time: 26.6419, genotype: [[10, [0, 0, 1, 4], [3, 1, 9, 1], [6, 7, 5, 1]], [[0, 0], [2, 2], [4, 0]]]
reward: 0.3737, Epoch: 161, params: 2186587, epoch_time: 14.6360, genotype: [[5, [1, 1, 8, 0], [1, 4, 2, 6], [3, 7, 8, 9]], [[1, 1], [3, 3], [1, 2]]]
reward: 0.4570, Epoch: 162, params: 2143387, epoch_time: 25.0224, genotype: [[0, [0, 1, 2, 5], [3, 0, 9, 5], [6, 1, 9, 10]], [[1, 2], [3, 0], [0, 2]]]
reward: 0.4319, Epoch: 163, params: 2177083, epoch_time: 38.9490, genotype: [[4, [0, 0, 9, 0], [2, 3, 8, 5], [0, 0, 7, 5]], [[0, 3], [4, 1], [2, 0]]]
reward: 0.4153, Epoch: 164, params: 2095291, epoch_time: 23.0304, genotype: [[0, [0, 0, 2, 8], [0, 3, 0, 3], [0, 2, 6, 8]], [[0, 0], [4, 2], [2, 3]]]
reward: 0.4174, Epoch: 165, params: 2297179, epoch_time: 29.2614, genotype: [[1, [1, 0, 3, 8], [0, 2, 6, 3], [4, 7, 5, 10]], [[2, 1], [0, 2], [5, 4]]]
reward: 0.2994, Epoch: 166, params: 1881307, epoch_time: 7.8208, genotype: [[10, [0, 0, 10, 3], [1, 3, 9, 9], [6, 2, 10, 9]], [[2, 3], [3, 2], [4, 2]]]
reward: 0.3813, Epoch: 167, params: 2292571, epoch_time: 19.8061, genotype: [[6, [0, 0, 8, 2], [3, 2, 9, 5], [0, 3, 8, 6]], [[1, 1], [2, 1], [4, 5]]]
reward: 0.4856, Epoch: 168, params: 2266075, epoch_time: 40.3405, genotype: [[9, [0, 0, 2, 4], [1, 2, 10, 6], [4, 0, 1, 5]], [[0, 3], [0, 2], [5, 0]]]
reward: 0.3930, Epoch: 169, params: 2059003, epoch_time: 16.5412, genotype: [[10, [0, 1, 1, 9], [0, 3, 3, 4], [4, 3, 4, 8]], [[2, 0], [2, 2], [2, 1]]]
reward: 0.4467, Epoch: 170, params: 2275579, epoch_time: 20.0390, genotype: [[7, [1, 1, 10, 1], [2, 4, 1, 3], [7, 2, 6, 9]], [[1, 0], [2, 0], [2, 1]]]
reward: 0.4320, Epoch: 171, params: 1946395, epoch_time: 18.0224, genotype: [[3, [0, 1, 0, 9], [2, 0, 7, 10], [0, 4, 7, 4]], [[2, 1], [2, 0], [0, 0]]]
reward: 0.4277, Epoch: 172, params: 2282779, epoch_time: 12.6836, genotype: [[7, [1, 0, 10, 0], [4, 4, 0, 1], [4, 2, 1, 1]], [[1, 2], [1, 3], [0, 0]]]
reward: 0.3474, Epoch: 173, params: 2020987, epoch_time: 10.4605, genotype: [[10, [0, 1, 9, 10], [1, 0, 2, 10], [1, 6, 2, 5]], [[1, 2], [3, 3], [3, 1]]]
reward: 0.4475, Epoch: 174, params: 2035099, epoch_time: 13.9879, genotype: [[9, [1, 0, 10, 0], [2, 3, 10, 8], [4, 4, 5, 0]], [[2, 2], [4, 2], [1, 0]]]
reward: 0.0000, Epoch: 175, params: 1999099, epoch_time: 3.5913, genotype: [[0, [0, 1, 10, 10], [3, 3, 10, 6], [1, 4, 10, 9]], [[3, 2], [4, 2], [4, 1]]]
reward: 0.0000, Epoch: 176, params: 2018395, epoch_time: 8.7665, genotype: [[10, [1, 0, 9, 5], [3, 4, 3, 9], [2, 7, 0, 10]], [[2, 0], [2, 3], [4, 5]]]
reward: 0.4052, Epoch: 177, params: 2186587, epoch_time: 18.5155, genotype: [[3, [0, 1, 1, 8], [3, 1, 1, 10], [4, 3, 2, 4]], [[1, 3], [0, 2], [0, 3]]]
reward: 0.3512, Epoch: 178, params: 2023003, epoch_time: 18.5250, genotype: [[5, [0, 0, 0, 9], [2, 0, 10, 8], [7, 1, 10, 10]], [[0, 1], [2, 0], [1, 1]]]
reward: 0.3636, Epoch: 179, params: 2131291, epoch_time: 25.7220, genotype: [[8, [0, 0, 10, 10], [1, 3, 9, 9], [7, 6, 6, 5]], [[0, 1], [1, 1], [4, 2]]]
reward: 0.4305, Epoch: 180, params: 2289979, epoch_time: 24.0567, genotype: [[5, [1, 1, 8, 0], [3, 2, 5, 2], [5, 0, 5, 10]], [[2, 1], [0, 2], [3, 3]]]
reward: 0.4656, Epoch: 181, params: 2203291, epoch_time: 29.0270, genotype: [[4, [1, 0, 6, 3], [3, 0, 0, 6], [4, 7, 8, 3]], [[0, 0], [3, 1], [5, 3]]]
reward: 0.4819, Epoch: 182, params: 2042587, epoch_time: 19.0083, genotype: [[7, [1, 0, 9, 9], [3, 3, 10, 5], [7, 6, 3, 2]], [[2, 2], [2, 0], [1, 0]]]
reward: 0.4455, Epoch: 183, params: 2191771, epoch_time: 20.5317, genotype: [[6, [0, 0, 2, 1], [3, 1, 0, 2], [2, 7, 2, 0]], [[2, 0], [3, 1], [0, 3]]]
reward: 0.4448, Epoch: 184, params: 2088667, epoch_time: 25.5631, genotype: [[2, [0, 0, 0, 2], [2, 0, 7, 5], [2, 2, 3, 2]], [[0, 3], [4, 2], [4, 3]]]
reward: 0.4853, Epoch: 185, params: 2164987, epoch_time: 25.5640, genotype: [[6, [0, 1, 3, 5], [2, 3, 9, 7], [4, 4, 0, 9]], [[0, 1], [2, 2], [3, 0]]]
reward: 0.4624, Epoch: 186, params: 2402875, epoch_time: 31.6425, genotype: [[6, [1, 1, 6, 9], [2, 4, 8, 6], [2, 4, 5, 3]], [[1, 3], [4, 3], [0, 1]]]
reward: 0.2392, Epoch: 187, params: 2206171, epoch_time: 14.1170, genotype: [[3, [1, 0, 7, 8], [2, 1, 6, 8], [6, 7, 1, 2]], [[2, 1], [3, 4], [5, 3]]]
reward: 0.4867, Epoch: 188, params: 1979803, epoch_time: 15.5062, genotype: [[0, [0, 0, 7, 8], [0, 3, 3, 9], [7, 3, 3, 3]], [[2, 2], [1, 0], [0, 3]]]
reward: 0.3699, Epoch: 189, params: 1961083, epoch_time: 11.0441, genotype: [[9, [1, 0, 7, 2], [3, 3, 8, 0], [6, 7, 7, 0]], [[1, 2], [2, 1], [3, 4]]]
reward: 0.4079, Epoch: 190, params: 2374075, epoch_time: 56.9947, genotype: [[10, [0, 1, 9, 6], [0, 1, 0, 5], [0, 6, 6, 6]], [[3, 0], [1, 0], [0, 5]]]
reward: 0.3902, Epoch: 191, params: 2054395, epoch_time: 13.0214, genotype: [[1, [0, 0, 0, 7], [3, 0, 0, 9], [4, 4, 9, 3]], [[1, 1], [3, 0], [1, 0]]]
reward: 0.3965, Epoch: 192, params: 2201275, epoch_time: 15.1690, genotype: [[2, [0, 0, 0, 1], [1, 2, 3, 2], [2, 4, 3, 5]], [[3, 1], [4, 4], [1, 1]]]
reward: 0.3527, Epoch: 193, params: 1987003, epoch_time: 13.6887, genotype: [[0, [0, 0, 8, 7], [3, 2, 0, 8], [4, 2, 4, 3]], [[1, 2], [1, 3], [3, 1]]]
reward: 0.4339, Epoch: 194, params: 2266075, epoch_time: 39.8276, genotype: [[10, [0, 0, 6, 9], [2, 3, 2, 4], [0, 7, 1, 5]], [[3, 0], [0, 2], [5, 5]]]
reward: 0.5010, Epoch: 195, params: 2184571, epoch_time: 22.1588, genotype: [[9, [0, 1, 7, 7], [3, 2, 8, 2], [6, 2, 5, 6]], [[1, 1], [1, 2], [3, 0]]]
reward: 0.4955, Epoch: 196, params: 2297467, epoch_time: 18.4041, genotype: [[2, [1, 1, 0, 6], [1, 1, 5, 0], [4, 0, 7, 1]], [[2, 0], [3, 2], [5, 3]]]
reward: 0.3576, Epoch: 197, params: 2184283, epoch_time: 13.6227, genotype: [[3, [1, 1, 8, 5], [2, 1, 1, 10], [4, 1, 0, 7]], [[3, 1], [3, 1], [4, 4]]]
reward: 0.4938, Epoch: 198, params: 2275579, epoch_time: 15.8306, genotype: [[7, [0, 0, 1, 3], [3, 4, 9, 1], [1, 2, 5, 9]], [[2, 3], [0, 2], [1, 3]]]
reward: 0.4720, Epoch: 199, params: 2164987, epoch_time: 16.8466, genotype: [[3, [1, 0, 1, 1], [3, 4, 9, 9], [6, 2, 7, 4]], [[2, 0], [3, 1], [2, 0]]]
reward: 0.4266, Epoch: 200, params: 1955899, epoch_time: 11.9443, genotype: [[8, [0, 1, 8, 3], [2, 2, 0, 9], [1, 3, 9, 2]], [[0, 2], [3, 2], [2, 5]]]
reward: 0.4213, Epoch: 201, params: 2177083, epoch_time: 13.6766, genotype: [[1, [0, 0, 2, 8], [2, 0, 9, 0], [7, 1, 1, 4]], [[2, 0], [2, 2], [2, 5]]]
reward: 0.4450, Epoch: 202, params: 2410363, epoch_time: 22.4109, genotype: [[7, [1, 0, 1, 5], [2, 0, 7, 1], [1, 7, 0, 5]], [[1, 3], [1, 0], [1, 3]]]
reward: 0.4334, Epoch: 203, params: 2301787, epoch_time: 20.8372, genotype: [[0, [1, 1, 1, 0], [2, 4, 3, 1], [6, 6, 0, 5]], [[0, 3], [2, 1], [2, 0]]]
reward: 0.4729, Epoch: 204, params: 1917595, epoch_time: 10.7424, genotype: [[3, [1, 1, 9, 9], [2, 1, 7, 7], [4, 4, 9, 10]], [[0, 1], [1, 2], [2, 3]]]
reward: 0.4376, Epoch: 205, params: 2287675, epoch_time: 25.5840, genotype: [[10, [1, 0, 7, 1], [0, 1, 0, 3], [2, 6, 1, 6]], [[1, 0], [4, 2], [0, 0]]]
reward: 0.0520, Epoch: 206, params: 2054683, epoch_time: 7.7201, genotype: [[10, [1, 1, 2, 0], [0, 4, 10, 3], [7, 1, 2, 1]], [[0, 1], [4, 0], [0, 4]]]
reward: 0.4608, Epoch: 207, params: 2191771, epoch_time: 33.9896, genotype: [[0, [1, 0, 6, 2], [3, 3, 0, 2], [1, 2, 2, 5]], [[1, 0], [0, 2], [0, 3]]]
reward: 0.4484, Epoch: 208, params: 2391067, epoch_time: 14.7267, genotype: [[0, [0, 0, 1, 1], [3, 1, 1, 10], [1, 5, 2, 6]], [[2, 3], [2, 0], [4, 2]]]
reward: 0.4868, Epoch: 209, params: 2169595, epoch_time: 11.8975, genotype: [[9, [1, 0, 1, 0], [1, 1, 8, 9], [5, 6, 8, 1]], [[2, 3], [3, 0], [2, 1]]]
reward: 0.4689, Epoch: 210, params: 2268379, epoch_time: 20.4864, genotype: [[9, [0, 0, 1, 9], [2, 4, 2, 6], [5, 1, 1, 0]], [[3, 2], [0, 0], [1, 0]]]
reward: 0.4052, Epoch: 211, params: 1912699, epoch_time: 16.3324, genotype: [[10, [1, 0, 4, 9], [2, 1, 10, 3], [4, 2, 9, 2]], [[1, 0], [2, 1], [0, 4]]]
reward: 0.4305, Epoch: 212, params: 2066203, epoch_time: 13.3945, genotype: [[0, [1, 0, 3, 9], [2, 2, 8, 1], [0, 4, 10, 3]], [[1, 1], [2, 1], [0, 0]]]
reward: 0.4791, Epoch: 213, params: 2191483, epoch_time: 26.0086, genotype: [[1, [0, 0, 0, 7], [0, 0, 0, 5], [7, 4, 0, 8]], [[2, 0], [4, 2], [0, 0]]]
reward: 0.4622, Epoch: 214, params: 2186587, epoch_time: 21.7767, genotype: [[5, [1, 1, 10, 7], [0, 2, 1, 3], [1, 0, 3, 0]], [[1, 0], [1, 3], [1, 0]]]
reward: 0.4874, Epoch: 215, params: 2068795, epoch_time: 16.8898, genotype: [[5, [1, 1, 3, 2], [1, 4, 3, 8], [0, 2, 10, 10]], [[0, 1], [2, 2], [1, 2]]]
reward: 0.4483, Epoch: 216, params: 2150587, epoch_time: 29.1581, genotype: [[9, [0, 0, 8, 10], [2, 1, 9, 5], [4, 2, 6, 2]], [[0, 0], [3, 1], [1, 0]]]
reward: 0.4517, Epoch: 217, params: 2297179, epoch_time: 23.1141, genotype: [[5, [0, 1, 3, 1], [2, 0, 6, 10], [0, 3, 7, 8]], [[1, 0], [1, 2], [3, 1]]]
reward: 0.4949, Epoch: 218, params: 2306971, epoch_time: 48.6066, genotype: [[2, [1, 1, 7, 0], [3, 1, 5, 3], [2, 0, 6, 6]], [[0, 2], [0, 0], [3, 0]]]
reward: 0.4300, Epoch: 219, params: 2078587, epoch_time: 13.4567, genotype: [[7, [0, 1, 0, 3], [2, 3, 3, 1], [3, 5, 2, 10]], [[1, 1], [3, 0], [1, 3]]]
reward: 0.2663, Epoch: 220, params: 2052091, epoch_time: 15.9068, genotype: [[9, [1, 0, 8, 4], [4, 3, 2, 0], [4, 3, 10, 5]], [[3, 3], [2, 4], [3, 0]]]
reward: 0.4516, Epoch: 221, params: 2270971, epoch_time: 22.7917, genotype: [[1, [1, 1, 6, 10], [1, 4, 1, 2], [4, 2, 10, 7]], [[0, 3], [0, 3], [1, 0]]]
reward: 0.0520, Epoch: 222, params: 2023291, epoch_time: 13.3941, genotype: [[10, [1, 1, 9, 5], [2, 4, 7, 10], [1, 7, 9, 3]], [[0, 1], [3, 0], [5, 0]]]
reward: 0.3989, Epoch: 223, params: 2056987, epoch_time: 13.7982, genotype: [[7, [1, 1, 9, 1], [0, 3, 2, 3], [2, 2, 0, 10]], [[0, 0], [0, 1], [1, 1]]]
reward: 0.4592, Epoch: 224, params: 2193787, epoch_time: 29.3806, genotype: [[9, [1, 0, 2, 3], [1, 1, 3, 5], [7, 7, 3, 5]], [[2, 0], [2, 1], [1, 0]]]
reward: 0.4530, Epoch: 225, params: 2061883, epoch_time: 22.7034, genotype: [[2, [1, 0, 5, 10], [1, 2, 2, 8], [6, 0, 9, 8]], [[1, 2], [0, 2], [5, 0]]]
reward: 0.4579, Epoch: 226, params: 2378971, epoch_time: 50.5886, genotype: [[6, [1, 0, 1, 9], [0, 3, 5, 6], [1, 7, 9, 7]], [[0, 0], [0, 3], [0, 0]]]
reward: 0.4606, Epoch: 227, params: 2186587, epoch_time: 21.6448, genotype: [[0, [1, 1, 2, 3], [0, 0, 1, 6], [2, 5, 10, 8]], [[1, 0], [1, 1], [0, 3]]]
reward: 0.4772, Epoch: 228, params: 2175067, epoch_time: 21.9268, genotype: [[5, [1, 0, 2, 0], [0, 1, 7, 6], [3, 5, 9, 7]], [[1, 2], [2, 1], [0, 5]]]
reward: 0.4549, Epoch: 229, params: 2283067, epoch_time: 31.9625, genotype: [[5, [0, 0, 6, 2], [1, 0, 7, 9], [7, 6, 0, 5]], [[3, 2], [0, 2], [4, 0]]]
reward: 0.4072, Epoch: 230, params: 2277883, epoch_time: 25.4870, genotype: [[3, [1, 0, 1, 5], [3, 1, 9, 3], [2, 2, 9, 6]], [[0, 3], [3, 3], [1, 4]]]
reward: 0.4552, Epoch: 231, params: 2061883, epoch_time: 26.4858, genotype: [[3, [1, 0, 2, 2], [1, 4, 9, 3], [4, 0, 10, 5]], [[2, 0], [0, 3], [5, 0]]]
reward: 0.4781, Epoch: 232, params: 2393659, epoch_time: 29.5360, genotype: [[2, [1, 0, 1, 6], [2, 2, 6, 2], [7, 5, 9, 1]], [[0, 0], [4, 3], [2, 1]]]
reward: 0.4494, Epoch: 233, params: 2186875, epoch_time: 29.5268, genotype: [[6, [0, 0, 8, 2], [2, 2, 3, 5], [1, 6, 2, 9]], [[2, 3], [0, 2], [0, 5]]]
reward: 0.4724, Epoch: 234, params: 2092987, epoch_time: 15.5578, genotype: [[7, [1, 1, 0, 3], [3, 2, 1, 2], [0, 2, 3, 0]], [[1, 2], [3, 0], [2, 0]]]
reward: 0.4261, Epoch: 235, params: 2054395, epoch_time: 14.3130, genotype: [[3, [0, 1, 10, 0], [1, 3, 0, 1], [7, 7, 10, 2]], [[0, 3], [0, 2], [0, 3]]]
reward: 0.4904, Epoch: 236, params: 2150587, epoch_time: 13.5942, genotype: [[7, [0, 0, 1, 9], [1, 0, 3, 9], [1, 1, 1, 9]], [[0, 1], [2, 0], [2, 0]]]
reward: 0.4907, Epoch: 237, params: 2047195, epoch_time: 15.5984, genotype: [[9, [1, 0, 3, 2], [1, 0, 5, 8], [1, 1, 10, 10]], [[2, 3], [3, 0], [2, 1]]]
reward: 0.4643, Epoch: 238, params: 2081179, epoch_time: 29.6986, genotype: [[5, [0, 0, 2, 8], [1, 0, 2, 2], [5, 1, 9, 3]], [[0, 0], [0, 2], [0, 0]]]
reward: 0.4801, Epoch: 239, params: 2268667, epoch_time: 28.3812, genotype: [[6, [0, 0, 6, 9], [0, 4, 1, 2], [6, 3, 2, 9]], [[0, 1], [2, 2], [4, 4]]]
reward: 0.4312, Epoch: 240, params: 2150587, epoch_time: 26.8800, genotype: [[9, [0, 0, 8, 9], [3, 0, 6, 5], [4, 4, 9, 7]], [[1, 2], [0, 1], [1, 0]]]
reward: 0.4577, Epoch: 241, params: 2145979, epoch_time: 18.4833, genotype: [[6, [1, 0, 6, 9], [3, 4, 9, 2], [1, 0, 10, 7]], [[3, 2], [0, 2], [2, 1]]]
reward: 0.4129, Epoch: 242, params: 2061595, epoch_time: 12.5557, genotype: [[9, [1, 0, 3, 8], [4, 3, 10, 1], [3, 0, 0, 2]], [[2, 2], [0, 0], [1, 3]]]
reward: 0.3898, Epoch: 243, params: 1963099, epoch_time: 16.4083, genotype: [[0, [0, 1, 3, 0], [1, 3, 0, 3], [4, 1, 10, 2]], [[1, 0], [0, 3], [4, 0]]]
reward: 0.3823, Epoch: 244, params: 2044891, epoch_time: 11.8800, genotype: [[9, [1, 0, 5, 3], [3, 3, 9, 3], [2, 3, 9, 7]], [[2, 2], [2, 1], [5, 1]]]
reward: 0.4710, Epoch: 245, params: 2083483, epoch_time: 16.0995, genotype: [[3, [1, 1, 3, 9], [2, 0, 7, 3], [4, 6, 1, 7]], [[1, 0], [4, 2], [1, 1]]]
reward: 0.4634, Epoch: 246, params: 2181979, epoch_time: 29.1761, genotype: [[10, [0, 0, 4, 5], [3, 4, 7, 5], [7, 2, 7, 3]], [[2, 0], [3, 2], [2, 0]]]
reward: 0.4778, Epoch: 247, params: 2049787, epoch_time: 11.3302, genotype: [[0, [1, 0, 1, 10], [0, 0, 9, 0], [6, 3, 2, 7]], [[2, 0], [3, 1], [2, 2]]]
reward: 0.4558, Epoch: 248, params: 2412667, epoch_time: 32.2829, genotype: [[2, [0, 0, 8, 6], [1, 2, 0, 6], [4, 1, 5, 6]], [[1, 2], [0, 1], [4, 2]]]
reward: 0.3690, Epoch: 249, params: 2083483, epoch_time: 16.0081, genotype: [[3, [0, 0, 3, 9], [0, 2, 3, 1], [5, 1, 7, 2]], [[1, 3], [4, 0], [1, 0]]]
reward: 0.4481, Epoch: 250, params: 1980091, epoch_time: 18.3289, genotype: [[3, [1, 1, 2, 8], [3, 2, 3, 2], [7, 1, 3, 9]], [[0, 1], [2, 4], [0, 2]]]
reward: 0.4844, Epoch: 251, params: 2051803, epoch_time: 12.1246, genotype: [[9, [1, 1, 3, 1], [0, 0, 10, 3], [1, 1, 8, 9]], [[1, 1], [1, 2], [0, 1]]]
reward: 0.3755, Epoch: 252, params: 2503963, epoch_time: 19.2922, genotype: [[1, [0, 0, 5, 1], [1, 0, 1, 7], [1, 0, 9, 1]], [[0, 0], [3, 1], [1, 1]]]
reward: 0.4226, Epoch: 253, params: 2414971, epoch_time: 48.2772, genotype: [[5, [1, 0, 6, 4], [2, 2, 3, 7], [7, 6, 6, 5]], [[0, 1], [0, 2], [2, 1]]]
reward: 0.4470, Epoch: 254, params: 1970011, epoch_time: 17.6545, genotype: [[8, [1, 0, 3, 0], [2, 2, 9, 4], [4, 2, 0, 3]], [[0, 2], [2, 3], [0, 2]]]
reward: 0.4590, Epoch: 255, params: 2273275, epoch_time: 42.7652, genotype: [[8, [0, 1, 7, 5], [2, 1, 10, 6], [2, 3, 6, 9]], [[1, 0], [2, 0], [2, 5]]]
reward: 0.4729, Epoch: 256, params: 2292571, epoch_time: 27.3668, genotype: [[3, [1, 1, 9, 2], [1, 3, 1, 7], [6, 7, 5, 6]], [[2, 3], [1, 0], [1, 0]]]
reward: 0.4749, Epoch: 257, params: 2503963, epoch_time: 36.2171, genotype: [[6, [0, 1, 10, 7], [1, 0, 1, 5], [5, 6, 6, 1]], [[1, 2], [0, 1], [1, 0]]]
reward: 0.4591, Epoch: 258, params: 2179675, epoch_time: 47.1623, genotype: [[5, [0, 0, 3, 9], [0, 0, 2, 4], [2, 1, 7, 5]], [[0, 0], [0, 2], [5, 0]]]
reward: 0.4744, Epoch: 259, params: 2426779, epoch_time: 25.7950, genotype: [[5, [0, 0, 3, 3], [3, 2, 6, 6], [7, 6, 1, 3]], [[2, 0], [2, 2], [3, 1]]]
reward: 0.4296, Epoch: 260, params: 2175067, epoch_time: 26.0133, genotype: [[1, [1, 0, 10, 0], [0, 1, 5, 2], [1, 5, 2, 7]], [[1, 0], [4, 0], [0, 3]]]
reward: 0.4745, Epoch: 261, params: 2093275, epoch_time: 18.4496, genotype: [[2, [1, 1, 2, 5], [3, 4, 3, 0], [0, 3, 7, 3]], [[1, 3], [2, 0], [2, 4]]]
reward: 0.4615, Epoch: 262, params: 2066491, epoch_time: 16.6432, genotype: [[10, [1, 0, 3, 2], [3, 3, 3, 10], [5, 5, 8, 5]], [[2, 2], [0, 2], [4, 1]]]
reward: 0.4415, Epoch: 263, params: 2092987, epoch_time: 19.1967, genotype: [[7, [1, 0, 0, 5], [1, 0, 3, 4], [2, 0, 7, 3]], [[1, 3], [2, 0], [3, 3]]]
reward: 0.5069, Epoch: 264, params: 2167579, epoch_time: 12.5627, genotype: [[1, [0, 0, 1, 7], [1, 0, 9, 9], [6, 2, 7, 3]], [[0, 1], [3, 2], [1, 1]]]
reward: 0.4795, Epoch: 265, params: 2174779, epoch_time: 28.7875, genotype: [[6, [0, 1, 5, 10], [3, 0, 0, 0], [4, 6, 7, 7]], [[2, 2], [3, 0], [0, 0]]]
reward: 0.4315, Epoch: 266, params: 2289979, epoch_time: 21.0769, genotype: [[6, [0, 0, 9, 1], [4, 0, 6, 7], [2, 1, 8, 0]], [[1, 2], [2, 2], [0, 1]]]
reward: 0.4695, Epoch: 267, params: 2182267, epoch_time: 25.1164, genotype: [[7, [1, 1, 6, 8], [3, 0, 9, 7], [6, 1, 2, 1]], [[3, 0], [2, 0], [4, 1]]]
reward: 0.4332, Epoch: 268, params: 2304667, epoch_time: 37.5901, genotype: [[7, [0, 0, 1, 6], [4, 3, 6, 2], [4, 6, 0, 8]], [[2, 0], [4, 1], [4, 0]]]
reward: 0.4130, Epoch: 269, params: 2095579, epoch_time: 27.7344, genotype: [[6, [1, 1, 3, 3], [3, 2, 7, 7], [5, 3, 2, 4]], [[0, 2], [2, 2], [0, 0]]]
reward: 0.3253, Epoch: 270, params: 2145979, epoch_time: 22.4489, genotype: [[7, [0, 0, 5, 3], [2, 0, 1, 9], [4, 2, 9, 10]], [[0, 3], [4, 2], [5, 3]]]
reward: 0.4450, Epoch: 271, params: 2052091, epoch_time: 16.1620, genotype: [[0, [0, 1, 9, 2], [0, 0, 0, 6], [2, 7, 9, 8]], [[1, 3], [3, 0], [1, 4]]]
reward: 0.4466, Epoch: 272, params: 2167291, epoch_time: 19.0806, genotype: [[10, [1, 0, 4, 9], [3, 0, 3, 1], [2, 1, 6, 3]], [[1, 1], [3, 2], [4, 0]]]
reward: 0.4113, Epoch: 273, params: 2143387, epoch_time: 27.7343, genotype: [[6, [0, 1, 7, 6], [3, 2, 9, 9], [7, 3, 0, 9]], [[0, 0], [1, 3], [1, 0]]]
reward: 0.4481, Epoch: 274, params: 2147995, epoch_time: 14.1075, genotype: [[9, [0, 0, 9, 9], [0, 2, 6, 3], [5, 6, 5, 0]], [[1, 3], [2, 1], [1, 2]]]
reward: 0.4805, Epoch: 275, params: 2522971, epoch_time: 34.7372, genotype: [[1, [0, 1, 5, 5], [2, 4, 1, 3], [1, 3, 0, 5]], [[0, 2], [2, 2], [1, 0]]]
reward: 0.4489, Epoch: 276, params: 2308987, epoch_time: 37.1873, genotype: [[1, [0, 1, 8, 0], [3, 1, 3, 6], [2, 6, 0, 6]], [[1, 0], [0, 3], [0, 0]]]
reward: 0.4169, Epoch: 277, params: 2069083, epoch_time: 24.5941, genotype: [[6, [0, 1, 2, 8], [0, 1, 4, 9], [1, 4, 2, 0]], [[1, 2], [0, 1], [4, 0]]]
reward: 0.4738, Epoch: 278, params: 2285371, epoch_time: 25.3024, genotype: [[1, [1, 1, 0, 5], [1, 0, 7, 7], [2, 5, 10, 5]], [[0, 0], [1, 2], [2, 1]]]
reward: 0.3492, Epoch: 279, params: 2071675, epoch_time: 12.2718, genotype: [[9, [1, 0, 3, 4], [0, 3, 7, 7], [6, 6, 2, 5]], [[1, 1], [4, 2], [1, 0]]]
reward: 0.4702, Epoch: 280, params: 2167291, epoch_time: 18.3878, genotype: [[5, [0, 1, 0, 9], [1, 1, 1, 0], [0, 2, 0, 0]], [[2, 2], [0, 2], [5, 1]]]
reward: 0.4236, Epoch: 281, params: 2422171, epoch_time: 19.8653, genotype: [[5, [1, 1, 8, 8], [1, 2, 2, 1], [0, 2, 6, 1]], [[2, 3], [2, 2], [3, 0]]]
reward: 0.4609, Epoch: 282, params: 2186587, epoch_time: 15.7406, genotype: [[1, [1, 1, 5, 8], [4, 0, 2, 3], [4, 4, 0, 10]], [[0, 1], [3, 3], [2, 2]]]
reward: 0.3761, Epoch: 283, params: 2294587, epoch_time: 37.0386, genotype: [[8, [0, 1, 6, 0], [1, 0, 9, 8], [4, 1, 5, 5]], [[1, 0], [1, 2], [0, 1]]]
reward: 0.4456, Epoch: 284, params: 2412955, epoch_time: 37.7245, genotype: [[6, [1, 1, 6, 6], [2, 0, 2, 5], [2, 4, 2, 2]], [[2, 3], [3, 0], [0, 3]]]
reward: 0.4648, Epoch: 285, params: 2100475, epoch_time: 19.9381, genotype: [[6, [0, 1, 2, 3], [2, 4, 7, 3], [7, 1, 3, 7]], [[1, 1], [1, 0], [4, 1]]]
reward: 0.4429, Epoch: 286, params: 2314171, epoch_time: 29.5786, genotype: [[5, [0, 0, 7, 1], [0, 3, 8, 7], [0, 0, 6, 8]], [[0, 3], [1, 3], [1, 0]]]
reward: 0.3609, Epoch: 287, params: 2145691, epoch_time: 7.0353, genotype: [[10, [1, 1, 9, 1], [3, 0, 0, 3], [2, 3, 5, 10]], [[2, 2], [2, 4], [1, 0]]]
reward: 0.4151, Epoch: 288, params: 1936603, epoch_time: 13.4269, genotype: [[10, [1, 0, 3, 0], [2, 4, 2, 9], [1, 2, 3, 9]], [[0, 1], [2, 1], [0, 0]]]
reward: 0.4634, Epoch: 289, params: 2018395, epoch_time: 21.2406, genotype: [[0, [1, 1, 9, 5], [3, 4, 7, 10], [4, 7, 10, 9]], [[1, 0], [0, 2], [0, 1]]]
reward: 0.4888, Epoch: 290, params: 2076283, epoch_time: 21.3953, genotype: [[8, [1, 0, 5, 2], [1, 0, 7, 0], [3, 6, 3, 10]], [[2, 3], [2, 0], [2, 5]]]
reward: 0.4788, Epoch: 291, params: 1929691, epoch_time: 11.0104, genotype: [[9, [0, 0, 7, 9], [0, 3, 3, 9], [4, 0, 2, 0]], [[2, 2], [0, 3], [2, 4]]]
reward: 0.4678, Epoch: 292, params: 2290267, epoch_time: 28.9162, genotype: [[3, [0, 0, 5, 7], [1, 0, 1, 9], [7, 4, 2, 6]], [[1, 2], [4, 0], [1, 0]]]
reward: 0.3755, Epoch: 293, params: 1929403, epoch_time: 18.8212, genotype: [[7, [1, 0, 3, 4], [0, 1, 10, 0], [4, 6, 9, 9]], [[1, 0], [0, 1], [0, 0]]]
reward: 0.3984, Epoch: 294, params: 2270971, epoch_time: 27.8015, genotype: [[10, [1, 1, 7, 2], [0, 2, 6, 1], [4, 2, 5, 9]], [[1, 0], [2, 1], [2, 0]]]
reward: 0.3945, Epoch: 295, params: 2059579, epoch_time: 17.5439, genotype: [[2, [0, 1, 9, 7], [1, 1, 5, 8], [4, 7, 2, 10]], [[1, 0], [1, 3], [1, 1]]]
reward: 0.4549, Epoch: 296, params: 1934299, epoch_time: 12.5261, genotype: [[2, [1, 1, 9, 3], [0, 2, 8, 9], [6, 1, 0, 9]], [[1, 2], [2, 0], [2, 5]]]
reward: 0.4657, Epoch: 297, params: 2251387, epoch_time: 50.0115, genotype: [[9, [0, 0, 10, 5], [0, 1, 5, 0], [5, 4, 6, 9]], [[0, 1], [0, 0], [0, 0]]]
reward: 0.4682, Epoch: 298, params: 2184283, epoch_time: 35.9702, genotype: [[2, [1, 1, 5, 4], [2, 0, 6, 3], [1, 2, 8, 10]], [[0, 0], [4, 3], [1, 3]]]
reward: 0.4739, Epoch: 299, params: 2073403, epoch_time: 24.1393, genotype: [[3, [1, 1, 3, 9], [0, 3, 8, 5], [0, 0, 9, 3]], [[1, 3], [2, 0], [0, 0]]]
reward: 0.4828, Epoch: 300, params: 1942075, epoch_time: 11.9593, genotype: [[2, [1, 0, 2, 0], [0, 0, 10, 7], [1, 5, 9, 7]], [[1, 2], [2, 3], [4, 0]]]
reward: 0.4700, Epoch: 301, params: 2201275, epoch_time: 29.4686, genotype: [[6, [1, 1, 5, 2], [3, 4, 8, 7], [0, 7, 3, 0]], [[2, 0], [2, 1], [0, 5]]]
reward: 0.0000, Epoch: 302, params: 2294587, epoch_time: 17.6960, genotype: [[10, [1, 1, 5, 6], [2, 2, 0, 6], [7, 4, 3, 3]], [[2, 2], [3, 1], [0, 0]]]
reward: 0.4920, Epoch: 303, params: 2023003, epoch_time: 22.2936, genotype: [[5, [1, 1, 8, 9], [1, 0, 9, 0], [6, 2, 9, 10]], [[0, 2], [0, 2], [0, 0]]]
reward: 0.4504, Epoch: 304, params: 2508571, epoch_time: 28.8341, genotype: [[5, [0, 1, 1, 5], [0, 4, 1, 9], [6, 0, 3, 1]], [[1, 0], [0, 3], [1, 3]]]
reward: 0.2316, Epoch: 305, params: 2095291, epoch_time: 13.0044, genotype: [[5, [1, 1, 0, 3], [3, 4, 7, 0], [4, 2, 8, 8]], [[2, 2], [3, 2], [5, 1]]]
reward: 0.4666, Epoch: 306, params: 2189179, epoch_time: 18.0292, genotype: [[9, [1, 1, 3, 5], [0, 4, 1, 7], [4, 6, 2, 3]], [[1, 2], [2, 2], [0, 1]]]
reward: 0.4601, Epoch: 307, params: 2275579, epoch_time: 29.2294, genotype: [[3, [0, 1, 2, 5], [1, 0, 5, 9], [1, 2, 1, 10]], [[0, 2], [3, 2], [0, 0]]]
reward: 0.4338, Epoch: 308, params: 2172187, epoch_time: 12.3830, genotype: [[1, [1, 0, 3, 9], [3, 4, 9, 5], [1, 5, 8, 2]], [[1, 2], [3, 1], [2, 3]]]
reward: 0.4844, Epoch: 309, params: 2297179, epoch_time: 27.6755, genotype: [[5, [1, 0, 9, 3], [0, 0, 2, 6], [6, 3, 3, 5]], [[1, 2], [1, 1], [3, 0]]]
reward: 0.4276, Epoch: 310, params: 2023291, epoch_time: 11.7992, genotype: [[10, [1, 0, 1, 9], [1, 1, 9, 8], [2, 0, 2, 9]], [[0, 0], [2, 2], [4, 0]]]
reward: 0.4641, Epoch: 311, params: 2066203, epoch_time: 16.7233, genotype: [[8, [0, 1, 10, 0], [2, 4, 3, 3], [1, 1, 9, 5]], [[1, 0], [2, 2], [2, 1]]]
reward: 0.4032, Epoch: 312, params: 2299771, epoch_time: 14.0044, genotype: [[5, [0, 0, 0, 0], [0, 4, 7, 6], [6, 0, 1, 2]], [[3, 2], [3, 2], [1, 1]]]
reward: 0.3830, Epoch: 313, params: 1946683, epoch_time: 10.4253, genotype: [[3, [1, 1, 10, 2], [2, 0, 0, 2], [5, 0, 9, 7]], [[1, 2], [2, 2], [5, 3]]]
reward: 0.4567, Epoch: 314, params: 2196091, epoch_time: 33.5063, genotype: [[6, [0, 0, 8, 3], [1, 2, 5, 3], [6, 7, 3, 9]], [[1, 1], [0, 3], [5, 0]]]
reward: 0.4310, Epoch: 315, params: 2415259, epoch_time: 43.5227, genotype: [[6, [0, 1, 6, 6], [3, 2, 2, 5], [6, 1, 3, 2]], [[1, 3], [2, 0], [4, 0]]]
reward: 0.4365, Epoch: 316, params: 2184571, epoch_time: 16.0567, genotype: [[5, [1, 0, 2, 2], [1, 0, 2, 3], [5, 1, 1, 9]], [[3, 0], [2, 2], [2, 2]]]
reward: 0.3949, Epoch: 317, params: 2047195, epoch_time: 22.7296, genotype: [[3, [1, 0, 9, 3], [2, 3, 9, 5], [6, 1, 2, 9]], [[1, 1], [1, 0], [0, 0]]]
reward: 0.4171, Epoch: 318, params: 2289979, epoch_time: 21.5218, genotype: [[5, [1, 1, 5, 3], [3, 0, 1, 2], [7, 2, 0, 10]], [[2, 3], [0, 1], [2, 1]]]
reward: 0.5227, Epoch: 319, params: 2181979, epoch_time: 15.8994, genotype: [[5, [0, 0, 2, 1], [0, 1, 0, 9], [1, 3, 7, 3]], [[2, 3], [2, 2], [0, 3]]]
reward: 0.4126, Epoch: 320, params: 1987291, epoch_time: 15.3350, genotype: [[2, [0, 0, 0, 8], [1, 4, 3, 2], [6, 7, 0, 3]], [[2, 2], [0, 2], [4, 0]]]
reward: 0.4688, Epoch: 321, params: 1965403, epoch_time: 14.6962, genotype: [[3, [1, 1, 0, 10], [2, 0, 0, 3], [4, 1, 7, 0]], [[1, 0], [2, 0], [1, 3]]]
reward: 0.4201, Epoch: 322, params: 2172187, epoch_time: 36.5070, genotype: [[3, [1, 0, 9, 2], [3, 1, 5, 3], [4, 6, 9, 6]], [[3, 0], [0, 3], [0, 0]]]
reward: 0.3862, Epoch: 323, params: 2169595, epoch_time: 10.6200, genotype: [[9, [0, 0, 0, 1], [3, 0, 1, 0], [5, 7, 0, 0]], [[1, 3], [3, 1], [2, 1]]]
reward: 0.4433, Epoch: 324, params: 2131291, epoch_time: 25.2825, genotype: [[8, [1, 0, 6, 9], [2, 3, 9, 9], [4, 7, 5, 10]], [[1, 2], [0, 2], [4, 0]]]
reward: 0.4608, Epoch: 325, params: 2169595, epoch_time: 36.7245, genotype: [[0, [1, 0, 8, 9], [1, 4, 5, 5], [1, 7, 10, 3]], [[3, 0], [0, 0], [2, 0]]]
reward: 0.4454, Epoch: 326, params: 2304379, epoch_time: 50.3190, genotype: [[5, [0, 1, 3, 0], [1, 3, 5, 6], [1, 4, 3, 0]], [[1, 0], [0, 1], [5, 4]]]
reward: 0.4838, Epoch: 327, params: 2314171, epoch_time: 19.8897, genotype: [[7, [1, 0, 2, 1], [0, 0, 1, 3], [7, 2, 5, 8]], [[2, 1], [0, 0], [3, 2]]]
reward: 0.3219, Epoch: 328, params: 2283067, epoch_time: 10.7553, genotype: [[1, [1, 0, 1, 9], [1, 0, 2, 2], [4, 2, 0, 1]], [[1, 3], [1, 4], [1, 2]]]
reward: 0.4308, Epoch: 329, params: 1977211, epoch_time: 13.6155, genotype: [[0, [0, 1, 3, 3], [2, 3, 9, 3], [6, 5, 0, 3]], [[1, 1], [0, 3], [1, 1]]]
reward: 0.4974, Epoch: 330, params: 2172187, epoch_time: 21.4131, genotype: [[2, [0, 0, 9, 1], [2, 0, 9, 8], [6, 5, 3, 5]], [[0, 3], [0, 2], [1, 1]]]
reward: 0.4361, Epoch: 331, params: 2025595, epoch_time: 18.7010, genotype: [[10, [1, 0, 8, 9], [4, 0, 5, 10], [0, 3, 2, 9]], [[1, 0], [3, 1], [0, 3]]]
reward: 0.4834, Epoch: 332, params: 2289979, epoch_time: 18.7193, genotype: [[1, [1, 0, 1, 0], [2, 1, 2, 6], [0, 6, 9, 3]], [[0, 0], [2, 1], [2, 2]]]
reward: 0.4538, Epoch: 333, params: 2289979, epoch_time: 23.2362, genotype: [[7, [1, 1, 0, 5], [3, 2, 10, 3], [7, 1, 5, 5]], [[1, 3], [3, 3], [3, 0]]]
reward: 0.4854, Epoch: 334, params: 2383579, epoch_time: 29.9714, genotype: [[5, [0, 0, 6, 9], [0, 0, 9, 6], [4, 1, 3, 1]], [[0, 0], [1, 3], [2, 1]]]
reward: 0.4493, Epoch: 335, params: 2068795, epoch_time: 12.8414, genotype: [[2, [0, 0, 3, 9], [2, 0, 3, 8], [1, 7, 1, 9]], [[2, 3], [1, 1], [0, 1]]]
reward: 0.4829, Epoch: 336, params: 2419579, epoch_time: 33.4966, genotype: [[3, [0, 1, 0, 1], [2, 2, 6, 5], [4, 3, 6, 8]], [[0, 2], [2, 2], [2, 0]]]
reward: 0.4969, Epoch: 337, params: 2167579, epoch_time: 16.1812, genotype: [[2, [1, 0, 9, 7], [3, 2, 5, 3], [0, 4, 1, 9]], [[2, 0], [3, 2], [1, 1]]]
reward: 0.3962, Epoch: 338, params: 2174491, epoch_time: 35.8628, genotype: [[9, [0, 1, 3, 10], [2, 3, 5, 6], [0, 6, 3, 3]], [[1, 0], [4, 1], [0, 3]]]
reward: 0.4453, Epoch: 339, params: 2405179, epoch_time: 53.8038, genotype: [[6, [1, 0, 3, 6], [0, 2, 10, 8], [6, 4, 5, 5]], [[0, 2], [0, 1], [0, 3]]]
reward: 0.4451, Epoch: 340, params: 1924795, epoch_time: 11.0279, genotype: [[9, [0, 1, 9, 7], [3, 4, 0, 9], [1, 6, 7, 0]], [[2, 3], [2, 2], [0, 0]]]
reward: 0.4978, Epoch: 341, params: 2198971, epoch_time: 28.5697, genotype: [[7, [1, 0, 0, 5], [3, 2, 2, 6], [4, 0, 2, 8]], [[1, 0], [2, 2], [0, 2]]]
reward: 0.4512, Epoch: 342, params: 2056987, epoch_time: 13.4967, genotype: [[9, [0, 0, 1, 3], [0, 1, 0, 2], [1, 7, 9, 7]], [[0, 3], [0, 2], [1, 3]]]
reward: 0.4792, Epoch: 343, params: 2311867, epoch_time: 37.5084, genotype: [[3, [0, 0, 2, 5], [4, 4, 3, 1], [4, 0, 2, 5]], [[0, 2], [0, 1], [4, 1]]]
reward: 0.4766, Epoch: 344, params: 2194363, epoch_time: 13.4536, genotype: [[7, [0, 0, 1, 1], [3, 3, 2, 2], [5, 6, 0, 2]], [[1, 2], [2, 2], [1, 0]]]
reward: 0.4736, Epoch: 345, params: 2210779, epoch_time: 33.6978, genotype: [[2, [1, 1, 3, 7], [1, 4, 8, 5], [7, 2, 5, 8]], [[2, 1], [0, 2], [0, 0]]]
reward: 0.4156, Epoch: 346, params: 2398267, epoch_time: 44.4202, genotype: [[5, [1, 0, 3, 5], [1, 0, 9, 5], [2, 7, 6, 2]], [[0, 1], [3, 1], [5, 0]]]
reward: 0.4444, Epoch: 347, params: 2150587, epoch_time: 28.7729, genotype: [[3, [0, 1, 6, 9], [3, 0, 10, 5], [2, 1, 10, 2]], [[3, 0], [1, 3], [0, 0]]]
reward: 0.4910, Epoch: 348, params: 1980091, epoch_time: 12.8163, genotype: [[2, [0, 1, 0, 0], [1, 0, 7, 0], [6, 5, 8, 8]], [[1, 0], [2, 2], [2, 5]]]
reward: 0.4995, Epoch: 349, params: 2097595, epoch_time: 17.6748, genotype: [[0, [1, 0, 2, 0], [2, 2, 5, 3], [4, 1, 3, 3]], [[1, 0], [1, 2], [2, 2]]]
reward: 0.4799, Epoch: 350, params: 2292571, epoch_time: 42.8568, genotype: [[6, [1, 1, 6, 7], [0, 0, 6, 3], [1, 6, 10, 7]], [[1, 0], [2, 0], [2, 0]]]
reward: 0.4159, Epoch: 351, params: 2181979, epoch_time: 13.4277, genotype: [[0, [1, 1, 7, 2], [2, 2, 3, 5], [4, 7, 9, 5]], [[1, 3], [3, 3], [2, 1]]]
reward: 0.4910, Epoch: 352, params: 2415259, epoch_time: 26.8866, genotype: [[7, [0, 1, 7, 5], [4, 2, 1, 3], [4, 0, 6, 5]], [[1, 2], [2, 4], [0, 3]]]
reward: 0.4920, Epoch: 353, params: 2206171, epoch_time: 22.2922, genotype: [[7, [1, 1, 3, 8], [0, 2, 5, 7], [7, 2, 7, 1]], [[2, 0], [0, 2], [1, 3]]]
reward: 0.4288, Epoch: 354, params: 2179675, epoch_time: 41.9478, genotype: [[9, [1, 0, 6, 2], [0, 1, 6, 7], [2, 3, 4, 8]], [[1, 0], [0, 3], [4, 4]]]
reward: 0.4684, Epoch: 355, params: 1977211, epoch_time: 16.7110, genotype: [[0, [0, 1, 9, 3], [4, 0, 4, 8], [0, 7, 3, 8]], [[0, 0], [2, 2], [3, 1]]]
reward: 0.4228, Epoch: 356, params: 2102491, epoch_time: 23.5561, genotype: [[2, [1, 0, 3, 0], [1, 0, 3, 6], [0, 2, 8, 8]], [[2, 1], [0, 1], [1, 5]]]
reward: 0.4377, Epoch: 357, params: 2201563, epoch_time: 39.6286, genotype: [[2, [0, 1, 3, 6], [3, 1, 7, 2], [4, 4, 2, 5]], [[0, 0], [3, 0], [1, 0]]]
reward: 0.4669, Epoch: 358, params: 2301787, epoch_time: 40.9072, genotype: [[3, [1, 0, 6, 5], [3, 0, 3, 9], [2, 4, 3, 5]], [[1, 2], [3, 0], [0, 0]]]
reward: 0.4288, Epoch: 359, params: 2081179, epoch_time: 23.7009, genotype: [[2, [0, 1, 3, 7], [1, 2, 9, 2], [5, 7, 5, 3]], [[1, 0], [2, 2], [0, 0]]]
reward: 0.4798, Epoch: 360, params: 2061883, epoch_time: 24.5714, genotype: [[7, [1, 1, 0, 2], [2, 1, 0, 5], [2, 1, 10, 0]], [[0, 0], [2, 0], [5, 2]]]
reward: 0.4662, Epoch: 361, params: 1927387, epoch_time: 10.9997, genotype: [[9, [1, 0, 9, 9], [2, 0, 0, 7], [1, 2, 7, 7]], [[1, 1], [2, 3], [2, 0]]]
reward: 0.4868, Epoch: 362, params: 2236987, epoch_time: 22.9595, genotype: [[5, [1, 0, 9, 9], [3, 0, 5, 9], [2, 2, 6, 9]], [[2, 3], [2, 0], [1, 1]]]
reward: 0.4040, Epoch: 363, params: 2177371, epoch_time: 11.8911, genotype: [[7, [0, 0, 1, 0], [0, 0, 7, 2], [6, 7, 10, 6]], [[3, 3], [2, 2], [2, 1]]]
reward: 0.4651, Epoch: 364, params: 2184571, epoch_time: 28.2133, genotype: [[9, [0, 1, 5, 8], [0, 3, 7, 5], [7, 6, 7, 7]], [[2, 1], [2, 0], [0, 2]]]
reward: 0.4341, Epoch: 365, params: 2069083, epoch_time: 25.2742, genotype: [[7, [0, 0, 0, 6], [0, 2, 0, 2], [2, 0, 9, 3]], [[0, 0], [0, 3], [3, 4]]]
reward: 0.4750, Epoch: 366, params: 2405179, epoch_time: 35.7634, genotype: [[1, [1, 0, 5, 6], [3, 1, 10, 3], [6, 4, 3, 6]], [[2, 1], [2, 0], [0, 3]]]
reward: 0.4424, Epoch: 367, params: 2191483, epoch_time: 22.6398, genotype: [[3, [1, 1, 3, 8], [4, 1, 10, 7], [4, 3, 6, 1]], [[1, 1], [0, 2], [1, 5]]]
reward: 0.4688, Epoch: 368, params: 2203291, epoch_time: 33.6985, genotype: [[0, [0, 1, 0, 5], [2, 2, 3, 3], [4, 4, 8, 5]], [[1, 1], [0, 0], [3, 5]]]
reward: 0.3910, Epoch: 369, params: 2198683, epoch_time: 14.1072, genotype: [[3, [0, 0, 3, 7], [1, 1, 0, 1], [4, 2, 6, 0]], [[1, 3], [1, 2], [1, 4]]]
reward: 0.4726, Epoch: 370, params: 2152891, epoch_time: 29.8226, genotype: [[3, [0, 0, 9, 6], [2, 0, 5, 9], [0, 4, 8, 9]], [[0, 0], [2, 1], [0, 5]]]
reward: 0.3717, Epoch: 371, params: 2297179, epoch_time: 24.8308, genotype: [[3, [0, 1, 9, 6], [0, 4, 7, 8], [5, 4, 6, 6]], [[0, 2], [0, 0], [1, 3]]]
reward: 0.5066, Epoch: 372, params: 2302363, epoch_time: 33.3180, genotype: [[6, [0, 0, 1, 7], [2, 0, 5, 2], [4, 3, 0, 7]], [[0, 2], [2, 0], [0, 3]]]
reward: 0.4784, Epoch: 373, params: 2378971, epoch_time: 25.6720, genotype: [[9, [0, 0, 6, 5], [1, 0, 1, 10], [4, 7, 7, 1]], [[0, 2], [0, 1], [2, 3]]]
reward: 0.4148, Epoch: 374, params: 2138491, epoch_time: 23.4259, genotype: [[4, [0, 0, 9, 5], [2, 0, 10, 0], [4, 1, 6, 9]], [[1, 1], [4, 3], [0, 4]]]
reward: 0.4537, Epoch: 375, params: 2083195, epoch_time: 24.2927, genotype: [[0, [1, 0, 8, 7], [0, 4, 5, 3], [4, 6, 8, 9]], [[1, 0], [0, 0], [1, 3]]]
reward: 0.4361, Epoch: 376, params: 2309563, epoch_time: 25.3561, genotype: [[2, [1, 0, 5, 5], [3, 2, 7, 2], [6, 3, 3, 1]], [[2, 2], [0, 0], [1, 2]]]
reward: 0.4299, Epoch: 377, params: 2306971, epoch_time: 15.7018, genotype: [[0, [0, 0, 1, 3], [1, 2, 7, 5], [7, 3, 7, 5]], [[2, 2], [1, 2], [1, 1]]]
reward: 0.4705, Epoch: 378, params: 2071387, epoch_time: 18.7216, genotype: [[5, [1, 1, 3, 10], [0, 4, 0, 2], [4, 2, 7, 4]], [[2, 2], [2, 1], [2, 0]]]
reward: 0.3472, Epoch: 379, params: 2321083, epoch_time: 45.2746, genotype: [[8, [1, 0, 3, 6], [2, 2, 6, 5], [1, 5, 8, 8]], [[0, 0], [3, 2], [4, 0]]]
reward: 0.4229, Epoch: 380, params: 2071675, epoch_time: 25.1985, genotype: [[5, [0, 0, 9, 3], [2, 0, 2, 7], [1, 4, 7, 0]], [[1, 0], [0, 3], [4, 1]]]
reward: 0.4526, Epoch: 381, params: 2251675, epoch_time: 22.8564, genotype: [[1, [1, 0, 9, 6], [3, 4, 9, 9], [4, 3, 1, 2]], [[2, 0], [0, 0], [5, 2]]]
reward: 0.4679, Epoch: 382, params: 2292571, epoch_time: 23.1831, genotype: [[9, [1, 0, 1, 3], [2, 1, 5, 1], [7, 3, 2, 7]], [[1, 3], [2, 0], [0, 0]]]
reward: 0.4414, Epoch: 383, params: 2175067, epoch_time: 17.3736, genotype: [[1, [0, 0, 5, 7], [2, 1, 2, 4], [6, 4, 10, 7]], [[2, 2], [4, 2], [2, 0]]]
reward: 0.4517, Epoch: 384, params: 2150587, epoch_time: 20.2922, genotype: [[9, [1, 1, 6, 3], [0, 0, 7, 9], [4, 7, 5, 10]], [[0, 3], [1, 2], [1, 3]]]
reward: 0.3636, Epoch: 385, params: 2419867, epoch_time: 17.7133, genotype: [[8, [1, 1, 7, 3], [2, 4, 1, 6], [1, 4, 1, 6]], [[2, 0], [3, 4], [2, 1]]]
reward: 0.4623, Epoch: 386, params: 2059291, epoch_time: 14.7673, genotype: [[8, [0, 0, 0, 9], [1, 3, 2, 3], [5, 4, 1, 10]], [[2, 0], [0, 2], [2, 5]]]
reward: 0.4678, Epoch: 387, params: 2104795, epoch_time: 17.8581, genotype: [[7, [1, 0, 3, 0], [0, 1, 5, 3], [0, 3, 8, 3]], [[3, 3], [2, 0], [3, 1]]]
reward: 0.4526, Epoch: 388, params: 2412667, epoch_time: 43.8176, genotype: [[5, [1, 1, 5, 3], [0, 0, 6, 0], [5, 7, 2, 1]], [[2, 0], [2, 0], [2, 5]]]
reward: 0.4771, Epoch: 389, params: 2147995, epoch_time: 20.9261, genotype: [[9, [1, 1, 9, 3], [2, 0, 1, 0], [0, 4, 5, 9]], [[0, 0], [3, 0], [2, 1]]]
reward: 0.4165, Epoch: 390, params: 2087803, epoch_time: 12.8386, genotype: [[5, [1, 0, 3, 0], [1, 4, 3, 3], [7, 1, 3, 9]], [[2, 2], [1, 2], [1, 3]]]
reward: 0.4766, Epoch: 391, params: 2100187, epoch_time: 25.3091, genotype: [[7, [1, 0, 3, 3], [3, 0, 5, 0], [4, 2, 7, 3]], [[0, 0], [0, 2], [1, 1]]]
reward: 0.4542, Epoch: 392, params: 2064187, epoch_time: 16.1951, genotype: [[2, [1, 0, 7, 1], [2, 0, 10, 3], [6, 1, 9, 3]], [[1, 2], [0, 0], [0, 0]]]
reward: 0.4733, Epoch: 393, params: 2030203, epoch_time: 17.7083, genotype: [[9, [0, 0, 0, 9], [1, 3, 9, 0], [1, 1, 0, 5]], [[2, 1], [2, 0], [2, 0]]]
reward: 0.5130, Epoch: 394, params: 2253979, epoch_time: 24.7475, genotype: [[5, [1, 0, 9, 5], [3, 2, 7, 9], [5, 3, 1, 10]], [[1, 0], [0, 2], [3, 2]]]
reward: 0.4625, Epoch: 395, params: 2398267, epoch_time: 36.0299, genotype: [[5, [1, 0, 6, 7], [2, 0, 9, 1], [7, 0, 5, 3]], [[2, 1], [2, 0], [0, 4]]]
reward: 0.4563, Epoch: 396, params: 2292571, epoch_time: 23.1033, genotype: [[6, [1, 1, 2, 9], [3, 4, 2, 8], [6, 2, 1, 5]], [[1, 1], [2, 1], [1, 0]]]
reward: 0.4081, Epoch: 397, params: 1984699, epoch_time: 14.5209, genotype: [[8, [1, 1, 2, 3], [3, 3, 3, 9], [1, 4, 8, 8]], [[1, 2], [4, 1], [4, 0]]]
reward: 0.4300, Epoch: 398, params: 2083195, epoch_time: 17.9766, genotype: [[3, [1, 0, 4, 1], [0, 1, 3, 2], [4, 0, 9, 3]], [[2, 0], [2, 0], [2, 2]]]
reward: 0.3642, Epoch: 399, params: 2193787, epoch_time: 13.2686, genotype: [[6, [1, 1, 7, 8], [2, 4, 10, 8], [4, 6, 5, 3]], [[2, 2], [2, 2], [3, 1]]]
